Loading cleaned corpus …
  1484 docs × 1500w  (35 authors)

Building stylometric feature matrix …
  feature cache hit -> src\kmeans\cache\cleaned_35\918ad2799348ece9.npz

ARI sweep: 15 docs/author at every K
  K in [2, 4, 6, 8, 10, 12], 100 Trials per K
    K= 2: group pool=595, 15 docs/author (total=30)
    K= 4: group pool=52360, 15 docs/author (total=60)
    K= 6: group pool=1623160, 15 docs/author (total=90)
    K= 8: group pool=23535820, 15 docs/author (total=120)
    K=10: group pool=183579396, 15 docs/author (total=150)
    K=12: group pool=834451800, 15 docs/author (total=180)
  KMeans: init='k-means++', n_init=10
  K= 2  trial   1/100  ARI=+1.000  n_docs= 30  authors=['eliezer_yudkowsky', 'nunosempere']
  K= 2  trial   2/100  ARI=+0.042  n_docs= 30  authors=['elizabeth-1', 'kaj_sotala']
  K= 2  trial   3/100  ARI=+0.009  n_docs= 30  authors=['holdenkarnofsky', 'lukeprog']
  K= 2  trial   4/100  ARI=+0.628  n_docs= 30  authors=['jasoncrawford', 'zvi']
  K= 2  trial   5/100  ARI=+0.045  n_docs= 30  authors=['so8res', 'tsvibt']
  K= 2  trial   6/100  ARI=+0.000  n_docs= 30  authors=['jacob-falkovich', 'scottalexander']
  K= 2  trial   7/100  ARI=+1.000  n_docs= 30  authors=['nunosempere', 'ruby']
  K= 2  trial   8/100  ARI=+0.028  n_docs= 30  authors=['jessica-liu-taylor', 'ricraz']
  K= 2  trial   9/100  ARI=+1.000  n_docs= 30  authors=['abramdemski', 'david-gross']
  K= 2  trial  10/100  ARI=+0.198  n_docs= 30  authors=['benito', 'johnswentworth']
  K= 2  trial  11/100  ARI=+0.265  n_docs= 30  authors=['kaj_sotala', 'screwtape']
  K= 2  trial  12/100  ARI=+0.131  n_docs= 30  authors=['benito', 'benquo']
  K= 2  trial  13/100  ARI=-0.009  n_docs= 30  authors=['benito', 'elizabeth-1']
  K= 2  trial  14/100  ARI=+0.085  n_docs= 30  authors=['jessica-liu-taylor', 'lukeprog']
  K= 2  trial  15/100  ARI=+0.867  n_docs= 30  authors=['eliezer_yudkowsky', 'jan_kulveit']
  K= 2  trial  16/100  ARI=-0.009  n_docs= 30  authors=['benito', 'philh']
  K= 2  trial  17/100  ARI=+0.339  n_docs= 30  authors=['raemon', 'ricraz']
  K= 2  trial  18/100  ARI=+0.521  n_docs= 30  authors=['elizabeth-1', 'jasoncrawford']
  K= 2  trial  19/100  ARI=+0.190  n_docs= 30  authors=['kaj_sotala', 'ruby']
  K= 2  trial  20/100  ARI=+0.000  n_docs= 30  authors=['abramdemski', 'zack_m_davis']
  K= 2  trial  21/100  ARI=+0.867  n_docs= 30  authors=['philh', 'ryan_greenblatt']
  K= 2  trial  22/100  ARI=+0.742  n_docs= 30  authors=['jasoncrawford', 'petermccluskey']
  K= 2  trial  23/100  ARI=+1.000  n_docs= 30  authors=['abramdemski', 'petermccluskey']
  K= 2  trial  24/100  ARI=+0.009  n_docs= 30  authors=['lukeprog', 'tsvibt']
  K= 2  trial  25/100  ARI=+0.867  n_docs= 30  authors=['benito', 'jasoncrawford']
  K= 2  trial  26/100  ARI=+0.000  n_docs= 30  authors=['scottalexander', 'zvi']
  K= 2  trial  27/100  ARI=+1.000  n_docs= 30  authors=['elizabeth-1', 'petermccluskey']
  K= 2  trial  28/100  ARI=+0.194  n_docs= 30  authors=['holdenkarnofsky', 'kaj_sotala']
  K= 2  trial  29/100  ARI=+0.337  n_docs= 30  authors=['adamshimi', 'zack_m_davis']
  K= 2  trial  30/100  ARI=+0.425  n_docs= 30  authors=['ruby', 'so8res']
  K= 2  trial  31/100  ARI=-0.025  n_docs= 30  authors=['elizabeth-1', 'ruby']
  K= 2  trial  32/100  ARI=+0.742  n_docs= 30  authors=['benquo', 'philh']
  K= 2  trial  33/100  ARI=+0.056  n_docs= 30  authors=['eliezer_yudkowsky', 'gordon-seidoh-worley']
  K= 2  trial  34/100  ARI=+0.742  n_docs= 30  authors=['lukeprog', 'ryan_greenblatt']
  K= 2  trial  35/100  ARI=+0.338  n_docs= 30  authors=['jan_kulveit', 'kaj_sotala']
  K= 2  trial  36/100  ARI=+0.867  n_docs= 30  authors=['adamshimi', 'screwtape']
  K= 2  trial  37/100  ARI=+0.742  n_docs= 30  authors=['gordon-seidoh-worley', 'lukeprog']
  K= 2  trial  38/100  ARI=+0.341  n_docs= 30  authors=['abramdemski', 'benito']
  K= 2  trial  39/100  ARI=+0.867  n_docs= 30  authors=['nunosempere', 'raemon']
  K= 2  trial  40/100  ARI=+0.056  n_docs= 30  authors=['eliezer_yudkowsky', 'screwtape']
  K= 2  trial  41/100  ARI=+0.141  n_docs= 30  authors=['lukeprog', 'nunosempere']
  K= 2  trial  42/100  ARI=-0.008  n_docs= 30  authors=['scottalexander', 'screwtape']
  K= 2  trial  43/100  ARI=+1.000  n_docs= 30  authors=['buck', 'david-gross']
  K= 2  trial  44/100  ARI=+0.341  n_docs= 30  authors=['holdenkarnofsky', 'philh']
  K= 2  trial  45/100  ARI=+0.009  n_docs= 30  authors=['katjagrace', 'lukeprog']
  K= 2  trial  46/100  ARI=+0.425  n_docs= 30  authors=['elizabeth-1', 'turntrout']
  K= 2  trial  47/100  ARI=-0.017  n_docs= 30  authors=['gordon-seidoh-worley', 'kaj_sotala']
  K= 2  trial  48/100  ARI=+0.627  n_docs= 30  authors=['jasoncrawford', 'sarahconstantin']
  K= 2  trial  49/100  ARI=+0.339  n_docs= 30  authors=['katjagrace', 'sarahconstantin']
  K= 2  trial  50/100  ARI=+0.002  n_docs= 30  authors=['buck', 'johnswentworth']
  K= 2  trial  51/100  ARI=+0.262  n_docs= 30  authors=['jacob-falkovich', 'johnswentworth']
  K= 2  trial  52/100  ARI=+0.742  n_docs= 30  authors=['katjagrace', 'steve2152']
  K= 2  trial  53/100  ARI=+1.000  n_docs= 30  authors=['petermccluskey', 'screwtape']
  K= 2  trial  54/100  ARI=+0.425  n_docs= 30  authors=['eliezer_yudkowsky', 'jasoncrawford']
  K= 2  trial  55/100  ARI=+0.867  n_docs= 30  authors=['gordon-seidoh-worley', 'petermccluskey']
  K= 2  trial  56/100  ARI=+0.427  n_docs= 30  authors=['jan_kulveit', 'petermccluskey']
  K= 2  trial  57/100  ARI=+0.521  n_docs= 30  authors=['eliezer_yudkowsky', 'elizabeth-1']
  K= 2  trial  58/100  ARI=+0.341  n_docs= 30  authors=['benquo', 'tsvibt']
  K= 2  trial  59/100  ARI=+0.000  n_docs= 30  authors=['screwtape', 'steve2152']
  K= 2  trial  60/100  ARI=+1.000  n_docs= 30  authors=['holdenkarnofsky', 'petermccluskey']
  K= 2  trial  61/100  ARI=+0.341  n_docs= 30  authors=['ruby', 'zvi']
  K= 2  trial  62/100  ARI=+0.056  n_docs= 30  authors=['abramdemski', 'johnswentworth']
  K= 2  trial  63/100  ARI=+0.867  n_docs= 30  authors=['kaj_sotala', 'zvi']
  K= 2  trial  64/100  ARI=+0.192  n_docs= 30  authors=['jan_kulveit', 'tsvibt']
  K= 2  trial  65/100  ARI=+1.000  n_docs= 30  authors=['katjagrace', 'ryan_greenblatt']
  K= 2  trial  66/100  ARI=+0.089  n_docs= 30  authors=['joe-carlsmith', 'zack_m_davis']
  K= 2  trial  67/100  ARI=+0.009  n_docs= 30  authors=['holdenkarnofsky', 'scottalexander']
  K= 2  trial  68/100  ARI=+1.000  n_docs= 30  authors=['david-gross', 'steve2152']
  K= 2  trial  69/100  ARI=+0.867  n_docs= 30  authors=['philh', 'zvi']
  K= 2  trial  70/100  ARI=+0.867  n_docs= 30  authors=['nunosempere', 'sarahconstantin']
  K= 2  trial  71/100  ARI=+0.011  n_docs= 30  authors=['benito', 'screwtape']
  K= 2  trial  72/100  ARI=+0.628  n_docs= 30  authors=['david-gross', 'turntrout']
  K= 2  trial  73/100  ARI=+0.867  n_docs= 30  authors=['adamshimi', 'ryan_greenblatt']
  K= 2  trial  74/100  ARI=+0.009  n_docs= 30  authors=['eliezer_yudkowsky', 'so8res']
  K= 2  trial  75/100  ARI=+0.009  n_docs= 30  authors=['david-gross', 'jacob-falkovich']
  K= 2  trial  76/100  ARI=+0.427  n_docs= 30  authors=['johnswentworth', 'philh']
  K= 2  trial  77/100  ARI=+0.198  n_docs= 30  authors=['abramdemski', 'so8res']
  K= 2  trial  78/100  ARI=+0.522  n_docs= 30  authors=['elizabeth-1', 'jan_kulveit']
  K= 2  trial  79/100  ARI=+0.009  n_docs= 30  authors=['buck', 'joe-carlsmith']
  K= 2  trial  80/100  ARI=+0.341  n_docs= 30  authors=['jan_kulveit', 'nunosempere']
  K= 2  trial  81/100  ARI=+0.000  n_docs= 30  authors=['holdenkarnofsky', 'zack_m_davis']
  K= 2  trial  82/100  ARI=+0.337  n_docs= 30  authors=['eliezer_yudkowsky', 'philh']
  K= 2  trial  83/100  ARI=+0.522  n_docs= 30  authors=['holdenkarnofsky', 'jasoncrawford']
  K= 2  trial  84/100  ARI=+0.867  n_docs= 30  authors=['gordon-seidoh-worley', 'zvi']
  K= 2  trial  85/100  ARI=+0.141  n_docs= 30  authors=['jessica-liu-taylor', 'raemon']
  K= 2  trial  86/100  ARI=+0.016  n_docs= 30  authors=['ricraz', 'turntrout']
  K= 2  trial  87/100  ARI=+0.522  n_docs= 30  authors=['jasoncrawford', 'so8res']
  K= 2  trial  88/100  ARI=+0.085  n_docs= 30  authors=['jessica-liu-taylor', 'so8res']
  K= 2  trial  89/100  ARI=+0.056  n_docs= 30  authors=['jessica-liu-taylor', 'nunosempere']
  K= 2  trial  90/100  ARI=+0.867  n_docs= 30  authors=['david-gross', 'elizabeth-1']
  K= 2  trial  91/100  ARI=+0.000  n_docs= 30  authors=['gordon-seidoh-worley', 'zack_m_davis']
  K= 2  trial  92/100  ARI=+1.000  n_docs= 30  authors=['johnswentworth', 'petermccluskey']
  K= 2  trial  93/100  ARI=+0.742  n_docs= 30  authors=['gordon-seidoh-worley', 'philh']
  K= 2  trial  94/100  ARI=+0.056  n_docs= 30  authors=['johnswentworth', 'sarahconstantin']
  K= 2  trial  95/100  ARI=+0.000  n_docs= 30  authors=['david-gross', 'ricraz']
  K= 2  trial  96/100  ARI=+0.522  n_docs= 30  authors=['katjagrace', 'zvi']
  K= 2  trial  97/100  ARI=+0.521  n_docs= 30  authors=['kaj_sotala', 'philh']
  K= 2  trial  98/100  ARI=+0.082  n_docs= 30  authors=['elizabeth-1', 'raemon']
  K= 2  trial  99/100  ARI=+0.000  n_docs= 30  authors=['holdenkarnofsky', 'raemon']
  K= 2  trial 100/100  ARI=+0.000  n_docs= 30  authors=['eliezer_yudkowsky', 'tsvibt']
  K= 4  trial   1/100  ARI=+0.277  n_docs= 60  authors=['abramdemski', 'benito', 'jacob-falkovich', 'so8res']
  K= 4  trial   2/100  ARI=+0.224  n_docs= 60  authors=['abramdemski', 'david-gross', 'eliezer_yudkowsky', 'johnswentworth']
  K= 4  trial   3/100  ARI=+0.407  n_docs= 60  authors=['elizabeth-1', 'gordon-seidoh-worley', 'jasoncrawford', 'lukeprog']
  K= 4  trial   4/100  ARI=+0.252  n_docs= 60  authors=['jacob-falkovich', 'lukeprog', 'so8res', 'zvi']
  K= 4  trial   5/100  ARI=+0.540  n_docs= 60  authors=['petermccluskey', 'ricraz', 'ruby', 'zack_m_davis']
  K= 4  trial   6/100  ARI=+0.550  n_docs= 60  authors=['adamshimi', 'joe-carlsmith', 'katjagrace', 'raemon']
  K= 4  trial   7/100  ARI=+0.188  n_docs= 60  authors=['buck', 'holdenkarnofsky', 'kaj_sotala', 'tsvibt']
  K= 4  trial   8/100  ARI=+0.139  n_docs= 60  authors=['benito', 'buck', 'philh', 'so8res']
  K= 4  trial   9/100  ARI=+0.285  n_docs= 60  authors=['david-gross', 'ruby', 'screwtape', 'so8res']
  K= 4  trial  10/100  ARI=+0.355  n_docs= 60  authors=['jacob-falkovich', 'philh', 'raemon', 'scottalexander']
  K= 4  trial  11/100  ARI=+0.432  n_docs= 60  authors=['abramdemski', 'buck', 'scottalexander', 'screwtape']
  K= 4  trial  12/100  ARI=+0.426  n_docs= 60  authors=['eliezer_yudkowsky', 'gordon-seidoh-worley', 'jan_kulveit', 'petermccluskey']
  K= 4  trial  13/100  ARI=+0.094  n_docs= 60  authors=['benquo', 'jasoncrawford', 'ricraz', 'tsvibt']
  K= 4  trial  14/100  ARI=+0.521  n_docs= 60  authors=['benito', 'eliezer_yudkowsky', 'johnswentworth', 'nunosempere']
  K= 4  trial  15/100  ARI=+0.396  n_docs= 60  authors=['buck', 'gordon-seidoh-worley', 'kaj_sotala', 'petermccluskey']
  K= 4  trial  16/100  ARI=+0.348  n_docs= 60  authors=['buck', 'gordon-seidoh-worley', 'holdenkarnofsky', 'jacob-falkovich']
  K= 4  trial  17/100  ARI=+0.380  n_docs= 60  authors=['jessica-liu-taylor', 'raemon', 'ryan_greenblatt', 'turntrout']
  K= 4  trial  18/100  ARI=+0.361  n_docs= 60  authors=['buck', 'kaj_sotala', 'raemon', 'tsvibt']
  K= 4  trial  19/100  ARI=+0.183  n_docs= 60  authors=['eliezer_yudkowsky', 'ricraz', 'screwtape', 'turntrout']
  K= 4  trial  20/100  ARI=+0.046  n_docs= 60  authors=['benito', 'benquo', 'buck', 'zack_m_davis']
  K= 4  trial  21/100  ARI=+0.254  n_docs= 60  authors=['adamshimi', 'benito', 'holdenkarnofsky', 'zack_m_davis']
  K= 4  trial  22/100  ARI=+0.207  n_docs= 60  authors=['elizabeth-1', 'holdenkarnofsky', 'jacob-falkovich', 'kaj_sotala']
  K= 4  trial  23/100  ARI=+0.303  n_docs= 60  authors=['jessica-liu-taylor', 'johnswentworth', 'philh', 'zvi']
  K= 4  trial  24/100  ARI=+0.322  n_docs= 60  authors=['adamshimi', 'holdenkarnofsky', 'jasoncrawford', 'ryan_greenblatt']
  K= 4  trial  25/100  ARI=+0.221  n_docs= 60  authors=['elizabeth-1', 'lukeprog', 'ricraz', 'screwtape']
  K= 4  trial  26/100  ARI=+0.473  n_docs= 60  authors=['gordon-seidoh-worley', 'scottalexander', 'steve2152', 'turntrout']
  K= 4  trial  27/100  ARI=+0.216  n_docs= 60  authors=['benito', 'jasoncrawford', 'philh', 'scottalexander']
  K= 4  trial  28/100  ARI=+0.154  n_docs= 60  authors=['jacob-falkovich', 'kaj_sotala', 'ruby', 'turntrout']
  K= 4  trial  29/100  ARI=+0.293  n_docs= 60  authors=['benito', 'buck', 'joe-carlsmith', 'turntrout']
  K= 4  trial  30/100  ARI=+0.266  n_docs= 60  authors=['david-gross', 'jessica-liu-taylor', 'katjagrace', 'turntrout']
  K= 4  trial  31/100  ARI=+0.141  n_docs= 60  authors=['johnswentworth', 'kaj_sotala', 'lukeprog', 'ricraz']
  K= 4  trial  32/100  ARI=+0.420  n_docs= 60  authors=['joe-carlsmith', 'lukeprog', 'ryan_greenblatt', 'so8res']
  K= 4  trial  33/100  ARI=+0.219  n_docs= 60  authors=['eliezer_yudkowsky', 'kaj_sotala', 'nunosempere', 'sarahconstantin']
  K= 4  trial  34/100  ARI=+0.230  n_docs= 60  authors=['buck', 'joe-carlsmith', 'katjagrace', 'raemon']
  K= 4  trial  35/100  ARI=+0.345  n_docs= 60  authors=['gordon-seidoh-worley', 'ricraz', 'zack_m_davis', 'zvi']
  K= 4  trial  36/100  ARI=+0.146  n_docs= 60  authors=['elizabeth-1', 'ruby', 'ryan_greenblatt', 'so8res']
  K= 4  trial  37/100  ARI=+0.058  n_docs= 60  authors=['adamshimi', 'jacob-falkovich', 'lukeprog', 'ruby']
  K= 4  trial  38/100  ARI=+0.109  n_docs= 60  authors=['benquo', 'jasoncrawford', 'kaj_sotala', 'zack_m_davis']
  K= 4  trial  39/100  ARI=+0.203  n_docs= 60  authors=['abramdemski', 'adamshimi', 'gordon-seidoh-worley', 'kaj_sotala']
  K= 4  trial  40/100  ARI=+0.307  n_docs= 60  authors=['benquo', 'jacob-falkovich', 'katjagrace', 'philh']
  K= 4  trial  41/100  ARI=+0.260  n_docs= 60  authors=['jessica-liu-taylor', 'ryan_greenblatt', 'so8res', 'zvi']
  K= 4  trial  42/100  ARI=+0.137  n_docs= 60  authors=['benquo', 'jasoncrawford', 'ruby', 'sarahconstantin']
  K= 4  trial  43/100  ARI=+0.390  n_docs= 60  authors=['johnswentworth', 'kaj_sotala', 'raemon', 'scottalexander']
  K= 4  trial  44/100  ARI=+0.191  n_docs= 60  authors=['kaj_sotala', 'lukeprog', 'nunosempere', 'tsvibt']
  K= 4  trial  45/100  ARI=+0.033  n_docs= 60  authors=['ricraz', 'ruby', 'tsvibt', 'zack_m_davis']
  K= 4  trial  46/100  ARI=+0.585  n_docs= 60  authors=['abramdemski', 'gordon-seidoh-worley', 'sarahconstantin', 'so8res']
  K= 4  trial  47/100  ARI=+0.390  n_docs= 60  authors=['eliezer_yudkowsky', 'holdenkarnofsky', 'ricraz', 'screwtape']
  K= 4  trial  48/100  ARI=+0.433  n_docs= 60  authors=['abramdemski', 'jasoncrawford', 'kaj_sotala', 'katjagrace']
  K= 4  trial  49/100  ARI=+0.299  n_docs= 60  authors=['kaj_sotala', 'ricraz', 'ruby', 'zvi']
  K= 4  trial  50/100  ARI=+0.232  n_docs= 60  authors=['raemon', 'ricraz', 'sarahconstantin', 'so8res']
  K= 4  trial  51/100  ARI=+0.447  n_docs= 60  authors=['abramdemski', 'eliezer_yudkowsky', 'sarahconstantin', 'zack_m_davis']
  K= 4  trial  52/100  ARI=+0.178  n_docs= 60  authors=['benquo', 'scottalexander', 'turntrout', 'zack_m_davis']
  K= 4  trial  53/100  ARI=+0.230  n_docs= 60  authors=['adamshimi', 'jasoncrawford', 'joe-carlsmith', 'lukeprog']
  K= 4  trial  54/100  ARI=+0.168  n_docs= 60  authors=['jessica-liu-taylor', 'petermccluskey', 'so8res', 'tsvibt']
  K= 4  trial  55/100  ARI=+0.379  n_docs= 60  authors=['david-gross', 'katjagrace', 'ricraz', 'ruby']
  K= 4  trial  56/100  ARI=+0.638  n_docs= 60  authors=['adamshimi', 'joe-carlsmith', 'nunosempere', 'ruby']
  K= 4  trial  57/100  ARI=+0.342  n_docs= 60  authors=['benito', 'eliezer_yudkowsky', 'gordon-seidoh-worley', 'petermccluskey']
  K= 4  trial  58/100  ARI=+0.517  n_docs= 60  authors=['adamshimi', 'joe-carlsmith', 'petermccluskey', 'ruby']
  K= 4  trial  59/100  ARI=+0.603  n_docs= 60  authors=['katjagrace', 'philh', 'steve2152', 'zvi']
  K= 4  trial  60/100  ARI=+0.313  n_docs= 60  authors=['benquo', 'gordon-seidoh-worley', 'jasoncrawford', 'nunosempere']
  K= 4  trial  61/100  ARI=+0.356  n_docs= 60  authors=['gordon-seidoh-worley', 'johnswentworth', 'scottalexander', 'screwtape']
  K= 4  trial  62/100  ARI=+0.130  n_docs= 60  authors=['adamshimi', 'elizabeth-1', 'philh', 'so8res']
  K= 4  trial  63/100  ARI=+0.577  n_docs= 60  authors=['eliezer_yudkowsky', 'jasoncrawford', 'ryan_greenblatt', 'steve2152']
  K= 4  trial  64/100  ARI=+0.241  n_docs= 60  authors=['abramdemski', 'joe-carlsmith', 'kaj_sotala', 'tsvibt']
  K= 4  trial  65/100  ARI=+0.171  n_docs= 60  authors=['holdenkarnofsky', 'jessica-liu-taylor', 'sarahconstantin', 'tsvibt']
  K= 4  trial  66/100  ARI=+0.410  n_docs= 60  authors=['abramdemski', 'elizabeth-1', 'holdenkarnofsky', 'scottalexander']
  K= 4  trial  67/100  ARI=+0.570  n_docs= 60  authors=['buck', 'johnswentworth', 'philh', 'steve2152']
  K= 4  trial  68/100  ARI=+0.203  n_docs= 60  authors=['benito', 'johnswentworth', 'raemon', 'tsvibt']
  K= 4  trial  69/100  ARI=+0.521  n_docs= 60  authors=['jan_kulveit', 'philh', 'ryan_greenblatt', 'zack_m_davis']
  K= 4  trial  70/100  ARI=+0.357  n_docs= 60  authors=['benito', 'david-gross', 'johnswentworth', 'sarahconstantin']
  K= 4  trial  71/100  ARI=+0.358  n_docs= 60  authors=['david-gross', 'jacob-falkovich', 'jessica-liu-taylor', 'nunosempere']
  K= 4  trial  72/100  ARI=+0.415  n_docs= 60  authors=['benito', 'jan_kulveit', 'ruby', 'ryan_greenblatt']
  K= 4  trial  73/100  ARI=+0.359  n_docs= 60  authors=['benito', 'elizabeth-1', 'johnswentworth', 'petermccluskey']
  K= 4  trial  74/100  ARI=+0.182  n_docs= 60  authors=['jasoncrawford', 'joe-carlsmith', 'sarahconstantin', 'zack_m_davis']
  K= 4  trial  75/100  ARI=+0.451  n_docs= 60  authors=['benquo', 'johnswentworth', 'ryan_greenblatt', 'screwtape']
  K= 4  trial  76/100  ARI=+0.338  n_docs= 60  authors=['buck', 'kaj_sotala', 'lukeprog', 'petermccluskey']
  K= 4  trial  77/100  ARI=+0.151  n_docs= 60  authors=['jacob-falkovich', 'jasoncrawford', 'raemon', 'ruby']
  K= 4  trial  78/100  ARI=+0.409  n_docs= 60  authors=['eliezer_yudkowsky', 'nunosempere', 'petermccluskey', 'scottalexander']
  K= 4  trial  79/100  ARI=+0.330  n_docs= 60  authors=['benquo', 'buck', 'elizabeth-1', 'gordon-seidoh-worley']
  K= 4  trial  80/100  ARI=+0.494  n_docs= 60  authors=['jan_kulveit', 'jessica-liu-taylor', 'johnswentworth', 'petermccluskey']
  K= 4  trial  81/100  ARI=+0.188  n_docs= 60  authors=['elizabeth-1', 'gordon-seidoh-worley', 'katjagrace', 'zack_m_davis']
  K= 4  trial  82/100  ARI=+0.094  n_docs= 60  authors=['adamshimi', 'jan_kulveit', 'johnswentworth', 'tsvibt']
  K= 4  trial  83/100  ARI=+0.273  n_docs= 60  authors=['jacob-falkovich', 'jessica-liu-taylor', 'joe-carlsmith', 'turntrout']
  K= 4  trial  84/100  ARI=+0.111  n_docs= 60  authors=['jacob-falkovich', 'kaj_sotala', 'philh', 'ricraz']
  K= 4  trial  85/100  ARI=+0.519  n_docs= 60  authors=['adamshimi', 'buck', 'screwtape', 'steve2152']
  K= 4  trial  86/100  ARI=+0.253  n_docs= 60  authors=['benito', 'jacob-falkovich', 'jan_kulveit', 'so8res']
  K= 4  trial  87/100  ARI=+0.566  n_docs= 60  authors=['abramdemski', 'gordon-seidoh-worley', 'joe-carlsmith', 'turntrout']
  K= 4  trial  88/100  ARI=+0.350  n_docs= 60  authors=['eliezer_yudkowsky', 'philh', 'ricraz', 'zvi']
  K= 4  trial  89/100  ARI=+0.223  n_docs= 60  authors=['holdenkarnofsky', 'jan_kulveit', 'nunosempere', 'sarahconstantin']
  K= 4  trial  90/100  ARI=+0.300  n_docs= 60  authors=['joe-carlsmith', 'raemon', 'sarahconstantin', 'so8res']
  K= 4  trial  91/100  ARI=+0.460  n_docs= 60  authors=['david-gross', 'philh', 'sarahconstantin', 'turntrout']
  K= 4  trial  92/100  ARI=+0.351  n_docs= 60  authors=['jessica-liu-taylor', 'philh', 'ryan_greenblatt', 'so8res']
  K= 4  trial  93/100  ARI=+0.428  n_docs= 60  authors=['elizabeth-1', 'gordon-seidoh-worley', 'nunosempere', 'zack_m_davis']
  K= 4  trial  94/100  ARI=+0.564  n_docs= 60  authors=['holdenkarnofsky', 'ricraz', 'turntrout', 'zvi']
  K= 4  trial  95/100  ARI=+0.126  n_docs= 60  authors=['benquo', 'eliezer_yudkowsky', 'kaj_sotala', 'katjagrace']
  K= 4  trial  96/100  ARI=+0.554  n_docs= 60  authors=['jasoncrawford', 'philh', 'ryan_greenblatt', 'sarahconstantin']
  K= 4  trial  97/100  ARI=+0.787  n_docs= 60  authors=['abramdemski', 'buck', 'jacob-falkovich', 'kaj_sotala']
  K= 4  trial  98/100  ARI=+0.209  n_docs= 60  authors=['adamshimi', 'lukeprog', 'nunosempere', 'philh']
  K= 4  trial  99/100  ARI=+0.266  n_docs= 60  authors=['elizabeth-1', 'jasoncrawford', 'lukeprog', 'tsvibt']
  K= 4  trial 100/100  ARI=+0.437  n_docs= 60  authors=['holdenkarnofsky', 'jessica-liu-taylor', 'lukeprog', 'zvi']
  K= 6  trial   1/100  ARI=+0.380  n_docs= 90  authors=['abramdemski', 'elizabeth-1', 'jacob-falkovich', 'nunosempere', 'ruby', 'sarahconstantin']
  K= 6  trial   2/100  ARI=+0.200  n_docs= 90  authors=['adamshimi', 'gordon-seidoh-worley', 'holdenkarnofsky', 'scottalexander', 'tsvibt', 'zack_m_davis']
  K= 6  trial   3/100  ARI=+0.308  n_docs= 90  authors=['johnswentworth', 'lukeprog', 'nunosempere', 'ryan_greenblatt', 'so8res', 'turntrout']
  K= 6  trial   4/100  ARI=+0.309  n_docs= 90  authors=['holdenkarnofsky', 'jessica-liu-taylor', 'johnswentworth', 'nunosempere', 'ruby', 'steve2152']
  K= 6  trial   5/100  ARI=+0.225  n_docs= 90  authors=['adamshimi', 'benquo', 'elizabeth-1', 'philh', 'steve2152', 'zack_m_davis']
  K= 6  trial   6/100  ARI=+0.317  n_docs= 90  authors=['benito', 'jan_kulveit', 'nunosempere', 'philh', 'ruby', 'turntrout']
  K= 6  trial   7/100  ARI=+0.189  n_docs= 90  authors=['benito', 'gordon-seidoh-worley', 'jasoncrawford', 'jessica-liu-taylor', 'katjagrace', 'ruby']
  K= 6  trial   8/100  ARI=+0.158  n_docs= 90  authors=['abramdemski', 'holdenkarnofsky', 'johnswentworth', 'ricraz', 'sarahconstantin', 'tsvibt']
  K= 6  trial   9/100  ARI=+0.313  n_docs= 90  authors=['benito', 'buck', 'johnswentworth', 'petermccluskey', 'so8res', 'zack_m_davis']
  K= 6  trial  10/100  ARI=+0.199  n_docs= 90  authors=['benito', 'benquo', 'eliezer_yudkowsky', 'jan_kulveit', 'jasoncrawford', 'ryan_greenblatt']
  K= 6  trial  11/100  ARI=+0.380  n_docs= 90  authors=['elizabeth-1', 'gordon-seidoh-worley', 'johnswentworth', 'nunosempere', 'screwtape', 'turntrout']
  K= 6  trial  12/100  ARI=+0.451  n_docs= 90  authors=['elizabeth-1', 'gordon-seidoh-worley', 'holdenkarnofsky', 'jan_kulveit', 'petermccluskey', 'scottalexander']
  K= 6  trial  13/100  ARI=+0.266  n_docs= 90  authors=['adamshimi', 'buck', 'eliezer_yudkowsky', 'jan_kulveit', 'jessica-liu-taylor', 'petermccluskey']
  K= 6  trial  14/100  ARI=+0.211  n_docs= 90  authors=['benquo', 'david-gross', 'johnswentworth', 'scottalexander', 'tsvibt', 'turntrout']
  K= 6  trial  15/100  ARI=+0.148  n_docs= 90  authors=['adamshimi', 'johnswentworth', 'kaj_sotala', 'ricraz', 'screwtape', 'so8res']
  K= 6  trial  16/100  ARI=+0.354  n_docs= 90  authors=['holdenkarnofsky', 'jessica-liu-taylor', 'nunosempere', 'raemon', 'scottalexander', 'turntrout']
  K= 6  trial  17/100  ARI=+0.318  n_docs= 90  authors=['adamshimi', 'elizabeth-1', 'joe-carlsmith', 'petermccluskey', 'so8res', 'steve2152']
  K= 6  trial  18/100  ARI=+0.398  n_docs= 90  authors=['adamshimi', 'eliezer_yudkowsky', 'philh', 'ryan_greenblatt', 'sarahconstantin', 'turntrout']
  K= 6  trial  19/100  ARI=+0.238  n_docs= 90  authors=['abramdemski', 'elizabeth-1', 'kaj_sotala', 'katjagrace', 'scottalexander', 'steve2152']
  K= 6  trial  20/100  ARI=+0.211  n_docs= 90  authors=['david-gross', 'johnswentworth', 'katjagrace', 'raemon', 'scottalexander', 'turntrout']
  K= 6  trial  21/100  ARI=+0.162  n_docs= 90  authors=['eliezer_yudkowsky', 'elizabeth-1', 'jan_kulveit', 'jasoncrawford', 'scottalexander', 'zack_m_davis']
  K= 6  trial  22/100  ARI=+0.375  n_docs= 90  authors=['abramdemski', 'gordon-seidoh-worley', 'jessica-liu-taylor', 'nunosempere', 'raemon', 'scottalexander']
  K= 6  trial  23/100  ARI=+0.325  n_docs= 90  authors=['benito', 'holdenkarnofsky', 'joe-carlsmith', 'philh', 'ruby', 'turntrout']
  K= 6  trial  24/100  ARI=+0.353  n_docs= 90  authors=['benquo', 'joe-carlsmith', 'johnswentworth', 'philh', 'ricraz', 'steve2152']
  K= 6  trial  25/100  ARI=+0.211  n_docs= 90  authors=['buck', 'david-gross', 'holdenkarnofsky', 'jessica-liu-taylor', 'kaj_sotala', 'sarahconstantin']
  K= 6  trial  26/100  ARI=+0.283  n_docs= 90  authors=['benito', 'eliezer_yudkowsky', 'petermccluskey', 'so8res', 'turntrout', 'zack_m_davis']
  K= 6  trial  27/100  ARI=+0.219  n_docs= 90  authors=['benquo', 'buck', 'holdenkarnofsky', 'nunosempere', 'ricraz', 'zack_m_davis']
  K= 6  trial  28/100  ARI=+0.258  n_docs= 90  authors=['buck', 'jacob-falkovich', 'jan_kulveit', 'philh', 'ruby', 'steve2152']
  K= 6  trial  29/100  ARI=+0.516  n_docs= 90  authors=['kaj_sotala', 'katjagrace', 'nunosempere', 'petermccluskey', 'screwtape', 'turntrout']
  K= 6  trial  30/100  ARI=+0.549  n_docs= 90  authors=['buck', 'gordon-seidoh-worley', 'johnswentworth', 'nunosempere', 'steve2152', 'tsvibt']
  K= 6  trial  31/100  ARI=+0.336  n_docs= 90  authors=['benito', 'joe-carlsmith', 'ryan_greenblatt', 'screwtape', 'steve2152', 'tsvibt']
  K= 6  trial  32/100  ARI=+0.340  n_docs= 90  authors=['benquo', 'jasoncrawford', 'joe-carlsmith', 'philh', 'raemon', 'turntrout']
  K= 6  trial  33/100  ARI=+0.321  n_docs= 90  authors=['buck', 'david-gross', 'gordon-seidoh-worley', 'petermccluskey', 'ricraz', 'sarahconstantin']
  K= 6  trial  34/100  ARI=+0.503  n_docs= 90  authors=['abramdemski', 'david-gross', 'petermccluskey', 'ruby', 'steve2152', 'turntrout']
  K= 6  trial  35/100  ARI=+0.221  n_docs= 90  authors=['benito', 'benquo', 'buck', 'elizabeth-1', 'jessica-liu-taylor', 'turntrout']
  K= 6  trial  36/100  ARI=+0.394  n_docs= 90  authors=['holdenkarnofsky', 'jessica-liu-taylor', 'petermccluskey', 'ryan_greenblatt', 'turntrout', 'zvi']
  K= 6  trial  37/100  ARI=+0.280  n_docs= 90  authors=['buck', 'holdenkarnofsky', 'raemon', 'so8res', 'steve2152', 'zack_m_davis']
  K= 6  trial  38/100  ARI=+0.267  n_docs= 90  authors=['abramdemski', 'jacob-falkovich', 'kaj_sotala', 'ricraz', 'tsvibt', 'zack_m_davis']
  K= 6  trial  39/100  ARI=+0.125  n_docs= 90  authors=['benito', 'benquo', 'ruby', 'sarahconstantin', 'screwtape', 'zack_m_davis']
  K= 6  trial  40/100  ARI=+0.265  n_docs= 90  authors=['holdenkarnofsky', 'joe-carlsmith', 'johnswentworth', 'raemon', 'ryan_greenblatt', 'zack_m_davis']
  K= 6  trial  41/100  ARI=+0.180  n_docs= 90  authors=['gordon-seidoh-worley', 'philh', 'ryan_greenblatt', 'scottalexander', 'turntrout', 'zack_m_davis']
  K= 6  trial  42/100  ARI=+0.378  n_docs= 90  authors=['adamshimi', 'benquo', 'katjagrace', 'nunosempere', 'tsvibt', 'zvi']
  K= 6  trial  43/100  ARI=+0.208  n_docs= 90  authors=['david-gross', 'elizabeth-1', 'lukeprog', 'scottalexander', 'turntrout', 'zack_m_davis']
  K= 6  trial  44/100  ARI=+0.361  n_docs= 90  authors=['gordon-seidoh-worley', 'petermccluskey', 'ruby', 'scottalexander', 'so8res', 'zvi']
  K= 6  trial  45/100  ARI=+0.471  n_docs= 90  authors=['benquo', 'eliezer_yudkowsky', 'jan_kulveit', 'joe-carlsmith', 'ryan_greenblatt', 'screwtape']
  K= 6  trial  46/100  ARI=+0.272  n_docs= 90  authors=['adamshimi', 'elizabeth-1', 'lukeprog', 'philh', 'steve2152', 'zack_m_davis']
  K= 6  trial  47/100  ARI=+0.143  n_docs= 90  authors=['benito', 'benquo', 'buck', 'gordon-seidoh-worley', 'kaj_sotala', 'scottalexander']
  K= 6  trial  48/100  ARI=+0.264  n_docs= 90  authors=['adamshimi', 'benito', 'buck', 'david-gross', 'raemon', 'scottalexander']
  K= 6  trial  49/100  ARI=+0.411  n_docs= 90  authors=['abramdemski', 'buck', 'johnswentworth', 'nunosempere', 'petermccluskey', 'sarahconstantin']
  K= 6  trial  50/100  ARI=+0.347  n_docs= 90  authors=['buck', 'jessica-liu-taylor', 'nunosempere', 'ryan_greenblatt', 'sarahconstantin', 'tsvibt']
  K= 6  trial  51/100  ARI=+0.332  n_docs= 90  authors=['adamshimi', 'benito', 'holdenkarnofsky', 'joe-carlsmith', 'johnswentworth', 'zvi']
  K= 6  trial  52/100  ARI=+0.203  n_docs= 90  authors=['holdenkarnofsky', 'jan_kulveit', 'katjagrace', 'raemon', 'so8res', 'zack_m_davis']
  K= 6  trial  53/100  ARI=+0.298  n_docs= 90  authors=['buck', 'eliezer_yudkowsky', 'ryan_greenblatt', 'scottalexander', 'screwtape', 'zack_m_davis']
  K= 6  trial  54/100  ARI=+0.244  n_docs= 90  authors=['benquo', 'david-gross', 'elizabeth-1', 'johnswentworth', 'so8res', 'steve2152']
  K= 6  trial  55/100  ARI=+0.392  n_docs= 90  authors=['abramdemski', 'gordon-seidoh-worley', 'jacob-falkovich', 'jessica-liu-taylor', 'nunosempere', 'screwtape']
  K= 6  trial  56/100  ARI=+0.393  n_docs= 90  authors=['abramdemski', 'benquo', 'buck', 'jessica-liu-taylor', 'nunosempere', 'raemon']
  K= 6  trial  57/100  ARI=+0.444  n_docs= 90  authors=['abramdemski', 'benito', 'gordon-seidoh-worley', 'jacob-falkovich', 'ryan_greenblatt', 'zvi']
  K= 6  trial  58/100  ARI=+0.295  n_docs= 90  authors=['benito', 'holdenkarnofsky', 'lukeprog', 'ryan_greenblatt', 'sarahconstantin', 'scottalexander']
  K= 6  trial  59/100  ARI=+0.345  n_docs= 90  authors=['benquo', 'elizabeth-1', 'jessica-liu-taylor', 'petermccluskey', 'philh', 'tsvibt']
  K= 6  trial  60/100  ARI=+0.327  n_docs= 90  authors=['benito', 'holdenkarnofsky', 'jan_kulveit', 'joe-carlsmith', 'philh', 'tsvibt']
  K= 6  trial  61/100  ARI=+0.133  n_docs= 90  authors=['jacob-falkovich', 'kaj_sotala', 'raemon', 'ruby', 'steve2152', 'turntrout']
  K= 6  trial  62/100  ARI=+0.143  n_docs= 90  authors=['abramdemski', 'benquo', 'buck', 'jan_kulveit', 'joe-carlsmith', 'kaj_sotala']
  K= 6  trial  63/100  ARI=+0.256  n_docs= 90  authors=['eliezer_yudkowsky', 'jacob-falkovich', 'jessica-liu-taylor', 'philh', 'raemon', 'scottalexander']
  K= 6  trial  64/100  ARI=+0.133  n_docs= 90  authors=['benito', 'eliezer_yudkowsky', 'jan_kulveit', 'johnswentworth', 'lukeprog', 'ricraz']
  K= 6  trial  65/100  ARI=+0.160  n_docs= 90  authors=['buck', 'david-gross', 'jessica-liu-taylor', 'joe-carlsmith', 'lukeprog', 'ruby']
  K= 6  trial  66/100  ARI=+0.378  n_docs= 90  authors=['abramdemski', 'adamshimi', 'david-gross', 'gordon-seidoh-worley', 'jasoncrawford', 'petermccluskey']
  K= 6  trial  67/100  ARI=+0.295  n_docs= 90  authors=['david-gross', 'gordon-seidoh-worley', 'jan_kulveit', 'katjagrace', 'petermccluskey', 'tsvibt']
  K= 6  trial  68/100  ARI=+0.434  n_docs= 90  authors=['david-gross', 'eliezer_yudkowsky', 'ryan_greenblatt', 'sarahconstantin', 'so8res', 'zvi']
  K= 6  trial  69/100  ARI=+0.250  n_docs= 90  authors=['abramdemski', 'jasoncrawford', 'johnswentworth', 'kaj_sotala', 'steve2152', 'zack_m_davis']
  K= 6  trial  70/100  ARI=+0.519  n_docs= 90  authors=['adamshimi', 'benito', 'nunosempere', 'ryan_greenblatt', 'sarahconstantin', 'screwtape']
  K= 6  trial  71/100  ARI=+0.145  n_docs= 90  authors=['benquo', 'jessica-liu-taylor', 'johnswentworth', 'lukeprog', 'steve2152', 'turntrout']
  K= 6  trial  72/100  ARI=+0.398  n_docs= 90  authors=['abramdemski', 'jan_kulveit', 'jasoncrawford', 'joe-carlsmith', 'johnswentworth', 'zvi']
  K= 6  trial  73/100  ARI=+0.187  n_docs= 90  authors=['buck', 'eliezer_yudkowsky', 'jasoncrawford', 'ruby', 'turntrout', 'zack_m_davis']
  K= 6  trial  74/100  ARI=+0.394  n_docs= 90  authors=['abramdemski', 'benquo', 'david-gross', 'gordon-seidoh-worley', 'kaj_sotala', 'zvi']
  K= 6  trial  75/100  ARI=+0.273  n_docs= 90  authors=['david-gross', 'jacob-falkovich', 'johnswentworth', 'lukeprog', 'raemon', 'sarahconstantin']
  K= 6  trial  76/100  ARI=+0.273  n_docs= 90  authors=['abramdemski', 'buck', 'johnswentworth', 'ryan_greenblatt', 'scottalexander', 'turntrout']
  K= 6  trial  77/100  ARI=+0.199  n_docs= 90  authors=['buck', 'jacob-falkovich', 'jessica-liu-taylor', 'ricraz', 'ryan_greenblatt', 'turntrout']
  K= 6  trial  78/100  ARI=+0.237  n_docs= 90  authors=['benito', 'holdenkarnofsky', 'jan_kulveit', 'jessica-liu-taylor', 'scottalexander', 'screwtape']
  K= 6  trial  79/100  ARI=+0.364  n_docs= 90  authors=['buck', 'jan_kulveit', 'nunosempere', 'screwtape', 'zack_m_davis', 'zvi']
  K= 6  trial  80/100  ARI=+0.358  n_docs= 90  authors=['gordon-seidoh-worley', 'joe-carlsmith', 'raemon', 'ryan_greenblatt', 'sarahconstantin', 'steve2152']
  K= 6  trial  81/100  ARI=+0.159  n_docs= 90  authors=['adamshimi', 'jessica-liu-taylor', 'joe-carlsmith', 'kaj_sotala', 'sarahconstantin', 'scottalexander']
  K= 6  trial  82/100  ARI=+0.368  n_docs= 90  authors=['buck', 'kaj_sotala', 'ruby', 'scottalexander', 'steve2152', 'zvi']
  K= 6  trial  83/100  ARI=+0.334  n_docs= 90  authors=['gordon-seidoh-worley', 'jacob-falkovich', 'joe-carlsmith', 'nunosempere', 'raemon', 'zack_m_davis']
  K= 6  trial  84/100  ARI=+0.251  n_docs= 90  authors=['benito', 'gordon-seidoh-worley', 'holdenkarnofsky', 'katjagrace', 'lukeprog', 'petermccluskey']
  K= 6  trial  85/100  ARI=+0.126  n_docs= 90  authors=['benquo', 'eliezer_yudkowsky', 'elizabeth-1', 'gordon-seidoh-worley', 'katjagrace', 'scottalexander']
  K= 6  trial  86/100  ARI=+0.350  n_docs= 90  authors=['buck', 'holdenkarnofsky', 'jan_kulveit', 'petermccluskey', 'turntrout', 'zvi']
  K= 6  trial  87/100  ARI=+0.284  n_docs= 90  authors=['adamshimi', 'jan_kulveit', 'jessica-liu-taylor', 'joe-carlsmith', 'philh', 'zvi']
  K= 6  trial  88/100  ARI=+0.082  n_docs= 90  authors=['eliezer_yudkowsky', 'gordon-seidoh-worley', 'holdenkarnofsky', 'kaj_sotala', 'ryan_greenblatt', 'so8res']
  K= 6  trial  89/100  ARI=+0.210  n_docs= 90  authors=['buck', 'jacob-falkovich', 'joe-carlsmith', 'nunosempere', 'so8res', 'tsvibt']
  K= 6  trial  90/100  ARI=+0.206  n_docs= 90  authors=['david-gross', 'gordon-seidoh-worley', 'jacob-falkovich', 'jasoncrawford', 'so8res', 'tsvibt']
  K= 6  trial  91/100  ARI=+0.609  n_docs= 90  authors=['adamshimi', 'david-gross', 'petermccluskey', 'raemon', 'ryan_greenblatt', 'tsvibt']
  K= 6  trial  92/100  ARI=+0.269  n_docs= 90  authors=['eliezer_yudkowsky', 'jasoncrawford', 'lukeprog', 'philh', 'steve2152', 'zack_m_davis']
  K= 6  trial  93/100  ARI=+0.339  n_docs= 90  authors=['elizabeth-1', 'gordon-seidoh-worley', 'jacob-falkovich', 'jasoncrawford', 'philh', 'ryan_greenblatt']
  K= 6  trial  94/100  ARI=+0.242  n_docs= 90  authors=['benito', 'jasoncrawford', 'screwtape', 'steve2152', 'tsvibt', 'turntrout']
  K= 6  trial  95/100  ARI=+0.266  n_docs= 90  authors=['adamshimi', 'benito', 'holdenkarnofsky', 'kaj_sotala', 'ruby', 'steve2152']
  K= 6  trial  96/100  ARI=+0.217  n_docs= 90  authors=['benito', 'johnswentworth', 'ricraz', 'ryan_greenblatt', 'so8res', 'tsvibt']
  K= 6  trial  97/100  ARI=+0.223  n_docs= 90  authors=['elizabeth-1', 'jan_kulveit', 'raemon', 'ruby', 'sarahconstantin', 'steve2152']
  K= 6  trial  98/100  ARI=+0.161  n_docs= 90  authors=['elizabeth-1', 'jasoncrawford', 'raemon', 'ruby', 'scottalexander', 'screwtape']
  K= 6  trial  99/100  ARI=+0.332  n_docs= 90  authors=['abramdemski', 'gordon-seidoh-worley', 'holdenkarnofsky', 'ricraz', 'screwtape', 'zvi']
  K= 6  trial 100/100  ARI=+0.258  n_docs= 90  authors=['benito', 'elizabeth-1', 'ryan_greenblatt', 'scottalexander', 'zack_m_davis', 'zvi']
  K= 8  trial   1/100  ARI=+0.261  n_docs=120  authors=['david-gross', 'eliezer_yudkowsky', 'holdenkarnofsky', 'jacob-falkovich', 'ricraz', 'ryan_greenblatt', 'so8res', 'zvi']
  K= 8  trial   2/100  ARI=+0.266  n_docs=120  authors=['benquo', 'jessica-liu-taylor', 'kaj_sotala', 'nunosempere', 'petermccluskey', 'ricraz', 'sarahconstantin', 'tsvibt']
  K= 8  trial   3/100  ARI=+0.145  n_docs=120  authors=['abramdemski', 'adamshimi', 'gordon-seidoh-worley', 'ricraz', 'ruby', 'sarahconstantin', 'tsvibt', 'turntrout']
  K= 8  trial   4/100  ARI=+0.272  n_docs=120  authors=['abramdemski', 'gordon-seidoh-worley', 'jan_kulveit', 'johnswentworth', 'lukeprog', 'petermccluskey', 'philh', 'ruby']
  K= 8  trial   5/100  ARI=+0.396  n_docs=120  authors=['holdenkarnofsky', 'katjagrace', 'ricraz', 'ryan_greenblatt', 'sarahconstantin', 'screwtape', 'steve2152', 'turntrout']
  K= 8  trial   6/100  ARI=+0.266  n_docs=120  authors=['benito', 'gordon-seidoh-worley', 'jessica-liu-taylor', 'joe-carlsmith', 'johnswentworth', 'kaj_sotala', 'nunosempere', 'philh']
  K= 8  trial   7/100  ARI=+0.299  n_docs=120  authors=['david-gross', 'eliezer_yudkowsky', 'philh', 'ryan_greenblatt', 'so8res', 'steve2152', 'tsvibt', 'zack_m_davis']
  K= 8  trial   8/100  ARI=+0.388  n_docs=120  authors=['benito', 'buck', 'jacob-falkovich', 'jasoncrawford', 'jessica-liu-taylor', 'philh', 'screwtape', 'steve2152']
  K= 8  trial   9/100  ARI=+0.186  n_docs=120  authors=['abramdemski', 'buck', 'elizabeth-1', 'gordon-seidoh-worley', 'ricraz', 'so8res', 'tsvibt', 'zack_m_davis']
  K= 8  trial  10/100  ARI=+0.239  n_docs=120  authors=['benito', 'buck', 'eliezer_yudkowsky', 'gordon-seidoh-worley', 'joe-carlsmith', 'nunosempere', 'raemon', 'sarahconstantin']
  K= 8  trial  11/100  ARI=+0.395  n_docs=120  authors=['abramdemski', 'adamshimi', 'elizabeth-1', 'kaj_sotala', 'nunosempere', 'screwtape', 'turntrout', 'zvi']
  K= 8  trial  12/100  ARI=+0.596  n_docs=120  authors=['abramdemski', 'david-gross', 'elizabeth-1', 'holdenkarnofsky', 'joe-carlsmith', 'petermccluskey', 'ryan_greenblatt', 'zvi']
  K= 8  trial  13/100  ARI=+0.217  n_docs=120  authors=['adamshimi', 'benito', 'jacob-falkovich', 'joe-carlsmith', 'katjagrace', 'ryan_greenblatt', 'so8res', 'zvi']
  K= 8  trial  14/100  ARI=+0.258  n_docs=120  authors=['adamshimi', 'elizabeth-1', 'gordon-seidoh-worley', 'jasoncrawford', 'jessica-liu-taylor', 'lukeprog', 'raemon', 'ruby']
  K= 8  trial  15/100  ARI=+0.272  n_docs=120  authors=['benito', 'david-gross', 'holdenkarnofsky', 'kaj_sotala', 'philh', 'ryan_greenblatt', 'screwtape', 'zvi']
  K= 8  trial  16/100  ARI=+0.314  n_docs=120  authors=['holdenkarnofsky', 'jacob-falkovich', 'nunosempere', 'ryan_greenblatt', 'sarahconstantin', 'screwtape', 'turntrout', 'zack_m_davis']
  K= 8  trial  17/100  ARI=+0.116  n_docs=120  authors=['benito', 'buck', 'gordon-seidoh-worley', 'holdenkarnofsky', 'jessica-liu-taylor', 'katjagrace', 'lukeprog', 'turntrout']
  K= 8  trial  18/100  ARI=+0.250  n_docs=120  authors=['buck', 'joe-carlsmith', 'katjagrace', 'philh', 'ricraz', 'sarahconstantin', 'so8res', 'turntrout']
  K= 8  trial  19/100  ARI=+0.305  n_docs=120  authors=['abramdemski', 'benquo', 'buck', 'jan_kulveit', 'joe-carlsmith', 'raemon', 'ryan_greenblatt', 'scottalexander']
  K= 8  trial  20/100  ARI=+0.140  n_docs=120  authors=['holdenkarnofsky', 'lukeprog', 'philh', 'raemon', 'sarahconstantin', 'scottalexander', 'screwtape', 'turntrout']
  K= 8  trial  21/100  ARI=+0.218  n_docs=120  authors=['buck', 'holdenkarnofsky', 'jasoncrawford', 'jessica-liu-taylor', 'joe-carlsmith', 'johnswentworth', 'ryan_greenblatt', 'tsvibt']
  K= 8  trial  22/100  ARI=+0.187  n_docs=120  authors=['elizabeth-1', 'katjagrace', 'lukeprog', 'petermccluskey', 'philh', 'ricraz', 'ruby', 'steve2152']
  K= 8  trial  23/100  ARI=+0.217  n_docs=120  authors=['abramdemski', 'elizabeth-1', 'joe-carlsmith', 'kaj_sotala', 'lukeprog', 'nunosempere', 'ricraz', 'sarahconstantin']
  K= 8  trial  24/100  ARI=+0.311  n_docs=120  authors=['adamshimi', 'buck', 'eliezer_yudkowsky', 'johnswentworth', 'kaj_sotala', 'philh', 'ryan_greenblatt', 'sarahconstantin']
  K= 8  trial  25/100  ARI=+0.209  n_docs=120  authors=['adamshimi', 'benito', 'jan_kulveit', 'ricraz', 'ryan_greenblatt', 'sarahconstantin', 'tsvibt', 'zack_m_davis']
  K= 8  trial  26/100  ARI=+0.239  n_docs=120  authors=['abramdemski', 'adamshimi', 'eliezer_yudkowsky', 'jan_kulveit', 'johnswentworth', 'nunosempere', 'ruby', 'steve2152']
  K= 8  trial  27/100  ARI=+0.200  n_docs=120  authors=['adamshimi', 'benito', 'benquo', 'joe-carlsmith', 'ruby', 'ryan_greenblatt', 'steve2152', 'tsvibt']
  K= 8  trial  28/100  ARI=+0.233  n_docs=120  authors=['benito', 'benquo', 'buck', 'david-gross', 'jan_kulveit', 'joe-carlsmith', 'kaj_sotala', 'ruby']
  K= 8  trial  29/100  ARI=+0.209  n_docs=120  authors=['jessica-liu-taylor', 'nunosempere', 'philh', 'raemon', 'ruby', 'sarahconstantin', 'scottalexander', 'zvi']
  K= 8  trial  30/100  ARI=+0.269  n_docs=120  authors=['david-gross', 'lukeprog', 'nunosempere', 'philh', 'ruby', 'so8res', 'steve2152', 'zack_m_davis']
  K= 8  trial  31/100  ARI=+0.382  n_docs=120  authors=['holdenkarnofsky', 'johnswentworth', 'petermccluskey', 'raemon', 'ricraz', 'so8res', 'steve2152', 'zack_m_davis']
  K= 8  trial  32/100  ARI=+0.359  n_docs=120  authors=['abramdemski', 'benquo', 'jasoncrawford', 'nunosempere', 'philh', 'raemon', 'ricraz', 'scottalexander']
  K= 8  trial  33/100  ARI=+0.210  n_docs=120  authors=['buck', 'holdenkarnofsky', 'joe-carlsmith', 'ricraz', 'screwtape', 'steve2152', 'tsvibt', 'zvi']
  K= 8  trial  34/100  ARI=+0.402  n_docs=120  authors=['adamshimi', 'buck', 'gordon-seidoh-worley', 'jacob-falkovich', 'nunosempere', 'ryan_greenblatt', 'scottalexander', 'steve2152']
  K= 8  trial  35/100  ARI=+0.265  n_docs=120  authors=['eliezer_yudkowsky', 'holdenkarnofsky', 'joe-carlsmith', 'kaj_sotala', 'petermccluskey', 'philh', 'raemon', 'so8res']
  K= 8  trial  36/100  ARI=+0.202  n_docs=120  authors=['adamshimi', 'benquo', 'elizabeth-1', 'johnswentworth', 'nunosempere', 'philh', 'sarahconstantin', 'scottalexander']
  K= 8  trial  37/100  ARI=+0.252  n_docs=120  authors=['adamshimi', 'benito', 'jasoncrawford', 'johnswentworth', 'kaj_sotala', 'nunosempere', 'raemon', 'ricraz']
  K= 8  trial  38/100  ARI=+0.261  n_docs=120  authors=['buck', 'eliezer_yudkowsky', 'joe-carlsmith', 'johnswentworth', 'ruby', 'ryan_greenblatt', 'tsvibt', 'zack_m_davis']
  K= 8  trial  39/100  ARI=+0.282  n_docs=120  authors=['benito', 'elizabeth-1', 'kaj_sotala', 'nunosempere', 'raemon', 'ricraz', 'turntrout', 'zvi']
  K= 8  trial  40/100  ARI=+0.312  n_docs=120  authors=['benito', 'jan_kulveit', 'jessica-liu-taylor', 'joe-carlsmith', 'nunosempere', 'ricraz', 'ryan_greenblatt', 'steve2152']
  K= 8  trial  41/100  ARI=+0.389  n_docs=120  authors=['abramdemski', 'jacob-falkovich', 'jasoncrawford', 'johnswentworth', 'nunosempere', 'philh', 'ruby', 'steve2152']
  K= 8  trial  42/100  ARI=+0.278  n_docs=120  authors=['benquo', 'gordon-seidoh-worley', 'holdenkarnofsky', 'jacob-falkovich', 'katjagrace', 'lukeprog', 'nunosempere', 'turntrout']
  K= 8  trial  43/100  ARI=+0.284  n_docs=120  authors=['benito', 'elizabeth-1', 'jan_kulveit', 'jessica-liu-taylor', 'johnswentworth', 'petermccluskey', 'turntrout', 'zvi']
  K= 8  trial  44/100  ARI=+0.112  n_docs=120  authors=['benito', 'gordon-seidoh-worley', 'holdenkarnofsky', 'lukeprog', 'ruby', 'scottalexander', 'so8res', 'zack_m_davis']
  K= 8  trial  45/100  ARI=+0.371  n_docs=120  authors=['abramdemski', 'benito', 'gordon-seidoh-worley', 'johnswentworth', 'petermccluskey', 'philh', 'raemon', 'zvi']
  K= 8  trial  46/100  ARI=+0.382  n_docs=120  authors=['buck', 'david-gross', 'johnswentworth', 'katjagrace', 'nunosempere', 'petermccluskey', 'philh', 'raemon']
  K= 8  trial  47/100  ARI=+0.232  n_docs=120  authors=['abramdemski', 'benito', 'eliezer_yudkowsky', 'jan_kulveit', 'joe-carlsmith', 'johnswentworth', 'lukeprog', 'zack_m_davis']
  K= 8  trial  48/100  ARI=+0.234  n_docs=120  authors=['david-gross', 'eliezer_yudkowsky', 'jasoncrawford', 'philh', 'ruby', 'sarahconstantin', 'zack_m_davis', 'zvi']
  K= 8  trial  49/100  ARI=+0.318  n_docs=120  authors=['adamshimi', 'david-gross', 'holdenkarnofsky', 'jasoncrawford', 'jessica-liu-taylor', 'kaj_sotala', 'petermccluskey', 'scottalexander']
  K= 8  trial  50/100  ARI=+0.308  n_docs=120  authors=['benito', 'johnswentworth', 'kaj_sotala', 'petermccluskey', 'raemon', 'so8res', 'zack_m_davis', 'zvi']
  K= 8  trial  51/100  ARI=+0.336  n_docs=120  authors=['abramdemski', 'jan_kulveit', 'kaj_sotala', 'nunosempere', 'petermccluskey', 'ryan_greenblatt', 'scottalexander', 'tsvibt']
  K= 8  trial  52/100  ARI=+0.383  n_docs=120  authors=['david-gross', 'holdenkarnofsky', 'jacob-falkovich', 'johnswentworth', 'kaj_sotala', 'ruby', 'scottalexander', 'screwtape']
  K= 8  trial  53/100  ARI=+0.192  n_docs=120  authors=['adamshimi', 'holdenkarnofsky', 'jessica-liu-taylor', 'katjagrace', 'philh', 'ryan_greenblatt', 'sarahconstantin', 'so8res']
  K= 8  trial  54/100  ARI=+0.256  n_docs=120  authors=['benquo', 'buck', 'jasoncrawford', 'lukeprog', 'nunosempere', 'raemon', 'sarahconstantin', 'screwtape']
  K= 8  trial  55/100  ARI=+0.235  n_docs=120  authors=['adamshimi', 'elizabeth-1', 'jacob-falkovich', 'jasoncrawford', 'nunosempere', 'petermccluskey', 'ricraz', 'so8res']
  K= 8  trial  56/100  ARI=+0.268  n_docs=120  authors=['adamshimi', 'benquo', 'eliezer_yudkowsky', 'joe-carlsmith', 'kaj_sotala', 'nunosempere', 'scottalexander', 'screwtape']
  K= 8  trial  57/100  ARI=+0.253  n_docs=120  authors=['benito', 'benquo', 'jan_kulveit', 'jasoncrawford', 'jessica-liu-taylor', 'joe-carlsmith', 'philh', 'ruby']
  K= 8  trial  58/100  ARI=+0.435  n_docs=120  authors=['adamshimi', 'benito', 'buck', 'jan_kulveit', 'nunosempere', 'petermccluskey', 'ryan_greenblatt', 'zvi']
  K= 8  trial  59/100  ARI=+0.412  n_docs=120  authors=['david-gross', 'joe-carlsmith', 'lukeprog', 'nunosempere', 'philh', 'ricraz', 'ryan_greenblatt', 'turntrout']
  K= 8  trial  60/100  ARI=+0.211  n_docs=120  authors=['abramdemski', 'benquo', 'gordon-seidoh-worley', 'jan_kulveit', 'jasoncrawford', 'johnswentworth', 'philh', 'raemon']
  K= 8  trial  61/100  ARI=+0.166  n_docs=120  authors=['benquo', 'david-gross', 'elizabeth-1', 'gordon-seidoh-worley', 'ryan_greenblatt', 'sarahconstantin', 'so8res', 'zack_m_davis']
  K= 8  trial  62/100  ARI=+0.385  n_docs=120  authors=['abramdemski', 'david-gross', 'elizabeth-1', 'holdenkarnofsky', 'jan_kulveit', 'ruby', 'screwtape', 'tsvibt']
  K= 8  trial  63/100  ARI=+0.279  n_docs=120  authors=['adamshimi', 'elizabeth-1', 'holdenkarnofsky', 'lukeprog', 'petermccluskey', 'raemon', 'tsvibt', 'zack_m_davis']
  K= 8  trial  64/100  ARI=+0.323  n_docs=120  authors=['david-gross', 'eliezer_yudkowsky', 'gordon-seidoh-worley', 'holdenkarnofsky', 'jasoncrawford', 'kaj_sotala', 'tsvibt', 'zvi']
  K= 8  trial  65/100  ARI=+0.153  n_docs=120  authors=['benito', 'elizabeth-1', 'jan_kulveit', 'raemon', 'ruby', 'so8res', 'turntrout', 'zvi']
  K= 8  trial  66/100  ARI=+0.221  n_docs=120  authors=['adamshimi', 'benito', 'elizabeth-1', 'jacob-falkovich', 'johnswentworth', 'lukeprog', 'nunosempere', 'philh']
  K= 8  trial  67/100  ARI=+0.264  n_docs=120  authors=['buck', 'david-gross', 'eliezer_yudkowsky', 'elizabeth-1', 'jan_kulveit', 'kaj_sotala', 'katjagrace', 'zack_m_davis']
  K= 8  trial  68/100  ARI=+0.267  n_docs=120  authors=['abramdemski', 'buck', 'jacob-falkovich', 'jessica-liu-taylor', 'johnswentworth', 'steve2152', 'tsvibt', 'zack_m_davis']
  K= 8  trial  69/100  ARI=+0.197  n_docs=120  authors=['adamshimi', 'eliezer_yudkowsky', 'holdenkarnofsky', 'jan_kulveit', 'jasoncrawford', 'ruby', 'tsvibt', 'zack_m_davis']
  K= 8  trial  70/100  ARI=+0.184  n_docs=120  authors=['benito', 'jessica-liu-taylor', 'joe-carlsmith', 'kaj_sotala', 'katjagrace', 'so8res', 'steve2152', 'zvi']
  K= 8  trial  71/100  ARI=+0.138  n_docs=120  authors=['benito', 'benquo', 'holdenkarnofsky', 'jan_kulveit', 'lukeprog', 'raemon', 'ruby', 'sarahconstantin']
  K= 8  trial  72/100  ARI=+0.382  n_docs=120  authors=['benquo', 'david-gross', 'elizabeth-1', 'nunosempere', 'petermccluskey', 'philh', 'raemon', 'zvi']
  K= 8  trial  73/100  ARI=+0.289  n_docs=120  authors=['adamshimi', 'elizabeth-1', 'jan_kulveit', 'jessica-liu-taylor', 'lukeprog', 'petermccluskey', 'philh', 'steve2152']
  K= 8  trial  74/100  ARI=+0.207  n_docs=120  authors=['benito', 'eliezer_yudkowsky', 'johnswentworth', 'nunosempere', 'philh', 'raemon', 'tsvibt', 'turntrout']
  K= 8  trial  75/100  ARI=+0.224  n_docs=120  authors=['abramdemski', 'adamshimi', 'benito', 'david-gross', 'holdenkarnofsky', 'lukeprog', 'ricraz', 'zack_m_davis']
  K= 8  trial  76/100  ARI=+0.147  n_docs=120  authors=['adamshimi', 'benito', 'eliezer_yudkowsky', 'jan_kulveit', 'kaj_sotala', 'ricraz', 'screwtape', 'zack_m_davis']
  K= 8  trial  77/100  ARI=+0.233  n_docs=120  authors=['adamshimi', 'elizabeth-1', 'jasoncrawford', 'jessica-liu-taylor', 'joe-carlsmith', 'kaj_sotala', 'nunosempere', 'zack_m_davis']
  K= 8  trial  78/100  ARI=+0.216  n_docs=120  authors=['benito', 'eliezer_yudkowsky', 'elizabeth-1', 'jacob-falkovich', 'jasoncrawford', 'kaj_sotala', 'lukeprog', 'petermccluskey']
  K= 8  trial  79/100  ARI=+0.137  n_docs=120  authors=['benito', 'elizabeth-1', 'jessica-liu-taylor', 'philh', 'ryan_greenblatt', 'steve2152', 'tsvibt', 'zack_m_davis']
  K= 8  trial  80/100  ARI=+0.164  n_docs=120  authors=['adamshimi', 'holdenkarnofsky', 'johnswentworth', 'lukeprog', 'philh', 'ricraz', 'ruby', 'scottalexander']
  K= 8  trial  81/100  ARI=+0.222  n_docs=120  authors=['abramdemski', 'benito', 'jacob-falkovich', 'joe-carlsmith', 'raemon', 'screwtape', 'so8res', 'turntrout']
  K= 8  trial  82/100  ARI=+0.247  n_docs=120  authors=['abramdemski', 'eliezer_yudkowsky', 'gordon-seidoh-worley', 'nunosempere', 'screwtape', 'tsvibt', 'turntrout', 'zack_m_davis']
  K= 8  trial  83/100  ARI=+0.217  n_docs=120  authors=['benquo', 'holdenkarnofsky', 'jasoncrawford', 'jessica-liu-taylor', 'johnswentworth', 'nunosempere', 'philh', 'zvi']
  K= 8  trial  84/100  ARI=+0.119  n_docs=120  authors=['benito', 'benquo', 'david-gross', 'gordon-seidoh-worley', 'philh', 'ricraz', 'ruby', 'tsvibt']
  K= 8  trial  85/100  ARI=+0.118  n_docs=120  authors=['benito', 'benquo', 'david-gross', 'eliezer_yudkowsky', 'jacob-falkovich', 'jasoncrawford', 'katjagrace', 'zack_m_davis']
  K= 8  trial  86/100  ARI=+0.375  n_docs=120  authors=['adamshimi', 'gordon-seidoh-worley', 'jacob-falkovich', 'joe-carlsmith', 'philh', 'ruby', 'steve2152', 'zvi']
  K= 8  trial  87/100  ARI=+0.234  n_docs=120  authors=['benquo', 'buck', 'kaj_sotala', 'lukeprog', 'nunosempere', 'ryan_greenblatt', 'so8res', 'tsvibt']
  K= 8  trial  88/100  ARI=+0.418  n_docs=120  authors=['adamshimi', 'david-gross', 'jacob-falkovich', 'jessica-liu-taylor', 'nunosempere', 'philh', 'steve2152', 'zvi']
  K= 8  trial  89/100  ARI=+0.219  n_docs=120  authors=['benito', 'benquo', 'jan_kulveit', 'jessica-liu-taylor', 'katjagrace', 'ruby', 'screwtape', 'zvi']
  K= 8  trial  90/100  ARI=+0.293  n_docs=120  authors=['benito', 'holdenkarnofsky', 'jan_kulveit', 'petermccluskey', 'ricraz', 'steve2152', 'turntrout', 'zack_m_davis']
  K= 8  trial  91/100  ARI=+0.312  n_docs=120  authors=['buck', 'holdenkarnofsky', 'jasoncrawford', 'lukeprog', 'nunosempere', 'raemon', 'turntrout', 'zack_m_davis']
  K= 8  trial  92/100  ARI=+0.247  n_docs=120  authors=['eliezer_yudkowsky', 'gordon-seidoh-worley', 'jan_kulveit', 'jessica-liu-taylor', 'johnswentworth', 'kaj_sotala', 'nunosempere', 'turntrout']
  K= 8  trial  93/100  ARI=+0.186  n_docs=120  authors=['abramdemski', 'benito', 'david-gross', 'jacob-falkovich', 'jan_kulveit', 'ruby', 'scottalexander', 'steve2152']
  K= 8  trial  94/100  ARI=+0.289  n_docs=120  authors=['abramdemski', 'benito', 'benquo', 'katjagrace', 'nunosempere', 'raemon', 'ruby', 'so8res']
  K= 8  trial  95/100  ARI=+0.228  n_docs=120  authors=['eliezer_yudkowsky', 'jacob-falkovich', 'kaj_sotala', 'lukeprog', 'ruby', 'sarahconstantin', 'screwtape', 'steve2152']
  K= 8  trial  96/100  ARI=+0.162  n_docs=120  authors=['adamshimi', 'benito', 'benquo', 'david-gross', 'holdenkarnofsky', 'joe-carlsmith', 'katjagrace', 'tsvibt']
  K= 8  trial  97/100  ARI=+0.359  n_docs=120  authors=['adamshimi', 'david-gross', 'jasoncrawford', 'katjagrace', 'ruby', 'ryan_greenblatt', 'screwtape', 'turntrout']
  K= 8  trial  98/100  ARI=+0.286  n_docs=120  authors=['adamshimi', 'jessica-liu-taylor', 'joe-carlsmith', 'philh', 'ricraz', 'ryan_greenblatt', 'sarahconstantin', 'screwtape']
  K= 8  trial  99/100  ARI=+0.344  n_docs=120  authors=['david-gross', 'gordon-seidoh-worley', 'holdenkarnofsky', 'jasoncrawford', 'lukeprog', 'petermccluskey', 'ricraz', 'zvi']
  K= 8  trial 100/100  ARI=+0.307  n_docs=120  authors=['abramdemski', 'eliezer_yudkowsky', 'jacob-falkovich', 'joe-carlsmith', 'katjagrace', 'ruby', 'ryan_greenblatt', 'steve2152']
  K=10  trial   1/100  ARI=+0.206  n_docs=150  authors=['buck', 'eliezer_yudkowsky', 'holdenkarnofsky', 'jasoncrawford', 'kaj_sotala', 'katjagrace', 'philh', 'raemon', 'sarahconstantin', 'tsvibt']
  K=10  trial   2/100  ARI=+0.136  n_docs=150  authors=['benquo', 'buck', 'jasoncrawford', 'lukeprog', 'raemon', 'ricraz', 'ruby', 'scottalexander', 'so8res', 'turntrout']
  K=10  trial   3/100  ARI=+0.406  n_docs=150  authors=['david-gross', 'jacob-falkovich', 'joe-carlsmith', 'johnswentworth', 'kaj_sotala', 'katjagrace', 'petermccluskey', 'sarahconstantin', 'screwtape', 'zvi']
  K=10  trial   4/100  ARI=+0.201  n_docs=150  authors=['benito', 'buck', 'eliezer_yudkowsky', 'elizabeth-1', 'jacob-falkovich', 'katjagrace', 'raemon', 'ryan_greenblatt', 'sarahconstantin', 'screwtape']
  K=10  trial   5/100  ARI=+0.209  n_docs=150  authors=['abramdemski', 'benito', 'eliezer_yudkowsky', 'jacob-falkovich', 'lukeprog', 'nunosempere', 'philh', 'raemon', 'sarahconstantin', 'zack_m_davis']
  K=10  trial   6/100  ARI=+0.239  n_docs=150  authors=['abramdemski', 'benquo', 'david-gross', 'jacob-falkovich', 'johnswentworth', 'lukeprog', 'raemon', 'sarahconstantin', 'so8res', 'zack_m_davis']
  K=10  trial   7/100  ARI=+0.105  n_docs=150  authors=['benquo', 'david-gross', 'holdenkarnofsky', 'jasoncrawford', 'jessica-liu-taylor', 'johnswentworth', 'kaj_sotala', 'sarahconstantin', 'tsvibt', 'zack_m_davis']
  K=10  trial   8/100  ARI=+0.364  n_docs=150  authors=['adamshimi', 'benquo', 'buck', 'petermccluskey', 'ryan_greenblatt', 'scottalexander', 'screwtape', 'so8res', 'zack_m_davis', 'zvi']
  K=10  trial   9/100  ARI=+0.121  n_docs=150  authors=['benquo', 'buck', 'eliezer_yudkowsky', 'gordon-seidoh-worley', 'holdenkarnofsky', 'johnswentworth', 'ricraz', 'tsvibt', 'turntrout', 'zack_m_davis']
  K=10  trial  10/100  ARI=+0.567  n_docs=150  authors=['adamshimi', 'david-gross', 'gordon-seidoh-worley', 'johnswentworth', 'katjagrace', 'nunosempere', 'petermccluskey', 'raemon', 'steve2152', 'zvi']
  K=10  trial  11/100  ARI=+0.216  n_docs=150  authors=['david-gross', 'gordon-seidoh-worley', 'jasoncrawford', 'joe-carlsmith', 'johnswentworth', 'katjagrace', 'philh', 'scottalexander', 'screwtape', 'zack_m_davis']
  K=10  trial  12/100  ARI=+0.167  n_docs=150  authors=['abramdemski', 'buck', 'eliezer_yudkowsky', 'holdenkarnofsky', 'jan_kulveit', 'jasoncrawford', 'lukeprog', 'sarahconstantin', 'tsvibt', 'turntrout']
  K=10  trial  13/100  ARI=+0.185  n_docs=150  authors=['benito', 'benquo', 'david-gross', 'jacob-falkovich', 'jan_kulveit', 'ricraz', 'ryan_greenblatt', 'scottalexander', 'screwtape', 'so8res']
  K=10  trial  14/100  ARI=+0.289  n_docs=150  authors=['adamshimi', 'eliezer_yudkowsky', 'holdenkarnofsky', 'johnswentworth', 'philh', 'raemon', 'sarahconstantin', 'turntrout', 'zack_m_davis', 'zvi']
  K=10  trial  15/100  ARI=+0.317  n_docs=150  authors=['benquo', 'gordon-seidoh-worley', 'jacob-falkovich', 'jan_kulveit', 'jasoncrawford', 'johnswentworth', 'petermccluskey', 'steve2152', 'tsvibt', 'zvi']
  K=10  trial  16/100  ARI=+0.360  n_docs=150  authors=['benquo', 'david-gross', 'eliezer_yudkowsky', 'gordon-seidoh-worley', 'jan_kulveit', 'johnswentworth', 'nunosempere', 'ryan_greenblatt', 'steve2152', 'zack_m_davis']
  K=10  trial  17/100  ARI=+0.241  n_docs=150  authors=['adamshimi', 'benquo', 'johnswentworth', 'kaj_sotala', 'lukeprog', 'petermccluskey', 'ricraz', 'sarahconstantin', 'so8res', 'turntrout']
  K=10  trial  18/100  ARI=+0.185  n_docs=150  authors=['benquo', 'david-gross', 'gordon-seidoh-worley', 'jacob-falkovich', 'jan_kulveit', 'kaj_sotala', 'ruby', 'scottalexander', 'steve2152', 'zack_m_davis']
  K=10  trial  19/100  ARI=+0.324  n_docs=150  authors=['eliezer_yudkowsky', 'elizabeth-1', 'jacob-falkovich', 'johnswentworth', 'nunosempere', 'philh', 'raemon', 'scottalexander', 'steve2152', 'zack_m_davis']
  K=10  trial  20/100  ARI=+0.233  n_docs=150  authors=['benquo', 'buck', 'gordon-seidoh-worley', 'holdenkarnofsky', 'jan_kulveit', 'petermccluskey', 'scottalexander', 'so8res', 'turntrout', 'zvi']
  K=10  trial  21/100  ARI=+0.223  n_docs=150  authors=['adamshimi', 'david-gross', 'elizabeth-1', 'gordon-seidoh-worley', 'jacob-falkovich', 'jessica-liu-taylor', 'petermccluskey', 'philh', 'raemon', 'ruby']
  K=10  trial  22/100  ARI=+0.268  n_docs=150  authors=['benquo', 'eliezer_yudkowsky', 'gordon-seidoh-worley', 'kaj_sotala', 'petermccluskey', 'ruby', 'ryan_greenblatt', 'sarahconstantin', 'steve2152', 'zvi']
  K=10  trial  23/100  ARI=+0.224  n_docs=150  authors=['benito', 'benquo', 'buck', 'eliezer_yudkowsky', 'raemon', 'ricraz', 'ruby', 'steve2152', 'tsvibt', 'zvi']
  K=10  trial  24/100  ARI=+0.162  n_docs=150  authors=['buck', 'gordon-seidoh-worley', 'jan_kulveit', 'jessica-liu-taylor', 'joe-carlsmith', 'nunosempere', 'ruby', 'ryan_greenblatt', 'so8res', 'turntrout']
  K=10  trial  25/100  ARI=+0.221  n_docs=150  authors=['buck', 'david-gross', 'elizabeth-1', 'jessica-liu-taylor', 'joe-carlsmith', 'ricraz', 'screwtape', 'so8res', 'tsvibt', 'zvi']
  K=10  trial  26/100  ARI=+0.091  n_docs=150  authors=['adamshimi', 'elizabeth-1', 'johnswentworth', 'ricraz', 'ruby', 'sarahconstantin', 'steve2152', 'tsvibt', 'turntrout', 'zack_m_davis']
  K=10  trial  27/100  ARI=+0.271  n_docs=150  authors=['benito', 'benquo', 'buck', 'jessica-liu-taylor', 'joe-carlsmith', 'nunosempere', 'petermccluskey', 'ruby', 'ryan_greenblatt', 'tsvibt']
  K=10  trial  28/100  ARI=+0.238  n_docs=150  authors=['david-gross', 'johnswentworth', 'kaj_sotala', 'katjagrace', 'lukeprog', 'nunosempere', 'ricraz', 'ruby', 'screwtape', 'turntrout']
  K=10  trial  29/100  ARI=+0.283  n_docs=150  authors=['abramdemski', 'adamshimi', 'buck', 'david-gross', 'jacob-falkovich', 'kaj_sotala', 'katjagrace', 'screwtape', 'zack_m_davis', 'zvi']
  K=10  trial  30/100  ARI=+0.188  n_docs=150  authors=['buck', 'eliezer_yudkowsky', 'gordon-seidoh-worley', 'jessica-liu-taylor', 'joe-carlsmith', 'katjagrace', 'nunosempere', 'raemon', 'ruby', 'screwtape']
  K=10  trial  31/100  ARI=+0.120  n_docs=150  authors=['adamshimi', 'benito', 'holdenkarnofsky', 'jan_kulveit', 'ricraz', 'ruby', 'ryan_greenblatt', 'screwtape', 'tsvibt', 'turntrout']
  K=10  trial  32/100  ARI=+0.152  n_docs=150  authors=['adamshimi', 'buck', 'david-gross', 'jan_kulveit', 'joe-carlsmith', 'raemon', 'sarahconstantin', 'scottalexander', 'so8res', 'turntrout']
  K=10  trial  33/100  ARI=+0.186  n_docs=150  authors=['elizabeth-1', 'holdenkarnofsky', 'jacob-falkovich', 'jasoncrawford', 'kaj_sotala', 'katjagrace', 'lukeprog', 'philh', 'ricraz', 'tsvibt']
  K=10  trial  34/100  ARI=+0.359  n_docs=150  authors=['benquo', 'david-gross', 'elizabeth-1', 'joe-carlsmith', 'johnswentworth', 'nunosempere', 'petermccluskey', 'ryan_greenblatt', 'so8res', 'turntrout']
  K=10  trial  35/100  ARI=+0.164  n_docs=150  authors=['abramdemski', 'benito', 'holdenkarnofsky', 'jan_kulveit', 'jessica-liu-taylor', 'johnswentworth', 'philh', 'raemon', 'sarahconstantin', 'so8res']
  K=10  trial  36/100  ARI=+0.234  n_docs=150  authors=['buck', 'david-gross', 'elizabeth-1', 'johnswentworth', 'kaj_sotala', 'raemon', 'screwtape', 'turntrout', 'zack_m_davis', 'zvi']
  K=10  trial  37/100  ARI=+0.182  n_docs=150  authors=['benquo', 'buck', 'eliezer_yudkowsky', 'kaj_sotala', 'philh', 'steve2152', 'tsvibt', 'turntrout', 'zack_m_davis', 'zvi']
  K=10  trial  38/100  ARI=+0.152  n_docs=150  authors=['benquo', 'buck', 'eliezer_yudkowsky', 'elizabeth-1', 'jacob-falkovich', 'katjagrace', 'lukeprog', 'screwtape', 'tsvibt', 'zack_m_davis']
  K=10  trial  39/100  ARI=+0.117  n_docs=150  authors=['benquo', 'buck', 'elizabeth-1', 'kaj_sotala', 'katjagrace', 'ricraz', 'ruby', 'ryan_greenblatt', 'scottalexander', 'turntrout']
  K=10  trial  40/100  ARI=+0.330  n_docs=150  authors=['benito', 'david-gross', 'eliezer_yudkowsky', 'jasoncrawford', 'petermccluskey', 'raemon', 'ricraz', 'sarahconstantin', 'so8res', 'zvi']
  K=10  trial  41/100  ARI=+0.248  n_docs=150  authors=['david-gross', 'eliezer_yudkowsky', 'gordon-seidoh-worley', 'joe-carlsmith', 'johnswentworth', 'petermccluskey', 'raemon', 'ricraz', 'sarahconstantin', 'so8res']
  K=10  trial  42/100  ARI=+0.204  n_docs=150  authors=['adamshimi', 'david-gross', 'jan_kulveit', 'jasoncrawford', 'joe-carlsmith', 'petermccluskey', 'screwtape', 'so8res', 'tsvibt', 'turntrout']
  K=10  trial  43/100  ARI=+0.227  n_docs=150  authors=['benquo', 'david-gross', 'elizabeth-1', 'johnswentworth', 'philh', 'ricraz', 'scottalexander', 'screwtape', 'steve2152', 'turntrout']
  K=10  trial  44/100  ARI=+0.309  n_docs=150  authors=['buck', 'david-gross', 'jacob-falkovich', 'jasoncrawford', 'joe-carlsmith', 'johnswentworth', 'kaj_sotala', 'nunosempere', 'tsvibt', 'zack_m_davis']
  K=10  trial  45/100  ARI=+0.255  n_docs=150  authors=['abramdemski', 'david-gross', 'gordon-seidoh-worley', 'jessica-liu-taylor', 'philh', 'ruby', 'ryan_greenblatt', 'steve2152', 'tsvibt', 'zack_m_davis']
  K=10  trial  46/100  ARI=+0.264  n_docs=150  authors=['david-gross', 'jacob-falkovich', 'jan_kulveit', 'jasoncrawford', 'joe-carlsmith', 'nunosempere', 'philh', 'raemon', 'ricraz', 'sarahconstantin']
  K=10  trial  47/100  ARI=+0.076  n_docs=150  authors=['eliezer_yudkowsky', 'elizabeth-1', 'gordon-seidoh-worley', 'jessica-liu-taylor', 'johnswentworth', 'ricraz', 'sarahconstantin', 'scottalexander', 'tsvibt', 'turntrout']
  K=10  trial  48/100  ARI=+0.277  n_docs=150  authors=['benito', 'benquo', 'eliezer_yudkowsky', 'gordon-seidoh-worley', 'jacob-falkovich', 'joe-carlsmith', 'kaj_sotala', 'petermccluskey', 'ryan_greenblatt', 'turntrout']
  K=10  trial  49/100  ARI=+0.242  n_docs=150  authors=['benquo', 'david-gross', 'elizabeth-1', 'gordon-seidoh-worley', 'jan_kulveit', 'johnswentworth', 'katjagrace', 'screwtape', 'tsvibt', 'zvi']
  K=10  trial  50/100  ARI=+0.189  n_docs=150  authors=['benquo', 'johnswentworth', 'katjagrace', 'lukeprog', 'petermccluskey', 'ricraz', 'ryan_greenblatt', 'sarahconstantin', 'scottalexander', 'tsvibt']
  K=10  trial  51/100  ARI=+0.149  n_docs=150  authors=['abramdemski', 'jacob-falkovich', 'jan_kulveit', 'johnswentworth', 'katjagrace', 'lukeprog', 'ruby', 'sarahconstantin', 'scottalexander', 'tsvibt']
  K=10  trial  52/100  ARI=+0.190  n_docs=150  authors=['david-gross', 'elizabeth-1', 'jacob-falkovich', 'jasoncrawford', 'katjagrace', 'petermccluskey', 'scottalexander', 'tsvibt', 'turntrout', 'zvi']
  K=10  trial  53/100  ARI=+0.388  n_docs=150  authors=['abramdemski', 'benquo', 'buck', 'holdenkarnofsky', 'jacob-falkovich', 'johnswentworth', 'raemon', 'sarahconstantin', 'steve2152', 'zvi']
  K=10  trial  54/100  ARI=+0.214  n_docs=150  authors=['adamshimi', 'benito', 'benquo', 'jan_kulveit', 'jasoncrawford', 'katjagrace', 'ricraz', 'screwtape', 'steve2152', 'zack_m_davis']
  K=10  trial  55/100  ARI=+0.192  n_docs=150  authors=['buck', 'david-gross', 'elizabeth-1', 'jasoncrawford', 'jessica-liu-taylor', 'kaj_sotala', 'katjagrace', 'lukeprog', 'petermccluskey', 'ricraz']
  K=10  trial  56/100  ARI=+0.313  n_docs=150  authors=['jacob-falkovich', 'jan_kulveit', 'lukeprog', 'nunosempere', 'petermccluskey', 'ruby', 'ryan_greenblatt', 'sarahconstantin', 'screwtape', 'zvi']
  K=10  trial  57/100  ARI=+0.121  n_docs=150  authors=['eliezer_yudkowsky', 'gordon-seidoh-worley', 'holdenkarnofsky', 'jacob-falkovich', 'jessica-liu-taylor', 'johnswentworth', 'ruby', 'sarahconstantin', 'so8res', 'zack_m_davis']
  K=10  trial  58/100  ARI=+0.196  n_docs=150  authors=['abramdemski', 'benito', 'buck', 'joe-carlsmith', 'petermccluskey', 'sarahconstantin', 'so8res', 'tsvibt', 'turntrout', 'zack_m_davis']
  K=10  trial  59/100  ARI=+0.179  n_docs=150  authors=['abramdemski', 'adamshimi', 'buck', 'jan_kulveit', 'jessica-liu-taylor', 'joe-carlsmith', 'philh', 'ricraz', 'ruby', 'steve2152']
  K=10  trial  60/100  ARI=+0.138  n_docs=150  authors=['benito', 'eliezer_yudkowsky', 'jessica-liu-taylor', 'joe-carlsmith', 'katjagrace', 'raemon', 'scottalexander', 'tsvibt', 'turntrout', 'zack_m_davis']
  K=10  trial  61/100  ARI=+0.241  n_docs=150  authors=['holdenkarnofsky', 'jacob-falkovich', 'jan_kulveit', 'jessica-liu-taylor', 'joe-carlsmith', 'johnswentworth', 'katjagrace', 'nunosempere', 'ryan_greenblatt', 'scottalexander']
  K=10  trial  62/100  ARI=+0.256  n_docs=150  authors=['benquo', 'david-gross', 'gordon-seidoh-worley', 'jan_kulveit', 'jasoncrawford', 'jessica-liu-taylor', 'katjagrace', 'nunosempere', 'ryan_greenblatt', 'tsvibt']
  K=10  trial  63/100  ARI=+0.158  n_docs=150  authors=['holdenkarnofsky', 'jessica-liu-taylor', 'joe-carlsmith', 'katjagrace', 'ricraz', 'scottalexander', 'screwtape', 'steve2152', 'turntrout', 'zack_m_davis']
  K=10  trial  64/100  ARI=+0.240  n_docs=150  authors=['adamshimi', 'gordon-seidoh-worley', 'holdenkarnofsky', 'jan_kulveit', 'johnswentworth', 'kaj_sotala', 'raemon', 'ruby', 'ryan_greenblatt', 'tsvibt']
  K=10  trial  65/100  ARI=+0.175  n_docs=150  authors=['abramdemski', 'benito', 'david-gross', 'gordon-seidoh-worley', 'jan_kulveit', 'jasoncrawford', 'jessica-liu-taylor', 'kaj_sotala', 'katjagrace', 'sarahconstantin']
  K=10  trial  66/100  ARI=+0.300  n_docs=150  authors=['abramdemski', 'jan_kulveit', 'katjagrace', 'lukeprog', 'nunosempere', 'ricraz', 'ryan_greenblatt', 'screwtape', 'steve2152', 'zack_m_davis']
  K=10  trial  67/100  ARI=+0.087  n_docs=150  authors=['abramdemski', 'benito', 'benquo', 'buck', 'david-gross', 'jan_kulveit', 'kaj_sotala', 'katjagrace', 'scottalexander', 'tsvibt']
  K=10  trial  68/100  ARI=+0.240  n_docs=150  authors=['buck', 'elizabeth-1', 'jasoncrawford', 'joe-carlsmith', 'philh', 'ricraz', 'ryan_greenblatt', 'so8res', 'zack_m_davis', 'zvi']
  K=10  trial  69/100  ARI=+0.274  n_docs=150  authors=['holdenkarnofsky', 'jacob-falkovich', 'jasoncrawford', 'jessica-liu-taylor', 'lukeprog', 'nunosempere', 'petermccluskey', 'sarahconstantin', 'so8res', 'zvi']
  K=10  trial  70/100  ARI=+0.217  n_docs=150  authors=['benito', 'buck', 'gordon-seidoh-worley', 'jan_kulveit', 'jessica-liu-taylor', 'joe-carlsmith', 'nunosempere', 'petermccluskey', 'so8res', 'tsvibt']
  K=10  trial  71/100  ARI=+0.242  n_docs=150  authors=['abramdemski', 'benquo', 'david-gross', 'jessica-liu-taylor', 'johnswentworth', 'raemon', 'ricraz', 'ryan_greenblatt', 'so8res', 'steve2152']
  K=10  trial  72/100  ARI=+0.199  n_docs=150  authors=['abramdemski', 'gordon-seidoh-worley', 'jessica-liu-taylor', 'kaj_sotala', 'lukeprog', 'philh', 'ricraz', 'ryan_greenblatt', 'so8res', 'zack_m_davis']
  K=10  trial  73/100  ARI=+0.233  n_docs=150  authors=['abramdemski', 'benito', 'buck', 'david-gross', 'elizabeth-1', 'gordon-seidoh-worley', 'jan_kulveit', 'nunosempere', 'ruby', 'sarahconstantin']
  K=10  trial  74/100  ARI=+0.502  n_docs=150  authors=['adamshimi', 'gordon-seidoh-worley', 'petermccluskey', 'philh', 'ricraz', 'ryan_greenblatt', 'sarahconstantin', 'steve2152', 'turntrout', 'zvi']
  K=10  trial  75/100  ARI=+0.202  n_docs=150  authors=['gordon-seidoh-worley', 'holdenkarnofsky', 'jan_kulveit', 'jasoncrawford', 'johnswentworth', 'katjagrace', 'lukeprog', 'ricraz', 'tsvibt', 'zvi']
  K=10  trial  76/100  ARI=+0.208  n_docs=150  authors=['david-gross', 'eliezer_yudkowsky', 'jacob-falkovich', 'johnswentworth', 'ryan_greenblatt', 'so8res', 'steve2152', 'tsvibt', 'turntrout', 'zack_m_davis']
  K=10  trial  77/100  ARI=+0.272  n_docs=150  authors=['benito', 'benquo', 'buck', 'holdenkarnofsky', 'jacob-falkovich', 'jan_kulveit', 'kaj_sotala', 'petermccluskey', 'ryan_greenblatt', 'scottalexander']
  K=10  trial  78/100  ARI=+0.227  n_docs=150  authors=['benquo', 'david-gross', 'jacob-falkovich', 'jasoncrawford', 'lukeprog', 'philh', 'raemon', 'ricraz', 'scottalexander', 'turntrout']
  K=10  trial  79/100  ARI=+0.209  n_docs=150  authors=['benito', 'david-gross', 'gordon-seidoh-worley', 'jessica-liu-taylor', 'joe-carlsmith', 'nunosempere', 'philh', 'raemon', 'ricraz', 'scottalexander']
  K=10  trial  80/100  ARI=+0.171  n_docs=150  authors=['benquo', 'david-gross', 'elizabeth-1', 'gordon-seidoh-worley', 'jacob-falkovich', 'jan_kulveit', 'johnswentworth', 'lukeprog', 'steve2152', 'zack_m_davis']
  K=10  trial  81/100  ARI=+0.241  n_docs=150  authors=['benquo', 'elizabeth-1', 'jacob-falkovich', 'jasoncrawford', 'petermccluskey', 'raemon', 'sarahconstantin', 'screwtape', 'so8res', 'turntrout']
  K=10  trial  82/100  ARI=+0.180  n_docs=150  authors=['benito', 'eliezer_yudkowsky', 'elizabeth-1', 'holdenkarnofsky', 'jasoncrawford', 'jessica-liu-taylor', 'sarahconstantin', 'scottalexander', 'screwtape', 'so8res']
  K=10  trial  83/100  ARI=+0.302  n_docs=150  authors=['benquo', 'eliezer_yudkowsky', 'jessica-liu-taylor', 'joe-carlsmith', 'nunosempere', 'petermccluskey', 'philh', 'raemon', 'ryan_greenblatt', 'sarahconstantin']
  K=10  trial  84/100  ARI=+0.396  n_docs=150  authors=['abramdemski', 'elizabeth-1', 'jan_kulveit', 'kaj_sotala', 'petermccluskey', 'ruby', 'so8res', 'steve2152', 'turntrout', 'zvi']
  K=10  trial  85/100  ARI=+0.234  n_docs=150  authors=['benquo', 'eliezer_yudkowsky', 'elizabeth-1', 'gordon-seidoh-worley', 'holdenkarnofsky', 'johnswentworth', 'ruby', 'ryan_greenblatt', 'screwtape', 'zvi']
  K=10  trial  86/100  ARI=+0.224  n_docs=150  authors=['buck', 'elizabeth-1', 'jasoncrawford', 'jessica-liu-taylor', 'johnswentworth', 'katjagrace', 'nunosempere', 'raemon', 'ruby', 'zack_m_davis']
  K=10  trial  87/100  ARI=+0.338  n_docs=150  authors=['buck', 'jacob-falkovich', 'jan_kulveit', 'joe-carlsmith', 'johnswentworth', 'lukeprog', 'ryan_greenblatt', 'scottalexander', 'screwtape', 'zack_m_davis']
  K=10  trial  88/100  ARI=+0.132  n_docs=150  authors=['adamshimi', 'benito', 'eliezer_yudkowsky', 'jasoncrawford', 'jessica-liu-taylor', 'joe-carlsmith', 'lukeprog', 'ryan_greenblatt', 'scottalexander', 'zvi']
  K=10  trial  89/100  ARI=+0.276  n_docs=150  authors=['david-gross', 'gordon-seidoh-worley', 'holdenkarnofsky', 'kaj_sotala', 'katjagrace', 'lukeprog', 'nunosempere', 'ryan_greenblatt', 'tsvibt', 'zvi']
  K=10  trial  90/100  ARI=+0.169  n_docs=150  authors=['adamshimi', 'benito', 'benquo', 'buck', 'holdenkarnofsky', 'katjagrace', 'nunosempere', 'ryan_greenblatt', 'so8res', 'turntrout']
  K=10  trial  91/100  ARI=+0.169  n_docs=150  authors=['benquo', 'elizabeth-1', 'jacob-falkovich', 'jan_kulveit', 'jessica-liu-taylor', 'katjagrace', 'philh', 'ricraz', 'ruby', 'zvi']
  K=10  trial  92/100  ARI=+0.334  n_docs=150  authors=['abramdemski', 'holdenkarnofsky', 'jasoncrawford', 'joe-carlsmith', 'katjagrace', 'nunosempere', 'petermccluskey', 'scottalexander', 'screwtape', 'steve2152']
  K=10  trial  93/100  ARI=+0.219  n_docs=150  authors=['benito', 'benquo', 'holdenkarnofsky', 'jan_kulveit', 'johnswentworth', 'kaj_sotala', 'ryan_greenblatt', 'screwtape', 'steve2152', 'zack_m_davis']
  K=10  trial  94/100  ARI=+0.160  n_docs=150  authors=['adamshimi', 'benito', 'elizabeth-1', 'gordon-seidoh-worley', 'johnswentworth', 'kaj_sotala', 'lukeprog', 'nunosempere', 'philh', 'sarahconstantin']
  K=10  trial  95/100  ARI=+0.267  n_docs=150  authors=['adamshimi', 'benquo', 'elizabeth-1', 'holdenkarnofsky', 'kaj_sotala', 'katjagrace', 'ruby', 'ryan_greenblatt', 'steve2152', 'zvi']
  K=10  trial  96/100  ARI=+0.205  n_docs=150  authors=['buck', 'david-gross', 'elizabeth-1', 'gordon-seidoh-worley', 'raemon', 'ryan_greenblatt', 'sarahconstantin', 'steve2152', 'tsvibt', 'zack_m_davis']
  K=10  trial  97/100  ARI=+0.334  n_docs=150  authors=['benquo', 'david-gross', 'gordon-seidoh-worley', 'jacob-falkovich', 'kaj_sotala', 'nunosempere', 'petermccluskey', 'ruby', 'ryan_greenblatt', 'screwtape']
  K=10  trial  98/100  ARI=+0.212  n_docs=150  authors=['benquo', 'buck', 'holdenkarnofsky', 'jasoncrawford', 'jessica-liu-taylor', 'joe-carlsmith', 'johnswentworth', 'lukeprog', 'so8res', 'steve2152']
  K=10  trial  99/100  ARI=+0.301  n_docs=150  authors=['adamshimi', 'eliezer_yudkowsky', 'johnswentworth', 'lukeprog', 'nunosempere', 'petermccluskey', 'ryan_greenblatt', 'sarahconstantin', 'tsvibt', 'zack_m_davis']
  K=10  trial 100/100  ARI=+0.235  n_docs=150  authors=['abramdemski', 'adamshimi', 'david-gross', 'eliezer_yudkowsky', 'holdenkarnofsky', 'jacob-falkovich', 'kaj_sotala', 'ruby', 'sarahconstantin', 'screwtape']
  K=12  trial   1/100  ARI=+0.180  n_docs=180  authors=['abramdemski', 'benito', 'holdenkarnofsky', 'jacob-falkovich', 'jasoncrawford', 'johnswentworth', 'nunosempere', 'petermccluskey', 'raemon', 'ruby', 'sarahconstantin', 'turntrout']
  K=12  trial   2/100  ARI=+0.176  n_docs=180  authors=['adamshimi', 'benito', 'benquo', 'eliezer_yudkowsky', 'jacob-falkovich', 'johnswentworth', 'kaj_sotala', 'lukeprog', 'ryan_greenblatt', 'scottalexander', 'screwtape', 'steve2152']
  K=12  trial   3/100  ARI=+0.182  n_docs=180  authors=['benito', 'benquo', 'eliezer_yudkowsky', 'jan_kulveit', 'jasoncrawford', 'johnswentworth', 'katjagrace', 'philh', 'ruby', 'sarahconstantin', 'screwtape', 'zvi']
  K=12  trial   4/100  ARI=+0.195  n_docs=180  authors=['abramdemski', 'benquo', 'david-gross', 'jan_kulveit', 'johnswentworth', 'kaj_sotala', 'petermccluskey', 'ricraz', 'ruby', 'tsvibt', 'zack_m_davis', 'zvi']
  K=12  trial   5/100  ARI=+0.213  n_docs=180  authors=['adamshimi', 'benito', 'benquo', 'buck', 'david-gross', 'johnswentworth', 'kaj_sotala', 'katjagrace', 'sarahconstantin', 'so8res', 'steve2152', 'tsvibt']
  K=12  trial   6/100  ARI=+0.208  n_docs=180  authors=['abramdemski', 'elizabeth-1', 'gordon-seidoh-worley', 'jessica-liu-taylor', 'johnswentworth', 'kaj_sotala', 'petermccluskey', 'philh', 'ryan_greenblatt', 'screwtape', 'turntrout', 'zack_m_davis']
  K=12  trial   7/100  ARI=+0.203  n_docs=180  authors=['abramdemski', 'adamshimi', 'benito', 'holdenkarnofsky', 'jan_kulveit', 'katjagrace', 'lukeprog', 'ricraz', 'scottalexander', 'screwtape', 'so8res', 'tsvibt']
  K=12  trial   8/100  ARI=+0.271  n_docs=180  authors=['abramdemski', 'buck', 'jacob-falkovich', 'katjagrace', 'nunosempere', 'petermccluskey', 'philh', 'raemon', 'ryan_greenblatt', 'tsvibt', 'turntrout', 'zvi']
  K=12  trial   9/100  ARI=+0.219  n_docs=180  authors=['adamshimi', 'david-gross', 'eliezer_yudkowsky', 'gordon-seidoh-worley', 'jan_kulveit', 'joe-carlsmith', 'katjagrace', 'petermccluskey', 'philh', 'raemon', 'sarahconstantin', 'so8res']
  K=12  trial  10/100  ARI=+0.184  n_docs=180  authors=['adamshimi', 'benito', 'benquo', 'buck', 'gordon-seidoh-worley', 'holdenkarnofsky', 'johnswentworth', 'ruby', 'ryan_greenblatt', 'sarahconstantin', 'steve2152', 'zack_m_davis']
  K=12  trial  11/100  ARI=+0.189  n_docs=180  authors=['david-gross', 'jan_kulveit', 'jasoncrawford', 'ricraz', 'ruby', 'ryan_greenblatt', 'sarahconstantin', 'scottalexander', 'screwtape', 'steve2152', 'tsvibt', 'zack_m_davis']
  K=12  trial  12/100  ARI=+0.241  n_docs=180  authors=['benito', 'david-gross', 'eliezer_yudkowsky', 'elizabeth-1', 'holdenkarnofsky', 'jacob-falkovich', 'joe-carlsmith', 'kaj_sotala', 'nunosempere', 'raemon', 'sarahconstantin', 'scottalexander']
  K=12  trial  13/100  ARI=+0.149  n_docs=180  authors=['abramdemski', 'benquo', 'buck', 'gordon-seidoh-worley', 'holdenkarnofsky', 'jacob-falkovich', 'johnswentworth', 'nunosempere', 'philh', 'sarahconstantin', 'tsvibt', 'zack_m_davis']
  K=12  trial  14/100  ARI=+0.228  n_docs=180  authors=['abramdemski', 'eliezer_yudkowsky', 'joe-carlsmith', 'johnswentworth', 'katjagrace', 'lukeprog', 'petermccluskey', 'ryan_greenblatt', 'screwtape', 'so8res', 'tsvibt', 'zack_m_davis']
  K=12  trial  15/100  ARI=+0.254  n_docs=180  authors=['abramdemski', 'benito', 'david-gross', 'elizabeth-1', 'jan_kulveit', 'jessica-liu-taylor', 'kaj_sotala', 'nunosempere', 'ryan_greenblatt', 'sarahconstantin', 'screwtape', 'zack_m_davis']
  K=12  trial  16/100  ARI=+0.178  n_docs=180  authors=['abramdemski', 'adamshimi', 'benquo', 'elizabeth-1', 'holdenkarnofsky', 'jacob-falkovich', 'jessica-liu-taylor', 'lukeprog', 'philh', 'screwtape', 'turntrout', 'zvi']
  K=12  trial  17/100  ARI=+0.153  n_docs=180  authors=['abramdemski', 'adamshimi', 'benito', 'holdenkarnofsky', 'jan_kulveit', 'jasoncrawford', 'johnswentworth', 'philh', 'ryan_greenblatt', 'so8res', 'tsvibt', 'zack_m_davis']
  K=12  trial  18/100  ARI=+0.240  n_docs=180  authors=['adamshimi', 'holdenkarnofsky', 'jacob-falkovich', 'jasoncrawford', 'jessica-liu-taylor', 'johnswentworth', 'nunosempere', 'raemon', 'ricraz', 'ryan_greenblatt', 'screwtape', 'steve2152']
  K=12  trial  19/100  ARI=+0.205  n_docs=180  authors=['abramdemski', 'adamshimi', 'benito', 'benquo', 'buck', 'jacob-falkovich', 'jessica-liu-taylor', 'nunosempere', 'philh', 'ruby', 'tsvibt', 'zack_m_davis']
  K=12  trial  20/100  ARI=+0.233  n_docs=180  authors=['benito', 'benquo', 'jasoncrawford', 'joe-carlsmith', 'kaj_sotala', 'lukeprog', 'nunosempere', 'petermccluskey', 'ricraz', 'ryan_greenblatt', 'sarahconstantin', 'so8res']
  K=12  trial  21/100  ARI=+0.349  n_docs=180  authors=['abramdemski', 'benito', 'elizabeth-1', 'gordon-seidoh-worley', 'jan_kulveit', 'jasoncrawford', 'petermccluskey', 'philh', 'sarahconstantin', 'steve2152', 'turntrout', 'zvi']
  K=12  trial  22/100  ARI=+0.189  n_docs=180  authors=['benito', 'benquo', 'david-gross', 'eliezer_yudkowsky', 'kaj_sotala', 'lukeprog', 'nunosempere', 'petermccluskey', 'raemon', 'ricraz', 'scottalexander', 'tsvibt']
  K=12  trial  23/100  ARI=+0.260  n_docs=180  authors=['benito', 'david-gross', 'holdenkarnofsky', 'jasoncrawford', 'jessica-liu-taylor', 'joe-carlsmith', 'katjagrace', 'ryan_greenblatt', 'sarahconstantin', 'scottalexander', 'screwtape', 'zvi']
  K=12  trial  24/100  ARI=+0.140  n_docs=180  authors=['adamshimi', 'benquo', 'gordon-seidoh-worley', 'jan_kulveit', 'jasoncrawford', 'lukeprog', 'nunosempere', 'ruby', 'sarahconstantin', 'screwtape', 'turntrout', 'zvi']
  K=12  trial  25/100  ARI=+0.200  n_docs=180  authors=['abramdemski', 'adamshimi', 'benito', 'benquo', 'david-gross', 'gordon-seidoh-worley', 'johnswentworth', 'philh', 'scottalexander', 'screwtape', 'steve2152', 'zvi']
  K=12  trial  26/100  ARI=+0.116  n_docs=180  authors=['benquo', 'eliezer_yudkowsky', 'holdenkarnofsky', 'jasoncrawford', 'joe-carlsmith', 'johnswentworth', 'kaj_sotala', 'katjagrace', 'philh', 'ryan_greenblatt', 'scottalexander', 'tsvibt']
  K=12  trial  27/100  ARI=+0.178  n_docs=180  authors=['abramdemski', 'eliezer_yudkowsky', 'jan_kulveit', 'jessica-liu-taylor', 'lukeprog', 'philh', 'ruby', 'ryan_greenblatt', 'screwtape', 'steve2152', 'turntrout', 'zack_m_davis']
  K=12  trial  28/100  ARI=+0.252  n_docs=180  authors=['eliezer_yudkowsky', 'jasoncrawford', 'jessica-liu-taylor', 'katjagrace', 'petermccluskey', 'ryan_greenblatt', 'scottalexander', 'screwtape', 'steve2152', 'turntrout', 'zack_m_davis', 'zvi']
  K=12  trial  29/100  ARI=+0.221  n_docs=180  authors=['benito', 'benquo', 'elizabeth-1', 'kaj_sotala', 'katjagrace', 'nunosempere', 'philh', 'ryan_greenblatt', 'so8res', 'steve2152', 'tsvibt', 'turntrout']
  K=12  trial  30/100  ARI=+0.200  n_docs=180  authors=['adamshimi', 'benquo', 'david-gross', 'eliezer_yudkowsky', 'elizabeth-1', 'gordon-seidoh-worley', 'jan_kulveit', 'joe-carlsmith', 'nunosempere', 'so8res', 'tsvibt', 'turntrout']
  K=12  trial  31/100  ARI=+0.133  n_docs=180  authors=['benquo', 'david-gross', 'eliezer_yudkowsky', 'gordon-seidoh-worley', 'kaj_sotala', 'katjagrace', 'lukeprog', 'philh', 'raemon', 'ruby', 'sarahconstantin', 'zack_m_davis']
  K=12  trial  32/100  ARI=+0.178  n_docs=180  authors=['abramdemski', 'benito', 'benquo', 'eliezer_yudkowsky', 'elizabeth-1', 'jacob-falkovich', 'jessica-liu-taylor', 'lukeprog', 'petermccluskey', 'ruby', 'sarahconstantin', 'zack_m_davis']
  K=12  trial  33/100  ARI=+0.224  n_docs=180  authors=['abramdemski', 'adamshimi', 'gordon-seidoh-worley', 'jasoncrawford', 'jessica-liu-taylor', 'joe-carlsmith', 'johnswentworth', 'kaj_sotala', 'petermccluskey', 'philh', 'ryan_greenblatt', 'scottalexander']
  K=12  trial  34/100  ARI=+0.224  n_docs=180  authors=['buck', 'eliezer_yudkowsky', 'holdenkarnofsky', 'jasoncrawford', 'jessica-liu-taylor', 'kaj_sotala', 'lukeprog', 'petermccluskey', 'philh', 'ruby', 'steve2152', 'zvi']
  K=12  trial  35/100  ARI=+0.138  n_docs=180  authors=['adamshimi', 'benito', 'buck', 'david-gross', 'joe-carlsmith', 'nunosempere', 'ricraz', 'sarahconstantin', 'so8res', 'steve2152', 'tsvibt', 'zack_m_davis']
  K=12  trial  36/100  ARI=+0.280  n_docs=180  authors=['abramdemski', 'gordon-seidoh-worley', 'holdenkarnofsky', 'jasoncrawford', 'jessica-liu-taylor', 'johnswentworth', 'ricraz', 'screwtape', 'so8res', 'steve2152', 'tsvibt', 'zvi']
  K=12  trial  37/100  ARI=+0.143  n_docs=180  authors=['gordon-seidoh-worley', 'holdenkarnofsky', 'jacob-falkovich', 'jasoncrawford', 'kaj_sotala', 'lukeprog', 'ricraz', 'ruby', 'scottalexander', 'steve2152', 'tsvibt', 'zack_m_davis']
  K=12  trial  38/100  ARI=+0.207  n_docs=180  authors=['buck', 'david-gross', 'eliezer_yudkowsky', 'gordon-seidoh-worley', 'nunosempere', 'raemon', 'ricraz', 'ruby', 'ryan_greenblatt', 'sarahconstantin', 'scottalexander', 'tsvibt']
  K=12  trial  39/100  ARI=+0.140  n_docs=180  authors=['abramdemski', 'buck', 'eliezer_yudkowsky', 'elizabeth-1', 'gordon-seidoh-worley', 'jasoncrawford', 'joe-carlsmith', 'kaj_sotala', 'philh', 'so8res', 'turntrout', 'zack_m_davis']
  K=12  trial  40/100  ARI=+0.150  n_docs=180  authors=['adamshimi', 'benquo', 'buck', 'elizabeth-1', 'jacob-falkovich', 'jessica-liu-taylor', 'lukeprog', 'nunosempere', 'philh', 'ryan_greenblatt', 'sarahconstantin', 'scottalexander']
  K=12  trial  41/100  ARI=+0.205  n_docs=180  authors=['benito', 'david-gross', 'jessica-liu-taylor', 'joe-carlsmith', 'johnswentworth', 'kaj_sotala', 'katjagrace', 'petermccluskey', 'scottalexander', 'screwtape', 'zack_m_davis', 'zvi']
  K=12  trial  42/100  ARI=+0.271  n_docs=180  authors=['adamshimi', 'buck', 'david-gross', 'elizabeth-1', 'jan_kulveit', 'jasoncrawford', 'katjagrace', 'ricraz', 'ryan_greenblatt', 'scottalexander', 'screwtape', 'so8res']
  K=12  trial  43/100  ARI=+0.165  n_docs=180  authors=['adamshimi', 'benito', 'buck', 'holdenkarnofsky', 'jasoncrawford', 'jessica-liu-taylor', 'katjagrace', 'nunosempere', 'philh', 'ruby', 'scottalexander', 'tsvibt']
  K=12  trial  44/100  ARI=+0.193  n_docs=180  authors=['adamshimi', 'eliezer_yudkowsky', 'jasoncrawford', 'johnswentworth', 'kaj_sotala', 'katjagrace', 'nunosempere', 'philh', 'ryan_greenblatt', 'scottalexander', 'so8res', 'zvi']
  K=12  trial  45/100  ARI=+0.145  n_docs=180  authors=['adamshimi', 'elizabeth-1', 'jasoncrawford', 'jessica-liu-taylor', 'joe-carlsmith', 'kaj_sotala', 'lukeprog', 'raemon', 'ryan_greenblatt', 'sarahconstantin', 'tsvibt', 'zvi']
  K=12  trial  46/100  ARI=+0.169  n_docs=180  authors=['adamshimi', 'benito', 'buck', 'david-gross', 'eliezer_yudkowsky', 'gordon-seidoh-worley', 'holdenkarnofsky', 'jessica-liu-taylor', 'kaj_sotala', 'katjagrace', 'tsvibt', 'zack_m_davis']
  K=12  trial  47/100  ARI=+0.346  n_docs=180  authors=['benito', 'buck', 'david-gross', 'jasoncrawford', 'joe-carlsmith', 'nunosempere', 'petermccluskey', 'philh', 'scottalexander', 'screwtape', 'turntrout', 'zack_m_davis']
  K=12  trial  48/100  ARI=+0.198  n_docs=180  authors=['abramdemski', 'buck', 'david-gross', 'eliezer_yudkowsky', 'elizabeth-1', 'jasoncrawford', 'johnswentworth', 'lukeprog', 'scottalexander', 'screwtape', 'turntrout', 'zvi']
  K=12  trial  49/100  ARI=+0.204  n_docs=180  authors=['david-gross', 'gordon-seidoh-worley', 'holdenkarnofsky', 'johnswentworth', 'katjagrace', 'nunosempere', 'philh', 'raemon', 'ruby', 'so8res', 'steve2152', 'zack_m_davis']
  K=12  trial  50/100  ARI=+0.183  n_docs=180  authors=['adamshimi', 'buck', 'eliezer_yudkowsky', 'elizabeth-1', 'gordon-seidoh-worley', 'jan_kulveit', 'jessica-liu-taylor', 'katjagrace', 'nunosempere', 'petermccluskey', 'sarahconstantin', 'tsvibt']
  K=12  trial  51/100  ARI=+0.117  n_docs=180  authors=['adamshimi', 'benquo', 'gordon-seidoh-worley', 'jasoncrawford', 'joe-carlsmith', 'johnswentworth', 'katjagrace', 'lukeprog', 'ricraz', 'sarahconstantin', 'tsvibt', 'zack_m_davis']
  K=12  trial  52/100  ARI=+0.125  n_docs=180  authors=['abramdemski', 'adamshimi', 'benito', 'buck', 'eliezer_yudkowsky', 'elizabeth-1', 'jacob-falkovich', 'johnswentworth', 'lukeprog', 'philh', 'so8res', 'zvi']
  K=12  trial  53/100  ARI=+0.173  n_docs=180  authors=['adamshimi', 'benito', 'benquo', 'david-gross', 'elizabeth-1', 'gordon-seidoh-worley', 'jan_kulveit', 'nunosempere', 'raemon', 'screwtape', 'tsvibt', 'zack_m_davis']
  K=12  trial  54/100  ARI=+0.153  n_docs=180  authors=['benito', 'buck', 'gordon-seidoh-worley', 'holdenkarnofsky', 'katjagrace', 'lukeprog', 'petermccluskey', 'raemon', 'ricraz', 'sarahconstantin', 'screwtape', 'zack_m_davis']
  K=12  trial  55/100  ARI=+0.159  n_docs=180  authors=['abramdemski', 'benito', 'gordon-seidoh-worley', 'jan_kulveit', 'jasoncrawford', 'jessica-liu-taylor', 'joe-carlsmith', 'johnswentworth', 'katjagrace', 'nunosempere', 'ricraz', 'sarahconstantin']
  K=12  trial  56/100  ARI=+0.218  n_docs=180  authors=['abramdemski', 'adamshimi', 'benito', 'eliezer_yudkowsky', 'holdenkarnofsky', 'jessica-liu-taylor', 'kaj_sotala', 'lukeprog', 'ryan_greenblatt', 'scottalexander', 'so8res', 'tsvibt']
  K=12  trial  57/100  ARI=+0.191  n_docs=180  authors=['abramdemski', 'benito', 'benquo', 'gordon-seidoh-worley', 'jacob-falkovich', 'joe-carlsmith', 'johnswentworth', 'lukeprog', 'ricraz', 'ruby', 'tsvibt', 'zvi']
  K=12  trial  58/100  ARI=+0.236  n_docs=180  authors=['gordon-seidoh-worley', 'jasoncrawford', 'jessica-liu-taylor', 'joe-carlsmith', 'johnswentworth', 'katjagrace', 'nunosempere', 'petermccluskey', 'ricraz', 'ruby', 'so8res', 'tsvibt']
  K=12  trial  59/100  ARI=+0.233  n_docs=180  authors=['abramdemski', 'elizabeth-1', 'holdenkarnofsky', 'jan_kulveit', 'joe-carlsmith', 'kaj_sotala', 'lukeprog', 'nunosempere', 'raemon', 'ricraz', 'sarahconstantin', 'steve2152']
  K=12  trial  60/100  ARI=+0.219  n_docs=180  authors=['benito', 'david-gross', 'jacob-falkovich', 'jan_kulveit', 'joe-carlsmith', 'katjagrace', 'lukeprog', 'petermccluskey', 'ruby', 'ryan_greenblatt', 'sarahconstantin', 'zvi']
  K=12  trial  61/100  ARI=+0.124  n_docs=180  authors=['benito', 'buck', 'elizabeth-1', 'gordon-seidoh-worley', 'jan_kulveit', 'jasoncrawford', 'jessica-liu-taylor', 'philh', 'sarahconstantin', 'so8res', 'steve2152', 'zvi']
  K=12  trial  62/100  ARI=+0.249  n_docs=180  authors=['david-gross', 'elizabeth-1', 'joe-carlsmith', 'kaj_sotala', 'lukeprog', 'petermccluskey', 'ricraz', 'ruby', 'scottalexander', 'screwtape', 'steve2152', 'zack_m_davis']
  K=12  trial  63/100  ARI=+0.187  n_docs=180  authors=['adamshimi', 'eliezer_yudkowsky', 'elizabeth-1', 'katjagrace', 'lukeprog', 'nunosempere', 'philh', 'raemon', 'ricraz', 'ruby', 'steve2152', 'tsvibt']
  K=12  trial  64/100  ARI=+0.145  n_docs=180  authors=['buck', 'eliezer_yudkowsky', 'jessica-liu-taylor', 'joe-carlsmith', 'katjagrace', 'petermccluskey', 'philh', 'raemon', 'ricraz', 'screwtape', 'so8res', 'steve2152']
  K=12  trial  65/100  ARI=+0.239  n_docs=180  authors=['eliezer_yudkowsky', 'gordon-seidoh-worley', 'jacob-falkovich', 'joe-carlsmith', 'johnswentworth', 'lukeprog', 'nunosempere', 'philh', 'raemon', 'ricraz', 'turntrout', 'zack_m_davis']
  K=12  trial  66/100  ARI=+0.182  n_docs=180  authors=['abramdemski', 'david-gross', 'jacob-falkovich', 'jessica-liu-taylor', 'johnswentworth', 'kaj_sotala', 'petermccluskey', 'ricraz', 'ryan_greenblatt', 'screwtape', 'so8res', 'zack_m_davis']
  K=12  trial  67/100  ARI=+0.161  n_docs=180  authors=['adamshimi', 'benquo', 'buck', 'gordon-seidoh-worley', 'holdenkarnofsky', 'katjagrace', 'philh', 'raemon', 'ricraz', 'scottalexander', 'zack_m_davis', 'zvi']
  K=12  trial  68/100  ARI=+0.143  n_docs=180  authors=['benquo', 'buck', 'jacob-falkovich', 'jessica-liu-taylor', 'katjagrace', 'raemon', 'scottalexander', 'screwtape', 'so8res', 'tsvibt', 'zack_m_davis', 'zvi']
  K=12  trial  69/100  ARI=+0.138  n_docs=180  authors=['benito', 'gordon-seidoh-worley', 'holdenkarnofsky', 'jan_kulveit', 'jessica-liu-taylor', 'joe-carlsmith', 'philh', 'ricraz', 'sarahconstantin', 'scottalexander', 'so8res', 'zack_m_davis']
  K=12  trial  70/100  ARI=+0.333  n_docs=180  authors=['david-gross', 'gordon-seidoh-worley', 'jacob-falkovich', 'jasoncrawford', 'joe-carlsmith', 'nunosempere', 'petermccluskey', 'philh', 'ricraz', 'ruby', 'scottalexander', 'screwtape']
  K=12  trial  71/100  ARI=+0.284  n_docs=180  authors=['abramdemski', 'adamshimi', 'david-gross', 'eliezer_yudkowsky', 'gordon-seidoh-worley', 'jasoncrawford', 'jessica-liu-taylor', 'lukeprog', 'philh', 'so8res', 'zack_m_davis', 'zvi']
  K=12  trial  72/100  ARI=+0.188  n_docs=180  authors=['adamshimi', 'benquo', 'david-gross', 'elizabeth-1', 'joe-carlsmith', 'lukeprog', 'philh', 'ricraz', 'so8res', 'steve2152', 'tsvibt', 'zack_m_davis']
  K=12  trial  73/100  ARI=+0.243  n_docs=180  authors=['benito', 'buck', 'jacob-falkovich', 'jasoncrawford', 'joe-carlsmith', 'johnswentworth', 'lukeprog', 'petermccluskey', 'raemon', 'steve2152', 'turntrout', 'zvi']
  K=12  trial  74/100  ARI=+0.273  n_docs=180  authors=['abramdemski', 'adamshimi', 'holdenkarnofsky', 'jacob-falkovich', 'kaj_sotala', 'lukeprog', 'raemon', 'ricraz', 'ryan_greenblatt', 'steve2152', 'tsvibt', 'zack_m_davis']
  K=12  trial  75/100  ARI=+0.221  n_docs=180  authors=['benito', 'buck', 'david-gross', 'elizabeth-1', 'gordon-seidoh-worley', 'jan_kulveit', 'joe-carlsmith', 'katjagrace', 'petermccluskey', 'philh', 'ruby', 'sarahconstantin']
  K=12  trial  76/100  ARI=+0.214  n_docs=180  authors=['david-gross', 'elizabeth-1', 'gordon-seidoh-worley', 'johnswentworth', 'katjagrace', 'petermccluskey', 'ryan_greenblatt', 'sarahconstantin', 'screwtape', 'steve2152', 'zack_m_davis', 'zvi']
  K=12  trial  77/100  ARI=+0.268  n_docs=180  authors=['eliezer_yudkowsky', 'gordon-seidoh-worley', 'jacob-falkovich', 'jessica-liu-taylor', 'kaj_sotala', 'nunosempere', 'philh', 'ricraz', 'ruby', 'ryan_greenblatt', 'so8res', 'zvi']
  K=12  trial  78/100  ARI=+0.233  n_docs=180  authors=['benito', 'david-gross', 'jacob-falkovich', 'jan_kulveit', 'jasoncrawford', 'jessica-liu-taylor', 'joe-carlsmith', 'kaj_sotala', 'philh', 'raemon', 'ricraz', 'zvi']
  K=12  trial  79/100  ARI=+0.231  n_docs=180  authors=['benquo', 'elizabeth-1', 'jacob-falkovich', 'joe-carlsmith', 'raemon', 'sarahconstantin', 'scottalexander', 'screwtape', 'so8res', 'steve2152', 'zack_m_davis', 'zvi']
  K=12  trial  80/100  ARI=+0.223  n_docs=180  authors=['adamshimi', 'benquo', 'david-gross', 'jan_kulveit', 'jasoncrawford', 'jessica-liu-taylor', 'lukeprog', 'petermccluskey', 'philh', 'screwtape', 'steve2152', 'zack_m_davis']
  K=12  trial  81/100  ARI=+0.171  n_docs=180  authors=['abramdemski', 'adamshimi', 'jacob-falkovich', 'jan_kulveit', 'katjagrace', 'nunosempere', 'ruby', 'scottalexander', 'so8res', 'steve2152', 'tsvibt', 'zack_m_davis']
  K=12  trial  82/100  ARI=+0.309  n_docs=180  authors=['abramdemski', 'benito', 'benquo', 'jacob-falkovich', 'jasoncrawford', 'jessica-liu-taylor', 'nunosempere', 'petermccluskey', 'ryan_greenblatt', 'sarahconstantin', 'zack_m_davis', 'zvi']
  K=12  trial  83/100  ARI=+0.188  n_docs=180  authors=['benito', 'benquo', 'eliezer_yudkowsky', 'gordon-seidoh-worley', 'jacob-falkovich', 'johnswentworth', 'katjagrace', 'nunosempere', 'raemon', 'scottalexander', 'screwtape', 'turntrout']
  K=12  trial  84/100  ARI=+0.119  n_docs=180  authors=['benito', 'eliezer_yudkowsky', 'jan_kulveit', 'jessica-liu-taylor', 'joe-carlsmith', 'nunosempere', 'philh', 'raemon', 'ricraz', 'sarahconstantin', 'screwtape', 'steve2152']
  K=12  trial  85/100  ARI=+0.162  n_docs=180  authors=['adamshimi', 'benquo', 'buck', 'eliezer_yudkowsky', 'jacob-falkovich', 'jasoncrawford', 'joe-carlsmith', 'nunosempere', 'sarahconstantin', 'so8res', 'steve2152', 'tsvibt']
  K=12  trial  86/100  ARI=+0.200  n_docs=180  authors=['benquo', 'elizabeth-1', 'gordon-seidoh-worley', 'jacob-falkovich', 'joe-carlsmith', 'lukeprog', 'ruby', 'screwtape', 'so8res', 'steve2152', 'turntrout', 'zack_m_davis']
  K=12  trial  87/100  ARI=+0.264  n_docs=180  authors=['abramdemski', 'adamshimi', 'buck', 'eliezer_yudkowsky', 'jacob-falkovich', 'johnswentworth', 'petermccluskey', 'philh', 'raemon', 'ryan_greenblatt', 'sarahconstantin', 'steve2152']
  K=12  trial  88/100  ARI=+0.118  n_docs=180  authors=['adamshimi', 'benquo', 'david-gross', 'gordon-seidoh-worley', 'jacob-falkovich', 'jan_kulveit', 'jessica-liu-taylor', 'philh', 'ricraz', 'tsvibt', 'turntrout', 'zvi']
  K=12  trial  89/100  ARI=+0.175  n_docs=180  authors=['abramdemski', 'benito', 'buck', 'jan_kulveit', 'jasoncrawford', 'katjagrace', 'raemon', 'ricraz', 'ruby', 'tsvibt', 'zack_m_davis', 'zvi']
  K=12  trial  90/100  ARI=+0.225  n_docs=180  authors=['adamshimi', 'david-gross', 'gordon-seidoh-worley', 'jasoncrawford', 'jessica-liu-taylor', 'johnswentworth', 'ricraz', 'sarahconstantin', 'so8res', 'turntrout', 'zack_m_davis', 'zvi']
  K=12  trial  91/100  ARI=+0.168  n_docs=180  authors=['elizabeth-1', 'holdenkarnofsky', 'jacob-falkovich', 'joe-carlsmith', 'johnswentworth', 'lukeprog', 'nunosempere', 'ricraz', 'ruby', 'sarahconstantin', 'screwtape', 'zack_m_davis']
  K=12  trial  92/100  ARI=+0.186  n_docs=180  authors=['eliezer_yudkowsky', 'jasoncrawford', 'jessica-liu-taylor', 'joe-carlsmith', 'johnswentworth', 'katjagrace', 'lukeprog', 'petermccluskey', 'ricraz', 'scottalexander', 'screwtape', 'tsvibt']
  K=12  trial  93/100  ARI=+0.203  n_docs=180  authors=['benito', 'benquo', 'buck', 'jan_kulveit', 'katjagrace', 'nunosempere', 'petermccluskey', 'raemon', 'scottalexander', 'so8res', 'turntrout', 'zvi']
  K=12  trial  94/100  ARI=+0.239  n_docs=180  authors=['abramdemski', 'adamshimi', 'buck', 'jasoncrawford', 'jessica-liu-taylor', 'joe-carlsmith', 'johnswentworth', 'katjagrace', 'nunosempere', 'raemon', 'sarahconstantin', 'turntrout']
  K=12  trial  95/100  ARI=+0.292  n_docs=180  authors=['benquo', 'david-gross', 'jessica-liu-taylor', 'joe-carlsmith', 'johnswentworth', 'kaj_sotala', 'lukeprog', 'nunosempere', 'petermccluskey', 'ryan_greenblatt', 'turntrout', 'zack_m_davis']
  K=12  trial  96/100  ARI=+0.276  n_docs=180  authors=['adamshimi', 'buck', 'david-gross', 'elizabeth-1', 'holdenkarnofsky', 'jan_kulveit', 'kaj_sotala', 'ryan_greenblatt', 'sarahconstantin', 'steve2152', 'turntrout', 'zvi']
  K=12  trial  97/100  ARI=+0.114  n_docs=180  authors=['benito', 'elizabeth-1', 'jessica-liu-taylor', 'philh', 'raemon', 'ricraz', 'ruby', 'sarahconstantin', 'scottalexander', 'tsvibt', 'turntrout', 'zvi']
  K=12  trial  98/100  ARI=+0.151  n_docs=180  authors=['benito', 'david-gross', 'gordon-seidoh-worley', 'holdenkarnofsky', 'jan_kulveit', 'jasoncrawford', 'katjagrace', 'raemon', 'ricraz', 'ryan_greenblatt', 'sarahconstantin', 'tsvibt']
  K=12  trial  99/100  ARI=+0.169  n_docs=180  authors=['adamshimi', 'benquo', 'buck', 'holdenkarnofsky', 'jasoncrawford', 'joe-carlsmith', 'katjagrace', 'raemon', 'ruby', 'sarahconstantin', 'screwtape', 'tsvibt']
  K=12  trial 100/100  ARI=+0.182  n_docs=180  authors=['benito', 'david-gross', 'eliezer_yudkowsky', 'holdenkarnofsky', 'jasoncrawford', 'jessica-liu-taylor', 'philh', 'ruby', 'ryan_greenblatt', 'so8res', 'steve2152', 'tsvibt']

── ARI sweep summary ──
    K    n    mean     std     min     max
    2  100  +0.396   0.364  -0.025  +1.000
    4  100  +0.321   0.151  +0.033  +0.787
    6  100  +0.290   0.103  +0.082  +0.609
    8  100  +0.264   0.084  +0.112  +0.596
   10  100  +0.232   0.082  +0.076  +0.567
   12  100  +0.201   0.051  +0.114  +0.349

Saved -> src\kmeans\outputs\effect_of_k\ari_vs_k.png
