=== [1/2] cleaned_10: 10 authors, K=4, sample 4 authors + M docs ===

Loading cleaned_10 corpus …
  400 docs × 1500w  (10 authors)
Building stylometric feature matrix …
  feature cache hit -> src\kmeans\cache\cleaned_10\2b210234ff591af9.npz
  X shape: (400, 107)

ARI sweep: K=4, M in [5, 10, 15, 20], 50 trials per M
  group pool = C(10,4) = 210
    M= 5: 5 docs/author, total=20 docs/trial
    M=10: 10 docs/author, total=40 docs/trial
    M=15: 15 docs/author, total=60 docs/trial
    M=20: 20 docs/author, total=80 docs/trial
  KMeans: init='k-means++', n_init=10
  M= 5  trial   1/50  ARI=+0.317  n_docs= 20  authors=['jessica-liu-taylor', 'kaj_sotala', 'ruby', 'steve2152']
  M= 5  trial   2/50  ARI=+0.590  n_docs= 20  authors=['abramdemski', 'jessica-liu-taylor', 'ruby', 'zvi']
  M= 5  trial   3/50  ARI=+0.622  n_docs= 20  authors=['kaj_sotala', 'neel-nanda-1', 'raemon', 'ricraz']
  M= 5  trial   4/50  ARI=+0.266  n_docs= 20  authors=['johnswentworth', 'kaj_sotala', 'neel-nanda-1', 'steve2152']
  M= 5  trial   5/50  ARI=+0.382  n_docs= 20  authors=['jessica-liu-taylor', 'neel-nanda-1', 'ruby', 'steve2152']
  M= 5  trial   6/50  ARI=+0.454  n_docs= 20  authors=['johnswentworth', 'neel-nanda-1', 'ricraz', 'steve2152']
  M= 5  trial   7/50  ARI=+0.438  n_docs= 20  authors=['neel-nanda-1', 'ruby', 'steve2152', 'zvi']
  M= 5  trial   8/50  ARI=+0.400  n_docs= 20  authors=['ricraz', 'ruby', 'steve2152', 'zvi']
  M= 5  trial   9/50  ARI=+0.401  n_docs= 20  authors=['jessica-liu-taylor', 'kaj_sotala', 'raemon', 'ricraz']
  M= 5  trial  10/50  ARI=+0.207  n_docs= 20  authors=['abramdemski', 'jessica-liu-taylor', 'neel-nanda-1', 'zvi']
  M= 5  trial  11/50  ARI=+0.318  n_docs= 20  authors=['jessica-liu-taylor', 'johnswentworth', 'raemon', 'steve2152']
  M= 5  trial  12/50  ARI=+0.618  n_docs= 20  authors=['jessica-liu-taylor', 'kaj_sotala', 'steve2152', 'zvi']
  M= 5  trial  13/50  ARI=+0.517  n_docs= 20  authors=['abramdemski', 'jessica-liu-taylor', 'raemon', 'steve2152']
  M= 5  trial  14/50  ARI=+0.165  n_docs= 20  authors=['jessica-liu-taylor', 'neel-nanda-1', 'ruby', 'zvi']
  M= 5  trial  15/50  ARI=+0.468  n_docs= 20  authors=['jessica-liu-taylor', 'johnswentworth', 'ricraz', 'ruby']
  M= 5  trial  16/50  ARI=+0.270  n_docs= 20  authors=['abramdemski', 'kaj_sotala', 'ruby', 'steve2152']
  M= 5  trial  17/50  ARI=+0.203  n_docs= 20  authors=['kaj_sotala', 'neel-nanda-1', 'raemon', 'ruby']
  M= 5  trial  18/50  ARI=+0.591  n_docs= 20  authors=['abramdemski', 'neel-nanda-1', 'ruby', 'steve2152']
  M= 5  trial  19/50  ARI=+0.370  n_docs= 20  authors=['jessica-liu-taylor', 'johnswentworth', 'raemon', 'ruby']
  M= 5  trial  20/50  ARI=+0.646  n_docs= 20  authors=['abramdemski', 'neel-nanda-1', 'steve2152', 'zvi']
  M= 5  trial  21/50  ARI=+0.671  n_docs= 20  authors=['raemon', 'ruby', 'steve2152', 'zvi']
  M= 5  trial  22/50  ARI=+0.618  n_docs= 20  authors=['jessica-liu-taylor', 'raemon', 'ricraz', 'zvi']
  M= 5  trial  23/50  ARI=+0.317  n_docs= 20  authors=['abramdemski', 'johnswentworth', 'ricraz', 'zvi']
  M= 5  trial  24/50  ARI=+0.241  n_docs= 20  authors=['jessica-liu-taylor', 'johnswentworth', 'kaj_sotala', 'ruby']
  M= 5  trial  25/50  ARI=+0.182  n_docs= 20  authors=['abramdemski', 'johnswentworth', 'neel-nanda-1', 'ricraz']
  M= 5  trial  26/50  ARI=+0.063  n_docs= 20  authors=['jessica-liu-taylor', 'kaj_sotala', 'neel-nanda-1', 'raemon']
  M= 5  trial  27/50  ARI=+0.449  n_docs= 20  authors=['abramdemski', 'johnswentworth', 'raemon', 'steve2152']
  M= 5  trial  28/50  ARI=+0.591  n_docs= 20  authors=['jessica-liu-taylor', 'johnswentworth', 'kaj_sotala', 'zvi']
  M= 5  trial  29/50  ARI=-0.014  n_docs= 20  authors=['jessica-liu-taylor', 'neel-nanda-1', 'ricraz', 'ruby']
  M= 5  trial  30/50  ARI=+0.598  n_docs= 20  authors=['johnswentworth', 'neel-nanda-1', 'ricraz', 'ruby']
  M= 5  trial  31/50  ARI=+0.859  n_docs= 20  authors=['abramdemski', 'ricraz', 'steve2152', 'zvi']
  M= 5  trial  32/50  ARI=+0.410  n_docs= 20  authors=['johnswentworth', 'raemon', 'ruby', 'zvi']
  M= 5  trial  33/50  ARI=+0.274  n_docs= 20  authors=['johnswentworth', 'kaj_sotala', 'ricraz', 'ruby']
  M= 5  trial  34/50  ARI=+0.304  n_docs= 20  authors=['johnswentworth', 'kaj_sotala', 'ricraz', 'zvi']
  M= 5  trial  35/50  ARI=+0.385  n_docs= 20  authors=['jessica-liu-taylor', 'neel-nanda-1', 'ricraz', 'zvi']
  M= 5  trial  36/50  ARI=+0.553  n_docs= 20  authors=['jessica-liu-taylor', 'kaj_sotala', 'ricraz', 'steve2152']
  M= 5  trial  37/50  ARI=+0.669  n_docs= 20  authors=['jessica-liu-taylor', 'ricraz', 'steve2152', 'zvi']
  M= 5  trial  38/50  ARI=+0.420  n_docs= 20  authors=['abramdemski', 'jessica-liu-taylor', 'neel-nanda-1', 'raemon']
  M= 5  trial  39/50  ARI=+0.292  n_docs= 20  authors=['abramdemski', 'jessica-liu-taylor', 'kaj_sotala', 'raemon']
  M= 5  trial  40/50  ARI=+0.618  n_docs= 20  authors=['johnswentworth', 'neel-nanda-1', 'raemon', 'zvi']
  M= 5  trial  41/50  ARI=+0.539  n_docs= 20  authors=['abramdemski', 'ruby', 'steve2152', 'zvi']
  M= 5  trial  42/50  ARI=+0.493  n_docs= 20  authors=['abramdemski', 'kaj_sotala', 'neel-nanda-1', 'ricraz']
  M= 5  trial  43/50  ARI=+0.533  n_docs= 20  authors=['abramdemski', 'neel-nanda-1', 'ruby', 'zvi']
  M= 5  trial  44/50  ARI=+0.137  n_docs= 20  authors=['abramdemski', 'jessica-liu-taylor', 'johnswentworth', 'kaj_sotala']
  M= 5  trial  45/50  ARI=+0.160  n_docs= 20  authors=['jessica-liu-taylor', 'kaj_sotala', 'ricraz', 'ruby']
  M= 5  trial  46/50  ARI=+0.509  n_docs= 20  authors=['neel-nanda-1', 'raemon', 'ricraz', 'zvi']
  M= 5  trial  47/50  ARI=+0.307  n_docs= 20  authors=['jessica-liu-taylor', 'johnswentworth', 'kaj_sotala', 'neel-nanda-1']
  M= 5  trial  48/50  ARI=+0.302  n_docs= 20  authors=['jessica-liu-taylor', 'kaj_sotala', 'ricraz', 'zvi']
  M= 5  trial  49/50  ARI=+0.420  n_docs= 20  authors=['jessica-liu-taylor', 'johnswentworth', 'neel-nanda-1', 'zvi']
  M= 5  trial  50/50  ARI=+0.859  n_docs= 20  authors=['abramdemski', 'johnswentworth', 'ricraz', 'ruby']
  M=10  trial   1/50  ARI=+0.665  n_docs= 40  authors=['abramdemski', 'neel-nanda-1', 'raemon', 'zvi']
  M=10  trial   2/50  ARI=+0.165  n_docs= 40  authors=['abramdemski', 'neel-nanda-1', 'ricraz', 'ruby']
  M=10  trial   3/50  ARI=+0.520  n_docs= 40  authors=['jessica-liu-taylor', 'neel-nanda-1', 'ricraz', 'steve2152']
  M=10  trial   4/50  ARI=+0.379  n_docs= 40  authors=['jessica-liu-taylor', 'johnswentworth', 'steve2152', 'zvi']
  M=10  trial   5/50  ARI=+0.146  n_docs= 40  authors=['jessica-liu-taylor', 'johnswentworth', 'ruby', 'steve2152']
  M=10  trial   6/50  ARI=+0.367  n_docs= 40  authors=['abramdemski', 'raemon', 'ricraz', 'ruby']
  M=10  trial   7/50  ARI=+0.292  n_docs= 40  authors=['abramdemski', 'kaj_sotala', 'neel-nanda-1', 'steve2152']
  M=10  trial   8/50  ARI=+0.511  n_docs= 40  authors=['kaj_sotala', 'neel-nanda-1', 'ruby', 'zvi']
  M=10  trial   9/50  ARI=+0.339  n_docs= 40  authors=['johnswentworth', 'ricraz', 'ruby', 'steve2152']
  M=10  trial  10/50  ARI=+0.415  n_docs= 40  authors=['abramdemski', 'johnswentworth', 'neel-nanda-1', 'ricraz']
  M=10  trial  11/50  ARI=+0.311  n_docs= 40  authors=['jessica-liu-taylor', 'kaj_sotala', 'neel-nanda-1', 'steve2152']
  M=10  trial  12/50  ARI=+0.221  n_docs= 40  authors=['abramdemski', 'kaj_sotala', 'neel-nanda-1', 'ricraz']
  M=10  trial  13/50  ARI=+0.572  n_docs= 40  authors=['johnswentworth', 'kaj_sotala', 'raemon', 'ricraz']
  M=10  trial  14/50  ARI=+0.146  n_docs= 40  authors=['jessica-liu-taylor', 'raemon', 'ruby', 'zvi']
  M=10  trial  15/50  ARI=+0.601  n_docs= 40  authors=['jessica-liu-taylor', 'johnswentworth', 'kaj_sotala', 'zvi']
  M=10  trial  16/50  ARI=+0.402  n_docs= 40  authors=['jessica-liu-taylor', 'raemon', 'ricraz', 'zvi']
  M=10  trial  17/50  ARI=+0.461  n_docs= 40  authors=['kaj_sotala', 'neel-nanda-1', 'raemon', 'ricraz']
  M=10  trial  18/50  ARI=+0.630  n_docs= 40  authors=['neel-nanda-1', 'ruby', 'steve2152', 'zvi']
  M=10  trial  19/50  ARI=+0.863  n_docs= 40  authors=['abramdemski', 'johnswentworth', 'neel-nanda-1', 'steve2152']
  M=10  trial  20/50  ARI=+0.654  n_docs= 40  authors=['kaj_sotala', 'neel-nanda-1', 'steve2152', 'zvi']
  M=10  trial  21/50  ARI=+0.431  n_docs= 40  authors=['kaj_sotala', 'neel-nanda-1', 'raemon', 'ruby']
  M=10  trial  22/50  ARI=+0.528  n_docs= 40  authors=['abramdemski', 'johnswentworth', 'kaj_sotala', 'raemon']
  M=10  trial  23/50  ARI=+0.819  n_docs= 40  authors=['abramdemski', 'kaj_sotala', 'raemon', 'steve2152']
  M=10  trial  24/50  ARI=+0.646  n_docs= 40  authors=['abramdemski', 'jessica-liu-taylor', 'raemon', 'steve2152']
  M=10  trial  25/50  ARI=+0.675  n_docs= 40  authors=['abramdemski', 'neel-nanda-1', 'ruby', 'steve2152']
  M=10  trial  26/50  ARI=+0.802  n_docs= 40  authors=['johnswentworth', 'neel-nanda-1', 'raemon', 'ricraz']
  M=10  trial  27/50  ARI=+0.502  n_docs= 40  authors=['johnswentworth', 'ruby', 'steve2152', 'zvi']
  M=10  trial  28/50  ARI=+0.459  n_docs= 40  authors=['jessica-liu-taylor', 'kaj_sotala', 'raemon', 'zvi']
  M=10  trial  29/50  ARI=+0.211  n_docs= 40  authors=['jessica-liu-taylor', 'neel-nanda-1', 'ruby', 'zvi']
  M=10  trial  30/50  ARI=+0.519  n_docs= 40  authors=['jessica-liu-taylor', 'kaj_sotala', 'raemon', 'steve2152']
  M=10  trial  31/50  ARI=+0.439  n_docs= 40  authors=['jessica-liu-taylor', 'neel-nanda-1', 'raemon', 'steve2152']
  M=10  trial  32/50  ARI=+0.272  n_docs= 40  authors=['johnswentworth', 'neel-nanda-1', 'ruby', 'steve2152']
  M=10  trial  33/50  ARI=+0.518  n_docs= 40  authors=['abramdemski', 'ruby', 'steve2152', 'zvi']
  M=10  trial  34/50  ARI=+0.186  n_docs= 40  authors=['jessica-liu-taylor', 'johnswentworth', 'kaj_sotala', 'ruby']
  M=10  trial  35/50  ARI=+0.488  n_docs= 40  authors=['kaj_sotala', 'neel-nanda-1', 'ricraz', 'steve2152']
  M=10  trial  36/50  ARI=+0.539  n_docs= 40  authors=['abramdemski', 'jessica-liu-taylor', 'ruby', 'steve2152']
  M=10  trial  37/50  ARI=+0.326  n_docs= 40  authors=['jessica-liu-taylor', 'johnswentworth', 'neel-nanda-1', 'raemon']
  M=10  trial  38/50  ARI=+0.301  n_docs= 40  authors=['abramdemski', 'johnswentworth', 'ricraz', 'ruby']
  M=10  trial  39/50  ARI=+0.589  n_docs= 40  authors=['abramdemski', 'johnswentworth', 'neel-nanda-1', 'zvi']
  M=10  trial  40/50  ARI=+0.388  n_docs= 40  authors=['abramdemski', 'kaj_sotala', 'ruby', 'zvi']
  M=10  trial  41/50  ARI=+0.205  n_docs= 40  authors=['abramdemski', 'jessica-liu-taylor', 'raemon', 'ruby']
  M=10  trial  42/50  ARI=+0.639  n_docs= 40  authors=['johnswentworth', 'kaj_sotala', 'neel-nanda-1', 'steve2152']
  M=10  trial  43/50  ARI=+0.443  n_docs= 40  authors=['abramdemski', 'jessica-liu-taylor', 'kaj_sotala', 'steve2152']
  M=10  trial  44/50  ARI=+0.489  n_docs= 40  authors=['neel-nanda-1', 'ricraz', 'ruby', 'zvi']
  M=10  trial  45/50  ARI=+0.716  n_docs= 40  authors=['abramdemski', 'raemon', 'ruby', 'steve2152']
  M=10  trial  46/50  ARI=+0.517  n_docs= 40  authors=['abramdemski', 'jessica-liu-taylor', 'johnswentworth', 'kaj_sotala']
  M=10  trial  47/50  ARI=+0.227  n_docs= 40  authors=['abramdemski', 'kaj_sotala', 'neel-nanda-1', 'ruby']
  M=10  trial  48/50  ARI=+0.166  n_docs= 40  authors=['jessica-liu-taylor', 'johnswentworth', 'kaj_sotala', 'ricraz']
  M=10  trial  49/50  ARI=+0.722  n_docs= 40  authors=['johnswentworth', 'kaj_sotala', 'ricraz', 'zvi']
  M=10  trial  50/50  ARI=+0.325  n_docs= 40  authors=['abramdemski', 'jessica-liu-taylor', 'neel-nanda-1', 'ruby']
  M=15  trial   1/50  ARI=+0.795  n_docs= 60  authors=['raemon', 'ricraz', 'steve2152', 'zvi']
  M=15  trial   2/50  ARI=+0.688  n_docs= 60  authors=['neel-nanda-1', 'ricraz', 'steve2152', 'zvi']
  M=15  trial   3/50  ARI=+0.123  n_docs= 60  authors=['jessica-liu-taylor', 'kaj_sotala', 'neel-nanda-1', 'ruby']
  M=15  trial   4/50  ARI=+0.825  n_docs= 60  authors=['abramdemski', 'johnswentworth', 'kaj_sotala', 'neel-nanda-1']
  M=15  trial   5/50  ARI=+0.297  n_docs= 60  authors=['johnswentworth', 'neel-nanda-1', 'raemon', 'ruby']
  M=15  trial   6/50  ARI=+0.545  n_docs= 60  authors=['johnswentworth', 'neel-nanda-1', 'ruby', 'steve2152']
  M=15  trial   7/50  ARI=+0.227  n_docs= 60  authors=['abramdemski', 'kaj_sotala', 'ricraz', 'ruby']
  M=15  trial   8/50  ARI=+0.632  n_docs= 60  authors=['abramdemski', 'neel-nanda-1', 'raemon', 'zvi']
  M=15  trial   9/50  ARI=+0.167  n_docs= 60  authors=['jessica-liu-taylor', 'kaj_sotala', 'ricraz', 'ruby']
  M=15  trial  10/50  ARI=+0.584  n_docs= 60  authors=['abramdemski', 'kaj_sotala', 'ricraz', 'zvi']
  M=15  trial  11/50  ARI=+0.632  n_docs= 60  authors=['abramdemski', 'jessica-liu-taylor', 'raemon', 'steve2152']
  M=15  trial  12/50  ARI=+0.337  n_docs= 60  authors=['abramdemski', 'jessica-liu-taylor', 'johnswentworth', 'neel-nanda-1']
  M=15  trial  13/50  ARI=+0.543  n_docs= 60  authors=['jessica-liu-taylor', 'kaj_sotala', 'ruby', 'steve2152']
  M=15  trial  14/50  ARI=+0.652  n_docs= 60  authors=['kaj_sotala', 'neel-nanda-1', 'raemon', 'steve2152']
  M=15  trial  15/50  ARI=+0.566  n_docs= 60  authors=['abramdemski', 'kaj_sotala', 'neel-nanda-1', 'steve2152']
  M=15  trial  16/50  ARI=+0.511  n_docs= 60  authors=['abramdemski', 'neel-nanda-1', 'ruby', 'steve2152']
  M=15  trial  17/50  ARI=+0.466  n_docs= 60  authors=['jessica-liu-taylor', 'ruby', 'steve2152', 'zvi']
  M=15  trial  18/50  ARI=+0.501  n_docs= 60  authors=['abramdemski', 'neel-nanda-1', 'ricraz', 'steve2152']
  M=15  trial  19/50  ARI=+0.519  n_docs= 60  authors=['jessica-liu-taylor', 'johnswentworth', 'neel-nanda-1', 'ricraz']
  M=15  trial  20/50  ARI=+0.623  n_docs= 60  authors=['johnswentworth', 'neel-nanda-1', 'raemon', 'ricraz']
  M=15  trial  21/50  ARI=+0.645  n_docs= 60  authors=['abramdemski', 'johnswentworth', 'raemon', 'ricraz']
  M=15  trial  22/50  ARI=+0.706  n_docs= 60  authors=['johnswentworth', 'neel-nanda-1', 'steve2152', 'zvi']
  M=15  trial  23/50  ARI=+0.451  n_docs= 60  authors=['jessica-liu-taylor', 'kaj_sotala', 'ruby', 'zvi']
  M=15  trial  24/50  ARI=+0.460  n_docs= 60  authors=['jessica-liu-taylor', 'johnswentworth', 'neel-nanda-1', 'zvi']
  M=15  trial  25/50  ARI=+0.622  n_docs= 60  authors=['johnswentworth', 'kaj_sotala', 'ricraz', 'steve2152']
  M=15  trial  26/50  ARI=+0.408  n_docs= 60  authors=['jessica-liu-taylor', 'kaj_sotala', 'neel-nanda-1', 'zvi']
  M=15  trial  27/50  ARI=+0.461  n_docs= 60  authors=['abramdemski', 'jessica-liu-taylor', 'neel-nanda-1', 'raemon']
  M=15  trial  28/50  ARI=+0.801  n_docs= 60  authors=['neel-nanda-1', 'raemon', 'ricraz', 'zvi']
  M=15  trial  29/50  ARI=+0.955  n_docs= 60  authors=['johnswentworth', 'kaj_sotala', 'steve2152', 'zvi']
  M=15  trial  30/50  ARI=+0.257  n_docs= 60  authors=['jessica-liu-taylor', 'kaj_sotala', 'raemon', 'ruby']
  M=15  trial  31/50  ARI=+0.732  n_docs= 60  authors=['johnswentworth', 'kaj_sotala', 'neel-nanda-1', 'zvi']
  M=15  trial  32/50  ARI=+0.281  n_docs= 60  authors=['abramdemski', 'johnswentworth', 'raemon', 'ruby']
  M=15  trial  33/50  ARI=+0.260  n_docs= 60  authors=['abramdemski', 'jessica-liu-taylor', 'kaj_sotala', 'ruby']
  M=15  trial  34/50  ARI=+0.567  n_docs= 60  authors=['abramdemski', 'johnswentworth', 'kaj_sotala', 'ricraz']
  M=15  trial  35/50  ARI=+0.506  n_docs= 60  authors=['abramdemski', 'jessica-liu-taylor', 'ricraz', 'zvi']
  M=15  trial  36/50  ARI=+0.653  n_docs= 60  authors=['abramdemski', 'jessica-liu-taylor', 'johnswentworth', 'steve2152']
  M=15  trial  37/50  ARI=+0.171  n_docs= 60  authors=['abramdemski', 'johnswentworth', 'kaj_sotala', 'ruby']
  M=15  trial  38/50  ARI=+0.517  n_docs= 60  authors=['jessica-liu-taylor', 'johnswentworth', 'kaj_sotala', 'steve2152']
  M=15  trial  39/50  ARI=+0.653  n_docs= 60  authors=['kaj_sotala', 'ricraz', 'steve2152', 'zvi']
  M=15  trial  40/50  ARI=+0.176  n_docs= 60  authors=['jessica-liu-taylor', 'johnswentworth', 'kaj_sotala', 'ruby']
  M=15  trial  41/50  ARI=+0.322  n_docs= 60  authors=['abramdemski', 'jessica-liu-taylor', 'ricraz', 'steve2152']
  M=15  trial  42/50  ARI=+0.641  n_docs= 60  authors=['abramdemski', 'neel-nanda-1', 'raemon', 'steve2152']
  M=15  trial  43/50  ARI=+0.788  n_docs= 60  authors=['johnswentworth', 'raemon', 'ricraz', 'steve2152']
  M=15  trial  44/50  ARI=+0.697  n_docs= 60  authors=['abramdemski', 'ricraz', 'steve2152', 'zvi']
  M=15  trial  45/50  ARI=+0.467  n_docs= 60  authors=['jessica-liu-taylor', 'neel-nanda-1', 'raemon', 'zvi']
  M=15  trial  46/50  ARI=+0.363  n_docs= 60  authors=['jessica-liu-taylor', 'ricraz', 'ruby', 'zvi']
  M=15  trial  47/50  ARI=+0.593  n_docs= 60  authors=['johnswentworth', 'kaj_sotala', 'raemon', 'zvi']
  M=15  trial  48/50  ARI=+0.479  n_docs= 60  authors=['johnswentworth', 'kaj_sotala', 'neel-nanda-1', 'steve2152']
  M=15  trial  49/50  ARI=+0.501  n_docs= 60  authors=['abramdemski', 'johnswentworth', 'neel-nanda-1', 'ruby']
  M=15  trial  50/50  ARI=+0.514  n_docs= 60  authors=['jessica-liu-taylor', 'johnswentworth', 'raemon', 'steve2152']
  M=20  trial   1/50  ARI=+0.341  n_docs= 80  authors=['abramdemski', 'johnswentworth', 'kaj_sotala', 'ruby']
  M=20  trial   2/50  ARI=+0.381  n_docs= 80  authors=['abramdemski', 'jessica-liu-taylor', 'kaj_sotala', 'ricraz']
  M=20  trial   3/50  ARI=+0.200  n_docs= 80  authors=['jessica-liu-taylor', 'johnswentworth', 'kaj_sotala', 'raemon']
  M=20  trial   4/50  ARI=+0.677  n_docs= 80  authors=['jessica-liu-taylor', 'raemon', 'steve2152', 'zvi']
  M=20  trial   5/50  ARI=+0.575  n_docs= 80  authors=['abramdemski', 'johnswentworth', 'neel-nanda-1', 'ruby']
  M=20  trial   6/50  ARI=+0.185  n_docs= 80  authors=['abramdemski', 'jessica-liu-taylor', 'kaj_sotala', 'neel-nanda-1']
  M=20  trial   7/50  ARI=+0.527  n_docs= 80  authors=['kaj_sotala', 'neel-nanda-1', 'raemon', 'ricraz']
  M=20  trial   8/50  ARI=+0.748  n_docs= 80  authors=['abramdemski', 'johnswentworth', 'ricraz', 'ruby']
  M=20  trial   9/50  ARI=+0.310  n_docs= 80  authors=['abramdemski', 'jessica-liu-taylor', 'kaj_sotala', 'raemon']
  M=20  trial  10/50  ARI=+0.559  n_docs= 80  authors=['abramdemski', 'jessica-liu-taylor', 'ruby', 'zvi']
  M=20  trial  11/50  ARI=+0.652  n_docs= 80  authors=['abramdemski', 'neel-nanda-1', 'raemon', 'steve2152']
  M=20  trial  12/50  ARI=+0.487  n_docs= 80  authors=['abramdemski', 'kaj_sotala', 'neel-nanda-1', 'raemon']
  M=20  trial  13/50  ARI=+0.296  n_docs= 80  authors=['abramdemski', 'jessica-liu-taylor', 'neel-nanda-1', 'ruby']
  M=20  trial  14/50  ARI=+0.639  n_docs= 80  authors=['abramdemski', 'kaj_sotala', 'neel-nanda-1', 'ricraz']
  M=20  trial  15/50  ARI=+0.840  n_docs= 80  authors=['abramdemski', 'kaj_sotala', 'raemon', 'ricraz']
  M=20  trial  16/50  ARI=+0.561  n_docs= 80  authors=['jessica-liu-taylor', 'johnswentworth', 'ricraz', 'steve2152']
  M=20  trial  17/50  ARI=+0.536  n_docs= 80  authors=['jessica-liu-taylor', 'kaj_sotala', 'raemon', 'steve2152']
  M=20  trial  18/50  ARI=+0.527  n_docs= 80  authors=['jessica-liu-taylor', 'johnswentworth', 'kaj_sotala', 'steve2152']
  M=20  trial  19/50  ARI=+0.550  n_docs= 80  authors=['abramdemski', 'ricraz', 'ruby', 'zvi']
  M=20  trial  20/50  ARI=+0.664  n_docs= 80  authors=['abramdemski', 'jessica-liu-taylor', 'steve2152', 'zvi']
  M=20  trial  21/50  ARI=+0.357  n_docs= 80  authors=['abramdemski', 'johnswentworth', 'kaj_sotala', 'ricraz']
  M=20  trial  22/50  ARI=+0.795  n_docs= 80  authors=['johnswentworth', 'kaj_sotala', 'steve2152', 'zvi']
  M=20  trial  23/50  ARI=+0.821  n_docs= 80  authors=['kaj_sotala', 'neel-nanda-1', 'steve2152', 'zvi']
  M=20  trial  24/50  ARI=+0.269  n_docs= 80  authors=['jessica-liu-taylor', 'neel-nanda-1', 'ricraz', 'ruby']
  M=20  trial  25/50  ARI=+0.498  n_docs= 80  authors=['abramdemski', 'kaj_sotala', 'raemon', 'ruby']
  M=20  trial  26/50  ARI=+0.692  n_docs= 80  authors=['abramdemski', 'jessica-liu-taylor', 'raemon', 'zvi']
  M=20  trial  27/50  ARI=+0.531  n_docs= 80  authors=['abramdemski', 'neel-nanda-1', 'ruby', 'zvi']
  M=20  trial  28/50  ARI=+0.748  n_docs= 80  authors=['kaj_sotala', 'neel-nanda-1', 'ricraz', 'steve2152']
  M=20  trial  29/50  ARI=+0.966  n_docs= 80  authors=['abramdemski', 'kaj_sotala', 'steve2152', 'zvi']
  M=20  trial  30/50  ARI=+0.626  n_docs= 80  authors=['abramdemski', 'johnswentworth', 'ricraz', 'steve2152']
  M=20  trial  31/50  ARI=+0.399  n_docs= 80  authors=['johnswentworth', 'kaj_sotala', 'ruby', 'zvi']
  M=20  trial  32/50  ARI=+0.533  n_docs= 80  authors=['abramdemski', 'johnswentworth', 'ruby', 'zvi']
  M=20  trial  33/50  ARI=+0.474  n_docs= 80  authors=['johnswentworth', 'neel-nanda-1', 'raemon', 'ruby']
  M=20  trial  34/50  ARI=+0.355  n_docs= 80  authors=['jessica-liu-taylor', 'johnswentworth', 'kaj_sotala', 'ruby']
  M=20  trial  35/50  ARI=+0.323  n_docs= 80  authors=['kaj_sotala', 'raemon', 'ricraz', 'ruby']
  M=20  trial  36/50  ARI=+0.446  n_docs= 80  authors=['jessica-liu-taylor', 'johnswentworth', 'ricraz', 'zvi']
  M=20  trial  37/50  ARI=+0.411  n_docs= 80  authors=['abramdemski', 'kaj_sotala', 'neel-nanda-1', 'ruby']
  M=20  trial  38/50  ARI=+0.788  n_docs= 80  authors=['abramdemski', 'raemon', 'ricraz', 'zvi']
  M=20  trial  39/50  ARI=+0.933  n_docs= 80  authors=['raemon', 'ricraz', 'steve2152', 'zvi']
  M=20  trial  40/50  ARI=+0.511  n_docs= 80  authors=['jessica-liu-taylor', 'raemon', 'ruby', 'steve2152']
  M=20  trial  41/50  ARI=+0.559  n_docs= 80  authors=['kaj_sotala', 'raemon', 'ricraz', 'zvi']
  M=20  trial  42/50  ARI=+0.462  n_docs= 80  authors=['jessica-liu-taylor', 'johnswentworth', 'neel-nanda-1', 'steve2152']
  M=20  trial  43/50  ARI=+0.533  n_docs= 80  authors=['abramdemski', 'jessica-liu-taylor', 'raemon', 'ricraz']
  M=20  trial  44/50  ARI=+0.677  n_docs= 80  authors=['abramdemski', 'raemon', 'ruby', 'steve2152']
  M=20  trial  45/50  ARI=+0.346  n_docs= 80  authors=['jessica-liu-taylor', 'neel-nanda-1', 'raemon', 'ruby']
  M=20  trial  46/50  ARI=+0.569  n_docs= 80  authors=['abramdemski', 'johnswentworth', 'ricraz', 'zvi']
  M=20  trial  47/50  ARI=+0.567  n_docs= 80  authors=['ricraz', 'ruby', 'steve2152', 'zvi']
  M=20  trial  48/50  ARI=+0.687  n_docs= 80  authors=['johnswentworth', 'neel-nanda-1', 'steve2152', 'zvi']
  M=20  trial  49/50  ARI=+0.644  n_docs= 80  authors=['abramdemski', 'kaj_sotala', 'neel-nanda-1', 'zvi']
  M=20  trial  50/50  ARI=+0.702  n_docs= 80  authors=['johnswentworth', 'kaj_sotala', 'ricraz', 'zvi']

── ARI vs M summary (10 authors) ──
    M    n    mean     std     min     max
    5   50  +0.420   0.189  -0.014  +0.859
   10   50  +0.455   0.185  +0.146  +0.863
   15   50  +0.518   0.188  +0.123  +0.955
   20   50  +0.550   0.178  +0.185  +0.966
Saved -> src\kmeans\outputs\effect_of_m\ari_vs_m_10authors.png

=== [2/2] cleaned_4: 4 authors = K, sample M docs only ===

Loading cleaned_4 corpus …
  306 docs × 1500w  (4 authors)
Building stylometric feature matrix …
  feature cache hit -> src\kmeans\cache\cleaned_4\71f490fe89dccd62.npz
  X shape: (306, 107)

ARI sweep: K=4, M in [5, 10, 15, 20, 25, 30, 40], 50 trials per M
  group pool = C(4,4) = 1
    M= 5: 5 docs/author, total=20 docs/trial
    M=10: 10 docs/author, total=40 docs/trial
    M=15: 15 docs/author, total=60 docs/trial
    M=20: 20 docs/author, total=80 docs/trial
    M=25: 25 docs/author, total=100 docs/trial
    M=30: 30 docs/author, total=120 docs/trial
    M=40: 40 docs/author, total=160 docs/trial
  KMeans: init='k-means++', n_init=10
  M= 5  trial   1/50  ARI=+0.401  n_docs= 20  authors=['johnswentworth', 'raemon', 'steve2152', 'zvi']
  M= 5  trial   2/50  ARI=+0.269  n_docs= 20  authors=['johnswentworth', 'raemon', 'steve2152', 'zvi']
  M= 5  trial   3/50  ARI=+0.412  n_docs= 20  authors=['johnswentworth', 'raemon', 'steve2152', 'zvi']
  M= 5  trial   4/50  ARI=+0.669  n_docs= 20  authors=['johnswentworth', 'raemon', 'steve2152', 'zvi']
  M= 5  trial   5/50  ARI=+0.229  n_docs= 20  authors=['johnswentworth', 'raemon', 'steve2152', 'zvi']
  M= 5  trial   6/50  ARI=+0.339  n_docs= 20  authors=['johnswentworth', 'raemon', 'steve2152', 'zvi']
  M= 5  trial   7/50  ARI=+0.363  n_docs= 20  authors=['johnswentworth', 'raemon', 'steve2152', 'zvi']
  M= 5  trial   8/50  ARI=+0.430  n_docs= 20  authors=['johnswentworth', 'raemon', 'steve2152', 'zvi']
  M= 5  trial   9/50  ARI=+0.183  n_docs= 20  authors=['johnswentworth', 'raemon', 'steve2152', 'zvi']
  M= 5  trial  10/50  ARI=+0.301  n_docs= 20  authors=['johnswentworth', 'raemon', 'steve2152', 'zvi']
  M= 5  trial  11/50  ARI=+0.281  n_docs= 20  authors=['johnswentworth', 'raemon', 'steve2152', 'zvi']
  M= 5  trial  12/50  ARI=+0.384  n_docs= 20  authors=['johnswentworth', 'raemon', 'steve2152', 'zvi']
  M= 5  trial  13/50  ARI=+0.327  n_docs= 20  authors=['johnswentworth', 'raemon', 'steve2152', 'zvi']
  M= 5  trial  14/50  ARI=+0.658  n_docs= 20  authors=['johnswentworth', 'raemon', 'steve2152', 'zvi']
  M= 5  trial  15/50  ARI=+0.175  n_docs= 20  authors=['johnswentworth', 'raemon', 'steve2152', 'zvi']
  M= 5  trial  16/50  ARI=+0.292  n_docs= 20  authors=['johnswentworth', 'raemon', 'steve2152', 'zvi']
  M= 5  trial  17/50  ARI=+0.161  n_docs= 20  authors=['johnswentworth', 'raemon', 'steve2152', 'zvi']
  M= 5  trial  18/50  ARI=+0.277  n_docs= 20  authors=['johnswentworth', 'raemon', 'steve2152', 'zvi']
  M= 5  trial  19/50  ARI=+0.214  n_docs= 20  authors=['johnswentworth', 'raemon', 'steve2152', 'zvi']
  M= 5  trial  20/50  ARI=+0.479  n_docs= 20  authors=['johnswentworth', 'raemon', 'steve2152', 'zvi']
  M= 5  trial  21/50  ARI=+0.565  n_docs= 20  authors=['johnswentworth', 'raemon', 'steve2152', 'zvi']
  M= 5  trial  22/50  ARI=+0.283  n_docs= 20  authors=['johnswentworth', 'raemon', 'steve2152', 'zvi']
  M= 5  trial  23/50  ARI=+0.378  n_docs= 20  authors=['johnswentworth', 'raemon', 'steve2152', 'zvi']
  M= 5  trial  24/50  ARI=+0.234  n_docs= 20  authors=['johnswentworth', 'raemon', 'steve2152', 'zvi']
  M= 5  trial  25/50  ARI=+0.262  n_docs= 20  authors=['johnswentworth', 'raemon', 'steve2152', 'zvi']
  M= 5  trial  26/50  ARI=+0.266  n_docs= 20  authors=['johnswentworth', 'raemon', 'steve2152', 'zvi']
  M= 5  trial  27/50  ARI=+0.006  n_docs= 20  authors=['johnswentworth', 'raemon', 'steve2152', 'zvi']
  M= 5  trial  28/50  ARI=+0.349  n_docs= 20  authors=['johnswentworth', 'raemon', 'steve2152', 'zvi']
  M= 5  trial  29/50  ARI=+0.403  n_docs= 20  authors=['johnswentworth', 'raemon', 'steve2152', 'zvi']
  M= 5  trial  30/50  ARI=+0.214  n_docs= 20  authors=['johnswentworth', 'raemon', 'steve2152', 'zvi']
  M= 5  trial  31/50  ARI=+0.378  n_docs= 20  authors=['johnswentworth', 'raemon', 'steve2152', 'zvi']
  M= 5  trial  32/50  ARI=+0.375  n_docs= 20  authors=['johnswentworth', 'raemon', 'steve2152', 'zvi']
  M= 5  trial  33/50  ARI=+0.321  n_docs= 20  authors=['johnswentworth', 'raemon', 'steve2152', 'zvi']
  M= 5  trial  34/50  ARI=+0.327  n_docs= 20  authors=['johnswentworth', 'raemon', 'steve2152', 'zvi']
  M= 5  trial  35/50  ARI=+0.323  n_docs= 20  authors=['johnswentworth', 'raemon', 'steve2152', 'zvi']
  M= 5  trial  36/50  ARI=+0.378  n_docs= 20  authors=['johnswentworth', 'raemon', 'steve2152', 'zvi']
  M= 5  trial  37/50  ARI=+0.250  n_docs= 20  authors=['johnswentworth', 'raemon', 'steve2152', 'zvi']
  M= 5  trial  38/50  ARI=+0.471  n_docs= 20  authors=['johnswentworth', 'raemon', 'steve2152', 'zvi']
  M= 5  trial  39/50  ARI=+0.457  n_docs= 20  authors=['johnswentworth', 'raemon', 'steve2152', 'zvi']
  M= 5  trial  40/50  ARI=+0.052  n_docs= 20  authors=['johnswentworth', 'raemon', 'steve2152', 'zvi']
  M= 5  trial  41/50  ARI=+0.438  n_docs= 20  authors=['johnswentworth', 'raemon', 'steve2152', 'zvi']
  M= 5  trial  42/50  ARI=+0.429  n_docs= 20  authors=['johnswentworth', 'raemon', 'steve2152', 'zvi']
  M= 5  trial  43/50  ARI=+0.262  n_docs= 20  authors=['johnswentworth', 'raemon', 'steve2152', 'zvi']
  M= 5  trial  44/50  ARI=+0.720  n_docs= 20  authors=['johnswentworth', 'raemon', 'steve2152', 'zvi']
  M= 5  trial  45/50  ARI=+0.214  n_docs= 20  authors=['johnswentworth', 'raemon', 'steve2152', 'zvi']
  M= 5  trial  46/50  ARI=+0.208  n_docs= 20  authors=['johnswentworth', 'raemon', 'steve2152', 'zvi']
  M= 5  trial  47/50  ARI=+0.533  n_docs= 20  authors=['johnswentworth', 'raemon', 'steve2152', 'zvi']
  M= 5  trial  48/50  ARI=+0.254  n_docs= 20  authors=['johnswentworth', 'raemon', 'steve2152', 'zvi']
  M= 5  trial  49/50  ARI=+0.161  n_docs= 20  authors=['johnswentworth', 'raemon', 'steve2152', 'zvi']
  M= 5  trial  50/50  ARI=+0.601  n_docs= 20  authors=['johnswentworth', 'raemon', 'steve2152', 'zvi']
  M=10  trial   1/50  ARI=+0.262  n_docs= 40  authors=['johnswentworth', 'raemon', 'steve2152', 'zvi']
  M=10  trial   2/50  ARI=+0.377  n_docs= 40  authors=['johnswentworth', 'raemon', 'steve2152', 'zvi']
  M=10  trial   3/50  ARI=+0.514  n_docs= 40  authors=['johnswentworth', 'raemon', 'steve2152', 'zvi']
  M=10  trial   4/50  ARI=+0.308  n_docs= 40  authors=['johnswentworth', 'raemon', 'steve2152', 'zvi']
  M=10  trial   5/50  ARI=+0.224  n_docs= 40  authors=['johnswentworth', 'raemon', 'steve2152', 'zvi']
  M=10  trial   6/50  ARI=+0.268  n_docs= 40  authors=['johnswentworth', 'raemon', 'steve2152', 'zvi']
  M=10  trial   7/50  ARI=+0.303  n_docs= 40  authors=['johnswentworth', 'raemon', 'steve2152', 'zvi']
  M=10  trial   8/50  ARI=+0.351  n_docs= 40  authors=['johnswentworth', 'raemon', 'steve2152', 'zvi']
  M=10  trial   9/50  ARI=+0.351  n_docs= 40  authors=['johnswentworth', 'raemon', 'steve2152', 'zvi']
  M=10  trial  10/50  ARI=+0.275  n_docs= 40  authors=['johnswentworth', 'raemon', 'steve2152', 'zvi']
  M=10  trial  11/50  ARI=+0.584  n_docs= 40  authors=['johnswentworth', 'raemon', 'steve2152', 'zvi']
  M=10  trial  12/50  ARI=+0.313  n_docs= 40  authors=['johnswentworth', 'raemon', 'steve2152', 'zvi']
  M=10  trial  13/50  ARI=+0.408  n_docs= 40  authors=['johnswentworth', 'raemon', 'steve2152', 'zvi']
  M=10  trial  14/50  ARI=+0.618  n_docs= 40  authors=['johnswentworth', 'raemon', 'steve2152', 'zvi']
  M=10  trial  15/50  ARI=+0.202  n_docs= 40  authors=['johnswentworth', 'raemon', 'steve2152', 'zvi']
  M=10  trial  16/50  ARI=+0.300  n_docs= 40  authors=['johnswentworth', 'raemon', 'steve2152', 'zvi']
  M=10  trial  17/50  ARI=+0.324  n_docs= 40  authors=['johnswentworth', 'raemon', 'steve2152', 'zvi']
  M=10  trial  18/50  ARI=+0.179  n_docs= 40  authors=['johnswentworth', 'raemon', 'steve2152', 'zvi']
  M=10  trial  19/50  ARI=+0.554  n_docs= 40  authors=['johnswentworth', 'raemon', 'steve2152', 'zvi']
  M=10  trial  20/50  ARI=+0.517  n_docs= 40  authors=['johnswentworth', 'raemon', 'steve2152', 'zvi']
  M=10  trial  21/50  ARI=+0.479  n_docs= 40  authors=['johnswentworth', 'raemon', 'steve2152', 'zvi']
  M=10  trial  22/50  ARI=+0.316  n_docs= 40  authors=['johnswentworth', 'raemon', 'steve2152', 'zvi']
  M=10  trial  23/50  ARI=+0.372  n_docs= 40  authors=['johnswentworth', 'raemon', 'steve2152', 'zvi']
  M=10  trial  24/50  ARI=+0.701  n_docs= 40  authors=['johnswentworth', 'raemon', 'steve2152', 'zvi']
  M=10  trial  25/50  ARI=+0.620  n_docs= 40  authors=['johnswentworth', 'raemon', 'steve2152', 'zvi']
  M=10  trial  26/50  ARI=+0.264  n_docs= 40  authors=['johnswentworth', 'raemon', 'steve2152', 'zvi']
  M=10  trial  27/50  ARI=+0.283  n_docs= 40  authors=['johnswentworth', 'raemon', 'steve2152', 'zvi']
  M=10  trial  28/50  ARI=+0.242  n_docs= 40  authors=['johnswentworth', 'raemon', 'steve2152', 'zvi']
  M=10  trial  29/50  ARI=+0.332  n_docs= 40  authors=['johnswentworth', 'raemon', 'steve2152', 'zvi']
  M=10  trial  30/50  ARI=+0.440  n_docs= 40  authors=['johnswentworth', 'raemon', 'steve2152', 'zvi']
  M=10  trial  31/50  ARI=+0.331  n_docs= 40  authors=['johnswentworth', 'raemon', 'steve2152', 'zvi']
  M=10  trial  32/50  ARI=+0.310  n_docs= 40  authors=['johnswentworth', 'raemon', 'steve2152', 'zvi']
  M=10  trial  33/50  ARI=+0.394  n_docs= 40  authors=['johnswentworth', 'raemon', 'steve2152', 'zvi']
  M=10  trial  34/50  ARI=+0.459  n_docs= 40  authors=['johnswentworth', 'raemon', 'steve2152', 'zvi']
  M=10  trial  35/50  ARI=+0.218  n_docs= 40  authors=['johnswentworth', 'raemon', 'steve2152', 'zvi']
  M=10  trial  36/50  ARI=+0.510  n_docs= 40  authors=['johnswentworth', 'raemon', 'steve2152', 'zvi']
  M=10  trial  37/50  ARI=+0.204  n_docs= 40  authors=['johnswentworth', 'raemon', 'steve2152', 'zvi']
  M=10  trial  38/50  ARI=+0.309  n_docs= 40  authors=['johnswentworth', 'raemon', 'steve2152', 'zvi']
  M=10  trial  39/50  ARI=+0.402  n_docs= 40  authors=['johnswentworth', 'raemon', 'steve2152', 'zvi']
  M=10  trial  40/50  ARI=+0.312  n_docs= 40  authors=['johnswentworth', 'raemon', 'steve2152', 'zvi']
  M=10  trial  41/50  ARI=+0.527  n_docs= 40  authors=['johnswentworth', 'raemon', 'steve2152', 'zvi']
  M=10  trial  42/50  ARI=+0.262  n_docs= 40  authors=['johnswentworth', 'raemon', 'steve2152', 'zvi']
  M=10  trial  43/50  ARI=+0.474  n_docs= 40  authors=['johnswentworth', 'raemon', 'steve2152', 'zvi']
  M=10  trial  44/50  ARI=+0.188  n_docs= 40  authors=['johnswentworth', 'raemon', 'steve2152', 'zvi']
  M=10  trial  45/50  ARI=+0.622  n_docs= 40  authors=['johnswentworth', 'raemon', 'steve2152', 'zvi']
  M=10  trial  46/50  ARI=+0.466  n_docs= 40  authors=['johnswentworth', 'raemon', 'steve2152', 'zvi']
  M=10  trial  47/50  ARI=+0.245  n_docs= 40  authors=['johnswentworth', 'raemon', 'steve2152', 'zvi']
  M=10  trial  48/50  ARI=+0.384  n_docs= 40  authors=['johnswentworth', 'raemon', 'steve2152', 'zvi']
  M=10  trial  49/50  ARI=+0.434  n_docs= 40  authors=['johnswentworth', 'raemon', 'steve2152', 'zvi']
  M=10  trial  50/50  ARI=+0.587  n_docs= 40  authors=['johnswentworth', 'raemon', 'steve2152', 'zvi']
  M=15  trial   1/50  ARI=+0.397  n_docs= 60  authors=['johnswentworth', 'raemon', 'steve2152', 'zvi']
  M=15  trial   2/50  ARI=+0.706  n_docs= 60  authors=['johnswentworth', 'raemon', 'steve2152', 'zvi']
  M=15  trial   3/50  ARI=+0.463  n_docs= 60  authors=['johnswentworth', 'raemon', 'steve2152', 'zvi']
  M=15  trial   4/50  ARI=+0.458  n_docs= 60  authors=['johnswentworth', 'raemon', 'steve2152', 'zvi']
  M=15  trial   5/50  ARI=+0.298  n_docs= 60  authors=['johnswentworth', 'raemon', 'steve2152', 'zvi']
  M=15  trial   6/50  ARI=+0.514  n_docs= 60  authors=['johnswentworth', 'raemon', 'steve2152', 'zvi']
  M=15  trial   7/50  ARI=+0.701  n_docs= 60  authors=['johnswentworth', 'raemon', 'steve2152', 'zvi']
  M=15  trial   8/50  ARI=+0.537  n_docs= 60  authors=['johnswentworth', 'raemon', 'steve2152', 'zvi']
  M=15  trial   9/50  ARI=+0.404  n_docs= 60  authors=['johnswentworth', 'raemon', 'steve2152', 'zvi']
  M=15  trial  10/50  ARI=+0.229  n_docs= 60  authors=['johnswentworth', 'raemon', 'steve2152', 'zvi']
  M=15  trial  11/50  ARI=+0.427  n_docs= 60  authors=['johnswentworth', 'raemon', 'steve2152', 'zvi']
  M=15  trial  12/50  ARI=+0.312  n_docs= 60  authors=['johnswentworth', 'raemon', 'steve2152', 'zvi']
  M=15  trial  13/50  ARI=+0.336  n_docs= 60  authors=['johnswentworth', 'raemon', 'steve2152', 'zvi']
  M=15  trial  14/50  ARI=+0.447  n_docs= 60  authors=['johnswentworth', 'raemon', 'steve2152', 'zvi']
  M=15  trial  15/50  ARI=+0.586  n_docs= 60  authors=['johnswentworth', 'raemon', 'steve2152', 'zvi']
  M=15  trial  16/50  ARI=+0.203  n_docs= 60  authors=['johnswentworth', 'raemon', 'steve2152', 'zvi']
  M=15  trial  17/50  ARI=+0.673  n_docs= 60  authors=['johnswentworth', 'raemon', 'steve2152', 'zvi']
  M=15  trial  18/50  ARI=+0.403  n_docs= 60  authors=['johnswentworth', 'raemon', 'steve2152', 'zvi']
  M=15  trial  19/50  ARI=+0.428  n_docs= 60  authors=['johnswentworth', 'raemon', 'steve2152', 'zvi']
  M=15  trial  20/50  ARI=+0.667  n_docs= 60  authors=['johnswentworth', 'raemon', 'steve2152', 'zvi']
  M=15  trial  21/50  ARI=+0.447  n_docs= 60  authors=['johnswentworth', 'raemon', 'steve2152', 'zvi']
  M=15  trial  22/50  ARI=+0.274  n_docs= 60  authors=['johnswentworth', 'raemon', 'steve2152', 'zvi']
  M=15  trial  23/50  ARI=+0.387  n_docs= 60  authors=['johnswentworth', 'raemon', 'steve2152', 'zvi']
  M=15  trial  24/50  ARI=+0.434  n_docs= 60  authors=['johnswentworth', 'raemon', 'steve2152', 'zvi']
  M=15  trial  25/50  ARI=+0.526  n_docs= 60  authors=['johnswentworth', 'raemon', 'steve2152', 'zvi']
  M=15  trial  26/50  ARI=+0.484  n_docs= 60  authors=['johnswentworth', 'raemon', 'steve2152', 'zvi']
  M=15  trial  27/50  ARI=+0.246  n_docs= 60  authors=['johnswentworth', 'raemon', 'steve2152', 'zvi']
  M=15  trial  28/50  ARI=+0.339  n_docs= 60  authors=['johnswentworth', 'raemon', 'steve2152', 'zvi']
  M=15  trial  29/50  ARI=+0.532  n_docs= 60  authors=['johnswentworth', 'raemon', 'steve2152', 'zvi']
  M=15  trial  30/50  ARI=+0.525  n_docs= 60  authors=['johnswentworth', 'raemon', 'steve2152', 'zvi']
  M=15  trial  31/50  ARI=+0.591  n_docs= 60  authors=['johnswentworth', 'raemon', 'steve2152', 'zvi']
  M=15  trial  32/50  ARI=+0.498  n_docs= 60  authors=['johnswentworth', 'raemon', 'steve2152', 'zvi']
  M=15  trial  33/50  ARI=+0.560  n_docs= 60  authors=['johnswentworth', 'raemon', 'steve2152', 'zvi']
  M=15  trial  34/50  ARI=+0.348  n_docs= 60  authors=['johnswentworth', 'raemon', 'steve2152', 'zvi']
  M=15  trial  35/50  ARI=+0.599  n_docs= 60  authors=['johnswentworth', 'raemon', 'steve2152', 'zvi']
  M=15  trial  36/50  ARI=+0.284  n_docs= 60  authors=['johnswentworth', 'raemon', 'steve2152', 'zvi']
  M=15  trial  37/50  ARI=+0.296  n_docs= 60  authors=['johnswentworth', 'raemon', 'steve2152', 'zvi']
  M=15  trial  38/50  ARI=+0.362  n_docs= 60  authors=['johnswentworth', 'raemon', 'steve2152', 'zvi']
  M=15  trial  39/50  ARI=+0.355  n_docs= 60  authors=['johnswentworth', 'raemon', 'steve2152', 'zvi']
  M=15  trial  40/50  ARI=+0.455  n_docs= 60  authors=['johnswentworth', 'raemon', 'steve2152', 'zvi']
  M=15  trial  41/50  ARI=+0.665  n_docs= 60  authors=['johnswentworth', 'raemon', 'steve2152', 'zvi']
  M=15  trial  42/50  ARI=+0.314  n_docs= 60  authors=['johnswentworth', 'raemon', 'steve2152', 'zvi']
  M=15  trial  43/50  ARI=+0.478  n_docs= 60  authors=['johnswentworth', 'raemon', 'steve2152', 'zvi']
  M=15  trial  44/50  ARI=+0.393  n_docs= 60  authors=['johnswentworth', 'raemon', 'steve2152', 'zvi']
  M=15  trial  45/50  ARI=+0.240  n_docs= 60  authors=['johnswentworth', 'raemon', 'steve2152', 'zvi']
  M=15  trial  46/50  ARI=+0.255  n_docs= 60  authors=['johnswentworth', 'raemon', 'steve2152', 'zvi']
  M=15  trial  47/50  ARI=+0.291  n_docs= 60  authors=['johnswentworth', 'raemon', 'steve2152', 'zvi']
  M=15  trial  48/50  ARI=+0.457  n_docs= 60  authors=['johnswentworth', 'raemon', 'steve2152', 'zvi']
  M=15  trial  49/50  ARI=+0.355  n_docs= 60  authors=['johnswentworth', 'raemon', 'steve2152', 'zvi']
  M=15  trial  50/50  ARI=+0.479  n_docs= 60  authors=['johnswentworth', 'raemon', 'steve2152', 'zvi']
  M=20  trial   1/50  ARI=+0.385  n_docs= 80  authors=['johnswentworth', 'raemon', 'steve2152', 'zvi']
  M=20  trial   2/50  ARI=+0.377  n_docs= 80  authors=['johnswentworth', 'raemon', 'steve2152', 'zvi']
  M=20  trial   3/50  ARI=+0.544  n_docs= 80  authors=['johnswentworth', 'raemon', 'steve2152', 'zvi']
  M=20  trial   4/50  ARI=+0.452  n_docs= 80  authors=['johnswentworth', 'raemon', 'steve2152', 'zvi']
  M=20  trial   5/50  ARI=+0.410  n_docs= 80  authors=['johnswentworth', 'raemon', 'steve2152', 'zvi']
  M=20  trial   6/50  ARI=+0.527  n_docs= 80  authors=['johnswentworth', 'raemon', 'steve2152', 'zvi']
  M=20  trial   7/50  ARI=+0.422  n_docs= 80  authors=['johnswentworth', 'raemon', 'steve2152', 'zvi']
  M=20  trial   8/50  ARI=+0.442  n_docs= 80  authors=['johnswentworth', 'raemon', 'steve2152', 'zvi']
  M=20  trial   9/50  ARI=+0.356  n_docs= 80  authors=['johnswentworth', 'raemon', 'steve2152', 'zvi']
  M=20  trial  10/50  ARI=+0.429  n_docs= 80  authors=['johnswentworth', 'raemon', 'steve2152', 'zvi']
  M=20  trial  11/50  ARI=+0.321  n_docs= 80  authors=['johnswentworth', 'raemon', 'steve2152', 'zvi']
  M=20  trial  12/50  ARI=+0.455  n_docs= 80  authors=['johnswentworth', 'raemon', 'steve2152', 'zvi']
  M=20  trial  13/50  ARI=+0.588  n_docs= 80  authors=['johnswentworth', 'raemon', 'steve2152', 'zvi']
  M=20  trial  14/50  ARI=+0.368  n_docs= 80  authors=['johnswentworth', 'raemon', 'steve2152', 'zvi']
  M=20  trial  15/50  ARI=+0.299  n_docs= 80  authors=['johnswentworth', 'raemon', 'steve2152', 'zvi']
  M=20  trial  16/50  ARI=+0.387  n_docs= 80  authors=['johnswentworth', 'raemon', 'steve2152', 'zvi']
  M=20  trial  17/50  ARI=+0.330  n_docs= 80  authors=['johnswentworth', 'raemon', 'steve2152', 'zvi']
  M=20  trial  18/50  ARI=+0.257  n_docs= 80  authors=['johnswentworth', 'raemon', 'steve2152', 'zvi']
  M=20  trial  19/50  ARI=+0.317  n_docs= 80  authors=['johnswentworth', 'raemon', 'steve2152', 'zvi']
  M=20  trial  20/50  ARI=+0.384  n_docs= 80  authors=['johnswentworth', 'raemon', 'steve2152', 'zvi']
  M=20  trial  21/50  ARI=+0.596  n_docs= 80  authors=['johnswentworth', 'raemon', 'steve2152', 'zvi']
  M=20  trial  22/50  ARI=+0.591  n_docs= 80  authors=['johnswentworth', 'raemon', 'steve2152', 'zvi']
  M=20  trial  23/50  ARI=+0.329  n_docs= 80  authors=['johnswentworth', 'raemon', 'steve2152', 'zvi']
  M=20  trial  24/50  ARI=+0.774  n_docs= 80  authors=['johnswentworth', 'raemon', 'steve2152', 'zvi']
  M=20  trial  25/50  ARI=+0.376  n_docs= 80  authors=['johnswentworth', 'raemon', 'steve2152', 'zvi']
  M=20  trial  26/50  ARI=+0.406  n_docs= 80  authors=['johnswentworth', 'raemon', 'steve2152', 'zvi']
  M=20  trial  27/50  ARI=+0.377  n_docs= 80  authors=['johnswentworth', 'raemon', 'steve2152', 'zvi']
  M=20  trial  28/50  ARI=+0.759  n_docs= 80  authors=['johnswentworth', 'raemon', 'steve2152', 'zvi']
  M=20  trial  29/50  ARI=+0.395  n_docs= 80  authors=['johnswentworth', 'raemon', 'steve2152', 'zvi']
  M=20  trial  30/50  ARI=+0.477  n_docs= 80  authors=['johnswentworth', 'raemon', 'steve2152', 'zvi']
  M=20  trial  31/50  ARI=+0.489  n_docs= 80  authors=['johnswentworth', 'raemon', 'steve2152', 'zvi']
  M=20  trial  32/50  ARI=+0.421  n_docs= 80  authors=['johnswentworth', 'raemon', 'steve2152', 'zvi']
  M=20  trial  33/50  ARI=+0.637  n_docs= 80  authors=['johnswentworth', 'raemon', 'steve2152', 'zvi']
  M=20  trial  34/50  ARI=+0.360  n_docs= 80  authors=['johnswentworth', 'raemon', 'steve2152', 'zvi']
  M=20  trial  35/50  ARI=+0.333  n_docs= 80  authors=['johnswentworth', 'raemon', 'steve2152', 'zvi']
  M=20  trial  36/50  ARI=+0.364  n_docs= 80  authors=['johnswentworth', 'raemon', 'steve2152', 'zvi']
  M=20  trial  37/50  ARI=+0.444  n_docs= 80  authors=['johnswentworth', 'raemon', 'steve2152', 'zvi']
  M=20  trial  38/50  ARI=+0.420  n_docs= 80  authors=['johnswentworth', 'raemon', 'steve2152', 'zvi']
  M=20  trial  39/50  ARI=+0.536  n_docs= 80  authors=['johnswentworth', 'raemon', 'steve2152', 'zvi']
  M=20  trial  40/50  ARI=+0.349  n_docs= 80  authors=['johnswentworth', 'raemon', 'steve2152', 'zvi']
  M=20  trial  41/50  ARI=+0.338  n_docs= 80  authors=['johnswentworth', 'raemon', 'steve2152', 'zvi']
  M=20  trial  42/50  ARI=+0.491  n_docs= 80  authors=['johnswentworth', 'raemon', 'steve2152', 'zvi']
  M=20  trial  43/50  ARI=+0.694  n_docs= 80  authors=['johnswentworth', 'raemon', 'steve2152', 'zvi']
  M=20  trial  44/50  ARI=+0.484  n_docs= 80  authors=['johnswentworth', 'raemon', 'steve2152', 'zvi']
  M=20  trial  45/50  ARI=+0.355  n_docs= 80  authors=['johnswentworth', 'raemon', 'steve2152', 'zvi']
  M=20  trial  46/50  ARI=+0.221  n_docs= 80  authors=['johnswentworth', 'raemon', 'steve2152', 'zvi']
  M=20  trial  47/50  ARI=+0.576  n_docs= 80  authors=['johnswentworth', 'raemon', 'steve2152', 'zvi']
  M=20  trial  48/50  ARI=+0.481  n_docs= 80  authors=['johnswentworth', 'raemon', 'steve2152', 'zvi']
  M=20  trial  49/50  ARI=+0.387  n_docs= 80  authors=['johnswentworth', 'raemon', 'steve2152', 'zvi']
  M=20  trial  50/50  ARI=+0.424  n_docs= 80  authors=['johnswentworth', 'raemon', 'steve2152', 'zvi']
  M=25  trial   1/50  ARI=+0.445  n_docs=100  authors=['johnswentworth', 'raemon', 'steve2152', 'zvi']
  M=25  trial   2/50  ARI=+0.401  n_docs=100  authors=['johnswentworth', 'raemon', 'steve2152', 'zvi']
  M=25  trial   3/50  ARI=+0.611  n_docs=100  authors=['johnswentworth', 'raemon', 'steve2152', 'zvi']
  M=25  trial   4/50  ARI=+0.471  n_docs=100  authors=['johnswentworth', 'raemon', 'steve2152', 'zvi']
  M=25  trial   5/50  ARI=+0.553  n_docs=100  authors=['johnswentworth', 'raemon', 'steve2152', 'zvi']
  M=25  trial   6/50  ARI=+0.312  n_docs=100  authors=['johnswentworth', 'raemon', 'steve2152', 'zvi']
  M=25  trial   7/50  ARI=+0.475  n_docs=100  authors=['johnswentworth', 'raemon', 'steve2152', 'zvi']
  M=25  trial   8/50  ARI=+0.485  n_docs=100  authors=['johnswentworth', 'raemon', 'steve2152', 'zvi']
  M=25  trial   9/50  ARI=+0.447  n_docs=100  authors=['johnswentworth', 'raemon', 'steve2152', 'zvi']
  M=25  trial  10/50  ARI=+0.440  n_docs=100  authors=['johnswentworth', 'raemon', 'steve2152', 'zvi']
  M=25  trial  11/50  ARI=+0.371  n_docs=100  authors=['johnswentworth', 'raemon', 'steve2152', 'zvi']
  M=25  trial  12/50  ARI=+0.440  n_docs=100  authors=['johnswentworth', 'raemon', 'steve2152', 'zvi']
  M=25  trial  13/50  ARI=+0.497  n_docs=100  authors=['johnswentworth', 'raemon', 'steve2152', 'zvi']
  M=25  trial  14/50  ARI=+0.525  n_docs=100  authors=['johnswentworth', 'raemon', 'steve2152', 'zvi']
  M=25  trial  15/50  ARI=+0.368  n_docs=100  authors=['johnswentworth', 'raemon', 'steve2152', 'zvi']
  M=25  trial  16/50  ARI=+0.393  n_docs=100  authors=['johnswentworth', 'raemon', 'steve2152', 'zvi']
  M=25  trial  17/50  ARI=+0.572  n_docs=100  authors=['johnswentworth', 'raemon', 'steve2152', 'zvi']
  M=25  trial  18/50  ARI=+0.456  n_docs=100  authors=['johnswentworth', 'raemon', 'steve2152', 'zvi']
  M=25  trial  19/50  ARI=+0.548  n_docs=100  authors=['johnswentworth', 'raemon', 'steve2152', 'zvi']
  M=25  trial  20/50  ARI=+0.608  n_docs=100  authors=['johnswentworth', 'raemon', 'steve2152', 'zvi']
  M=25  trial  21/50  ARI=+0.418  n_docs=100  authors=['johnswentworth', 'raemon', 'steve2152', 'zvi']
  M=25  trial  22/50  ARI=+0.415  n_docs=100  authors=['johnswentworth', 'raemon', 'steve2152', 'zvi']
  M=25  trial  23/50  ARI=+0.456  n_docs=100  authors=['johnswentworth', 'raemon', 'steve2152', 'zvi']
  M=25  trial  24/50  ARI=+0.466  n_docs=100  authors=['johnswentworth', 'raemon', 'steve2152', 'zvi']
  M=25  trial  25/50  ARI=+0.442  n_docs=100  authors=['johnswentworth', 'raemon', 'steve2152', 'zvi']
  M=25  trial  26/50  ARI=+0.441  n_docs=100  authors=['johnswentworth', 'raemon', 'steve2152', 'zvi']
  M=25  trial  27/50  ARI=+0.440  n_docs=100  authors=['johnswentworth', 'raemon', 'steve2152', 'zvi']
  M=25  trial  28/50  ARI=+0.460  n_docs=100  authors=['johnswentworth', 'raemon', 'steve2152', 'zvi']
  M=25  trial  29/50  ARI=+0.246  n_docs=100  authors=['johnswentworth', 'raemon', 'steve2152', 'zvi']
  M=25  trial  30/50  ARI=+0.381  n_docs=100  authors=['johnswentworth', 'raemon', 'steve2152', 'zvi']
  M=25  trial  31/50  ARI=+0.841  n_docs=100  authors=['johnswentworth', 'raemon', 'steve2152', 'zvi']
  M=25  trial  32/50  ARI=+0.309  n_docs=100  authors=['johnswentworth', 'raemon', 'steve2152', 'zvi']
  M=25  trial  33/50  ARI=+0.380  n_docs=100  authors=['johnswentworth', 'raemon', 'steve2152', 'zvi']
  M=25  trial  34/50  ARI=+0.583  n_docs=100  authors=['johnswentworth', 'raemon', 'steve2152', 'zvi']
  M=25  trial  35/50  ARI=+0.552  n_docs=100  authors=['johnswentworth', 'raemon', 'steve2152', 'zvi']
  M=25  trial  36/50  ARI=+0.571  n_docs=100  authors=['johnswentworth', 'raemon', 'steve2152', 'zvi']
  M=25  trial  37/50  ARI=+0.647  n_docs=100  authors=['johnswentworth', 'raemon', 'steve2152', 'zvi']
  M=25  trial  38/50  ARI=+0.462  n_docs=100  authors=['johnswentworth', 'raemon', 'steve2152', 'zvi']
  M=25  trial  39/50  ARI=+0.429  n_docs=100  authors=['johnswentworth', 'raemon', 'steve2152', 'zvi']
  M=25  trial  40/50  ARI=+0.333  n_docs=100  authors=['johnswentworth', 'raemon', 'steve2152', 'zvi']
  M=25  trial  41/50  ARI=+0.598  n_docs=100  authors=['johnswentworth', 'raemon', 'steve2152', 'zvi']
  M=25  trial  42/50  ARI=+0.467  n_docs=100  authors=['johnswentworth', 'raemon', 'steve2152', 'zvi']
  M=25  trial  43/50  ARI=+0.300  n_docs=100  authors=['johnswentworth', 'raemon', 'steve2152', 'zvi']
  M=25  trial  44/50  ARI=+0.377  n_docs=100  authors=['johnswentworth', 'raemon', 'steve2152', 'zvi']
  M=25  trial  45/50  ARI=+0.321  n_docs=100  authors=['johnswentworth', 'raemon', 'steve2152', 'zvi']
  M=25  trial  46/50  ARI=+0.417  n_docs=100  authors=['johnswentworth', 'raemon', 'steve2152', 'zvi']
  M=25  trial  47/50  ARI=+0.451  n_docs=100  authors=['johnswentworth', 'raemon', 'steve2152', 'zvi']
  M=25  trial  48/50  ARI=+0.560  n_docs=100  authors=['johnswentworth', 'raemon', 'steve2152', 'zvi']
  M=25  trial  49/50  ARI=+0.419  n_docs=100  authors=['johnswentworth', 'raemon', 'steve2152', 'zvi']
  M=25  trial  50/50  ARI=+0.349  n_docs=100  authors=['johnswentworth', 'raemon', 'steve2152', 'zvi']
  M=30  trial   1/50  ARI=+0.476  n_docs=120  authors=['johnswentworth', 'raemon', 'steve2152', 'zvi']
  M=30  trial   2/50  ARI=+0.530  n_docs=120  authors=['johnswentworth', 'raemon', 'steve2152', 'zvi']
  M=30  trial   3/50  ARI=+0.559  n_docs=120  authors=['johnswentworth', 'raemon', 'steve2152', 'zvi']
  M=30  trial   4/50  ARI=+0.324  n_docs=120  authors=['johnswentworth', 'raemon', 'steve2152', 'zvi']
  M=30  trial   5/50  ARI=+0.481  n_docs=120  authors=['johnswentworth', 'raemon', 'steve2152', 'zvi']
  M=30  trial   6/50  ARI=+0.415  n_docs=120  authors=['johnswentworth', 'raemon', 'steve2152', 'zvi']
  M=30  trial   7/50  ARI=+0.326  n_docs=120  authors=['johnswentworth', 'raemon', 'steve2152', 'zvi']
  M=30  trial   8/50  ARI=+0.301  n_docs=120  authors=['johnswentworth', 'raemon', 'steve2152', 'zvi']
  M=30  trial   9/50  ARI=+0.567  n_docs=120  authors=['johnswentworth', 'raemon', 'steve2152', 'zvi']
  M=30  trial  10/50  ARI=+0.369  n_docs=120  authors=['johnswentworth', 'raemon', 'steve2152', 'zvi']
  M=30  trial  11/50  ARI=+0.538  n_docs=120  authors=['johnswentworth', 'raemon', 'steve2152', 'zvi']
  M=30  trial  12/50  ARI=+0.554  n_docs=120  authors=['johnswentworth', 'raemon', 'steve2152', 'zvi']
  M=30  trial  13/50  ARI=+0.548  n_docs=120  authors=['johnswentworth', 'raemon', 'steve2152', 'zvi']
  M=30  trial  14/50  ARI=+0.455  n_docs=120  authors=['johnswentworth', 'raemon', 'steve2152', 'zvi']
  M=30  trial  15/50  ARI=+0.365  n_docs=120  authors=['johnswentworth', 'raemon', 'steve2152', 'zvi']
  M=30  trial  16/50  ARI=+0.357  n_docs=120  authors=['johnswentworth', 'raemon', 'steve2152', 'zvi']
  M=30  trial  17/50  ARI=+0.415  n_docs=120  authors=['johnswentworth', 'raemon', 'steve2152', 'zvi']
  M=30  trial  18/50  ARI=+0.396  n_docs=120  authors=['johnswentworth', 'raemon', 'steve2152', 'zvi']
  M=30  trial  19/50  ARI=+0.558  n_docs=120  authors=['johnswentworth', 'raemon', 'steve2152', 'zvi']
  M=30  trial  20/50  ARI=+0.379  n_docs=120  authors=['johnswentworth', 'raemon', 'steve2152', 'zvi']
  M=30  trial  21/50  ARI=+0.510  n_docs=120  authors=['johnswentworth', 'raemon', 'steve2152', 'zvi']
  M=30  trial  22/50  ARI=+0.523  n_docs=120  authors=['johnswentworth', 'raemon', 'steve2152', 'zvi']
  M=30  trial  23/50  ARI=+0.476  n_docs=120  authors=['johnswentworth', 'raemon', 'steve2152', 'zvi']
  M=30  trial  24/50  ARI=+0.395  n_docs=120  authors=['johnswentworth', 'raemon', 'steve2152', 'zvi']
  M=30  trial  25/50  ARI=+0.456  n_docs=120  authors=['johnswentworth', 'raemon', 'steve2152', 'zvi']
  M=30  trial  26/50  ARI=+0.353  n_docs=120  authors=['johnswentworth', 'raemon', 'steve2152', 'zvi']
  M=30  trial  27/50  ARI=+0.446  n_docs=120  authors=['johnswentworth', 'raemon', 'steve2152', 'zvi']
  M=30  trial  28/50  ARI=+0.473  n_docs=120  authors=['johnswentworth', 'raemon', 'steve2152', 'zvi']
  M=30  trial  29/50  ARI=+0.405  n_docs=120  authors=['johnswentworth', 'raemon', 'steve2152', 'zvi']
  M=30  trial  30/50  ARI=+0.520  n_docs=120  authors=['johnswentworth', 'raemon', 'steve2152', 'zvi']
  M=30  trial  31/50  ARI=+0.512  n_docs=120  authors=['johnswentworth', 'raemon', 'steve2152', 'zvi']
  M=30  trial  32/50  ARI=+0.402  n_docs=120  authors=['johnswentworth', 'raemon', 'steve2152', 'zvi']
  M=30  trial  33/50  ARI=+0.563  n_docs=120  authors=['johnswentworth', 'raemon', 'steve2152', 'zvi']
  M=30  trial  34/50  ARI=+0.525  n_docs=120  authors=['johnswentworth', 'raemon', 'steve2152', 'zvi']
  M=30  trial  35/50  ARI=+0.338  n_docs=120  authors=['johnswentworth', 'raemon', 'steve2152', 'zvi']
  M=30  trial  36/50  ARI=+0.582  n_docs=120  authors=['johnswentworth', 'raemon', 'steve2152', 'zvi']
  M=30  trial  37/50  ARI=+0.324  n_docs=120  authors=['johnswentworth', 'raemon', 'steve2152', 'zvi']
  M=30  trial  38/50  ARI=+0.512  n_docs=120  authors=['johnswentworth', 'raemon', 'steve2152', 'zvi']
  M=30  trial  39/50  ARI=+0.547  n_docs=120  authors=['johnswentworth', 'raemon', 'steve2152', 'zvi']
  M=30  trial  40/50  ARI=+0.443  n_docs=120  authors=['johnswentworth', 'raemon', 'steve2152', 'zvi']
  M=30  trial  41/50  ARI=+0.512  n_docs=120  authors=['johnswentworth', 'raemon', 'steve2152', 'zvi']
  M=30  trial  42/50  ARI=+0.414  n_docs=120  authors=['johnswentworth', 'raemon', 'steve2152', 'zvi']
  M=30  trial  43/50  ARI=+0.437  n_docs=120  authors=['johnswentworth', 'raemon', 'steve2152', 'zvi']
  M=30  trial  44/50  ARI=+0.445  n_docs=120  authors=['johnswentworth', 'raemon', 'steve2152', 'zvi']
  M=30  trial  45/50  ARI=+0.604  n_docs=120  authors=['johnswentworth', 'raemon', 'steve2152', 'zvi']
  M=30  trial  46/50  ARI=+0.378  n_docs=120  authors=['johnswentworth', 'raemon', 'steve2152', 'zvi']
  M=30  trial  47/50  ARI=+0.605  n_docs=120  authors=['johnswentworth', 'raemon', 'steve2152', 'zvi']
  M=30  trial  48/50  ARI=+0.494  n_docs=120  authors=['johnswentworth', 'raemon', 'steve2152', 'zvi']
  M=30  trial  49/50  ARI=+0.465  n_docs=120  authors=['johnswentworth', 'raemon', 'steve2152', 'zvi']
  M=30  trial  50/50  ARI=+0.581  n_docs=120  authors=['johnswentworth', 'raemon', 'steve2152', 'zvi']
  M=40  trial   1/50  ARI=+0.435  n_docs=160  authors=['johnswentworth', 'raemon', 'steve2152', 'zvi']
  M=40  trial   2/50  ARI=+0.460  n_docs=160  authors=['johnswentworth', 'raemon', 'steve2152', 'zvi']
  M=40  trial   3/50  ARI=+0.467  n_docs=160  authors=['johnswentworth', 'raemon', 'steve2152', 'zvi']
  M=40  trial   4/50  ARI=+0.589  n_docs=160  authors=['johnswentworth', 'raemon', 'steve2152', 'zvi']
  M=40  trial   5/50  ARI=+0.510  n_docs=160  authors=['johnswentworth', 'raemon', 'steve2152', 'zvi']
  M=40  trial   6/50  ARI=+0.371  n_docs=160  authors=['johnswentworth', 'raemon', 'steve2152', 'zvi']
  M=40  trial   7/50  ARI=+0.433  n_docs=160  authors=['johnswentworth', 'raemon', 'steve2152', 'zvi']
  M=40  trial   8/50  ARI=+0.379  n_docs=160  authors=['johnswentworth', 'raemon', 'steve2152', 'zvi']
  M=40  trial   9/50  ARI=+0.639  n_docs=160  authors=['johnswentworth', 'raemon', 'steve2152', 'zvi']
  M=40  trial  10/50  ARI=+0.379  n_docs=160  authors=['johnswentworth', 'raemon', 'steve2152', 'zvi']
  M=40  trial  11/50  ARI=+0.421  n_docs=160  authors=['johnswentworth', 'raemon', 'steve2152', 'zvi']
  M=40  trial  12/50  ARI=+0.424  n_docs=160  authors=['johnswentworth', 'raemon', 'steve2152', 'zvi']
  M=40  trial  13/50  ARI=+0.465  n_docs=160  authors=['johnswentworth', 'raemon', 'steve2152', 'zvi']
  M=40  trial  14/50  ARI=+0.489  n_docs=160  authors=['johnswentworth', 'raemon', 'steve2152', 'zvi']
  M=40  trial  15/50  ARI=+0.395  n_docs=160  authors=['johnswentworth', 'raemon', 'steve2152', 'zvi']
  M=40  trial  16/50  ARI=+0.405  n_docs=160  authors=['johnswentworth', 'raemon', 'steve2152', 'zvi']
  M=40  trial  17/50  ARI=+0.472  n_docs=160  authors=['johnswentworth', 'raemon', 'steve2152', 'zvi']
  M=40  trial  18/50  ARI=+0.394  n_docs=160  authors=['johnswentworth', 'raemon', 'steve2152', 'zvi']
  M=40  trial  19/50  ARI=+0.568  n_docs=160  authors=['johnswentworth', 'raemon', 'steve2152', 'zvi']
  M=40  trial  20/50  ARI=+0.485  n_docs=160  authors=['johnswentworth', 'raemon', 'steve2152', 'zvi']
  M=40  trial  21/50  ARI=+0.428  n_docs=160  authors=['johnswentworth', 'raemon', 'steve2152', 'zvi']
  M=40  trial  22/50  ARI=+0.440  n_docs=160  authors=['johnswentworth', 'raemon', 'steve2152', 'zvi']
  M=40  trial  23/50  ARI=+0.403  n_docs=160  authors=['johnswentworth', 'raemon', 'steve2152', 'zvi']
  M=40  trial  24/50  ARI=+0.580  n_docs=160  authors=['johnswentworth', 'raemon', 'steve2152', 'zvi']
  M=40  trial  25/50  ARI=+0.393  n_docs=160  authors=['johnswentworth', 'raemon', 'steve2152', 'zvi']
  M=40  trial  26/50  ARI=+0.516  n_docs=160  authors=['johnswentworth', 'raemon', 'steve2152', 'zvi']
  M=40  trial  27/50  ARI=+0.426  n_docs=160  authors=['johnswentworth', 'raemon', 'steve2152', 'zvi']
  M=40  trial  28/50  ARI=+0.462  n_docs=160  authors=['johnswentworth', 'raemon', 'steve2152', 'zvi']
  M=40  trial  29/50  ARI=+0.486  n_docs=160  authors=['johnswentworth', 'raemon', 'steve2152', 'zvi']
  M=40  trial  30/50  ARI=+0.484  n_docs=160  authors=['johnswentworth', 'raemon', 'steve2152', 'zvi']
  M=40  trial  31/50  ARI=+0.516  n_docs=160  authors=['johnswentworth', 'raemon', 'steve2152', 'zvi']
  M=40  trial  32/50  ARI=+0.553  n_docs=160  authors=['johnswentworth', 'raemon', 'steve2152', 'zvi']
  M=40  trial  33/50  ARI=+0.666  n_docs=160  authors=['johnswentworth', 'raemon', 'steve2152', 'zvi']
  M=40  trial  34/50  ARI=+0.427  n_docs=160  authors=['johnswentworth', 'raemon', 'steve2152', 'zvi']
  M=40  trial  35/50  ARI=+0.462  n_docs=160  authors=['johnswentworth', 'raemon', 'steve2152', 'zvi']
  M=40  trial  36/50  ARI=+0.398  n_docs=160  authors=['johnswentworth', 'raemon', 'steve2152', 'zvi']
  M=40  trial  37/50  ARI=+0.516  n_docs=160  authors=['johnswentworth', 'raemon', 'steve2152', 'zvi']
  M=40  trial  38/50  ARI=+0.345  n_docs=160  authors=['johnswentworth', 'raemon', 'steve2152', 'zvi']
  M=40  trial  39/50  ARI=+0.494  n_docs=160  authors=['johnswentworth', 'raemon', 'steve2152', 'zvi']
  M=40  trial  40/50  ARI=+0.502  n_docs=160  authors=['johnswentworth', 'raemon', 'steve2152', 'zvi']
  M=40  trial  41/50  ARI=+0.549  n_docs=160  authors=['johnswentworth', 'raemon', 'steve2152', 'zvi']
  M=40  trial  42/50  ARI=+0.496  n_docs=160  authors=['johnswentworth', 'raemon', 'steve2152', 'zvi']
  M=40  trial  43/50  ARI=+0.447  n_docs=160  authors=['johnswentworth', 'raemon', 'steve2152', 'zvi']
  M=40  trial  44/50  ARI=+0.426  n_docs=160  authors=['johnswentworth', 'raemon', 'steve2152', 'zvi']
  M=40  trial  45/50  ARI=+0.358  n_docs=160  authors=['johnswentworth', 'raemon', 'steve2152', 'zvi']
  M=40  trial  46/50  ARI=+0.476  n_docs=160  authors=['johnswentworth', 'raemon', 'steve2152', 'zvi']
  M=40  trial  47/50  ARI=+0.569  n_docs=160  authors=['johnswentworth', 'raemon', 'steve2152', 'zvi']
  M=40  trial  48/50  ARI=+0.472  n_docs=160  authors=['johnswentworth', 'raemon', 'steve2152', 'zvi']
  M=40  trial  49/50  ARI=+0.267  n_docs=160  authors=['johnswentworth', 'raemon', 'steve2152', 'zvi']
  M=40  trial  50/50  ARI=+0.458  n_docs=160  authors=['johnswentworth', 'raemon', 'steve2152', 'zvi']

── ARI vs M summary (4 authors) ──
    M    n    mean     std     min     max
    5   50  +0.339   0.146  +0.006  +0.720
   10   50  +0.378   0.131  +0.179  +0.701
   15   50  +0.433   0.130  +0.203  +0.706
   20   50  +0.439   0.117  +0.221  +0.774
   25   50  +0.459   0.104  +0.246  +0.841
   30   50  +0.463   0.083  +0.301  +0.605
   40   50  +0.464   0.075  +0.267  +0.666
Saved -> src\kmeans\outputs\effect_of_m\ari_vs_m_4authors.png

