============================================================
Experiment 1 — cleaned_10  (10 authors × 40 articles, ≥1500w)
============================================================
  400 docs, 10 authors
    abramdemski: 40 docs
    jessica-liu-taylor: 40 docs
    johnswentworth: 40 docs
    kaj_sotala: 40 docs
    neel-nanda-1: 40 docs
    raemon: 40 docs
    ricraz: 40 docs
    ruby: 40 docs
    steve2152: 40 docs
    zvi: 40 docs

Sweeping N in [100, 200, 500, 1000, 1500]  (K=5, M=15, 50 trials/N, n_init=10)
  Sampling K=5 authors from 10 per trial

  feature cache hit -> src\kmeans\cache\cleaned_10\29e27bc51a523bd0.npz
  N=  100  trial  1/50  ARI=+0.128  authors=['kaj_sotala', 'abramdemski', 'zvi', 'steve2152', 'ruby']
  N=  100  trial  2/50  ARI=+0.060  authors=['kaj_sotala', 'jessica-liu-taylor', 'neel-nanda-1', 'steve2152', 'johnswentworth']
  N=  100  trial  3/50  ARI=+0.010  authors=['jessica-liu-taylor', 'abramdemski', 'raemon', 'kaj_sotala', 'ricraz']
  N=  100  trial  4/50  ARI=+0.043  authors=['ruby', 'jessica-liu-taylor', 'raemon', 'ricraz', 'neel-nanda-1']
  N=  100  trial  5/50  ARI=+0.156  authors=['raemon', 'steve2152', 'ruby', 'kaj_sotala', 'johnswentworth']
  N=  100  trial  6/50  ARI=+0.083  authors=['jessica-liu-taylor', 'ruby', 'neel-nanda-1', 'johnswentworth', 'steve2152']
  N=  100  trial  7/50  ARI=+0.085  authors=['ricraz', 'raemon', 'kaj_sotala', 'johnswentworth', 'zvi']
  N=  100  trial  8/50  ARI=+0.128  authors=['johnswentworth', 'kaj_sotala', 'steve2152', 'ruby', 'ricraz']
  N=  100  trial  9/50  ARI=+0.042  authors=['johnswentworth', 'ruby', 'steve2152', 'abramdemski', 'neel-nanda-1']
  N=  100  trial 10/50  ARI=+0.073  authors=['ruby', 'johnswentworth', 'zvi', 'steve2152', 'raemon']
  N=  100  trial 11/50  ARI=+0.021  authors=['ricraz', 'jessica-liu-taylor', 'zvi', 'abramdemski', 'johnswentworth']
  N=  100  trial 12/50  ARI=+0.071  authors=['ricraz', 'zvi', 'steve2152', 'neel-nanda-1', 'johnswentworth']
  N=  100  trial 13/50  ARI=+0.046  authors=['abramdemski', 'kaj_sotala', 'johnswentworth', 'ruby', 'zvi']
  N=  100  trial 14/50  ARI=+0.041  authors=['jessica-liu-taylor', 'steve2152', 'zvi', 'raemon', 'ruby']
  N=  100  trial 15/50  ARI=+0.017  authors=['jessica-liu-taylor', 'ricraz', 'neel-nanda-1', 'zvi', 'steve2152']
  N=  100  trial 16/50  ARI=+0.012  authors=['ricraz', 'neel-nanda-1', 'jessica-liu-taylor', 'raemon', 'ruby']
  N=  100  trial 17/50  ARI=+0.048  authors=['kaj_sotala', 'zvi', 'jessica-liu-taylor', 'raemon', 'abramdemski']
  N=  100  trial 18/50  ARI=+0.035  authors=['ruby', 'zvi', 'kaj_sotala', 'abramdemski', 'steve2152']
  N=  100  trial 19/50  ARI=+0.034  authors=['raemon', 'kaj_sotala', 'ricraz', 'johnswentworth', 'ruby']
  N=  100  trial 20/50  ARI=+0.025  authors=['neel-nanda-1', 'raemon', 'ruby', 'abramdemski', 'jessica-liu-taylor']
  N=  100  trial 21/50  ARI=+0.078  authors=['neel-nanda-1', 'jessica-liu-taylor', 'steve2152', 'ricraz', 'ruby']
  N=  100  trial 22/50  ARI=-0.007  authors=['jessica-liu-taylor', 'kaj_sotala', 'neel-nanda-1', 'ricraz', 'abramdemski']
  N=  100  trial 23/50  ARI=+0.037  authors=['abramdemski', 'steve2152', 'jessica-liu-taylor', 'kaj_sotala', 'johnswentworth']
  N=  100  trial 24/50  ARI=+0.111  authors=['zvi', 'johnswentworth', 'ruby', 'steve2152', 'raemon']
  N=  100  trial 25/50  ARI=+0.129  authors=['ricraz', 'neel-nanda-1', 'kaj_sotala', 'raemon', 'ruby']
  N=  100  trial 26/50  ARI=+0.085  authors=['steve2152', 'kaj_sotala', 'abramdemski', 'ricraz', 'neel-nanda-1']
  N=  100  trial 27/50  ARI=+0.126  authors=['ricraz', 'johnswentworth', 'raemon', 'zvi', 'neel-nanda-1']
  N=  100  trial 28/50  ARI=+0.101  authors=['abramdemski', 'zvi', 'ricraz', 'kaj_sotala', 'raemon']
  N=  100  trial 29/50  ARI=+0.113  authors=['jessica-liu-taylor', 'ricraz', 'ruby', 'zvi', 'neel-nanda-1']
  N=  100  trial 30/50  ARI=+0.070  authors=['kaj_sotala', 'ricraz', 'ruby', 'steve2152', 'neel-nanda-1']
  N=  100  trial 31/50  ARI=+0.102  authors=['jessica-liu-taylor', 'neel-nanda-1', 'abramdemski', 'raemon', 'steve2152']
  N=  100  trial 32/50  ARI=+0.049  authors=['ricraz', 'abramdemski', 'raemon', 'ruby', 'johnswentworth']
  N=  100  trial 33/50  ARI=+0.148  authors=['ricraz', 'raemon', 'steve2152', 'kaj_sotala', 'neel-nanda-1']
  N=  100  trial 34/50  ARI=+0.011  authors=['abramdemski', 'raemon', 'ricraz', 'zvi', 'johnswentworth']
  N=  100  trial 35/50  ARI=+0.098  authors=['ricraz', 'steve2152', 'raemon', 'ruby', 'neel-nanda-1']
  N=  100  trial 36/50  ARI=+0.043  authors=['johnswentworth', 'ruby', 'ricraz', 'neel-nanda-1', 'kaj_sotala']
  N=  100  trial 37/50  ARI=+0.089  authors=['ricraz', 'neel-nanda-1', 'ruby', 'steve2152', 'raemon']
  N=  100  trial 38/50  ARI=+0.028  authors=['johnswentworth', 'neel-nanda-1', 'abramdemski', 'zvi', 'kaj_sotala']
  N=  100  trial 39/50  ARI=+0.223  authors=['jessica-liu-taylor', 'johnswentworth', 'steve2152', 'ricraz', 'zvi']
  N=  100  trial 40/50  ARI=+0.148  authors=['abramdemski', 'jessica-liu-taylor', 'raemon', 'zvi', 'ruby']
  N=  100  trial 41/50  ARI=+0.077  authors=['abramdemski', 'ricraz', 'raemon', 'zvi', 'ruby']
  N=  100  trial 42/50  ARI=+0.053  authors=['steve2152', 'kaj_sotala', 'abramdemski', 'ruby', 'zvi']
  N=  100  trial 43/50  ARI=+0.038  authors=['kaj_sotala', 'abramdemski', 'johnswentworth', 'ruby', 'jessica-liu-taylor']
  N=  100  trial 44/50  ARI=+0.139  authors=['neel-nanda-1', 'ruby', 'ricraz', 'jessica-liu-taylor', 'steve2152']
  N=  100  trial 45/50  ARI=+0.006  authors=['steve2152', 'ruby', 'jessica-liu-taylor', 'kaj_sotala', 'neel-nanda-1']
  N=  100  trial 46/50  ARI=+0.075  authors=['jessica-liu-taylor', 'steve2152', 'zvi', 'kaj_sotala', 'neel-nanda-1']
  N=  100  trial 47/50  ARI=+0.073  authors=['jessica-liu-taylor', 'neel-nanda-1', 'zvi', 'ricraz', 'johnswentworth']
  N=  100  trial 48/50  ARI=+0.077  authors=['ricraz', 'zvi', 'steve2152', 'abramdemski', 'ruby']
  N=  100  trial 49/50  ARI=+0.013  authors=['ruby', 'jessica-liu-taylor', 'kaj_sotala', 'zvi', 'johnswentworth']
  N=  100  trial 50/50  ARI=+0.115  authors=['ruby', 'abramdemski', 'johnswentworth', 'kaj_sotala', 'zvi']
  feature cache hit -> src\kmeans\cache\cleaned_10\c079bf1564dc1bf5.npz
  N=  200  trial  1/50  ARI=+0.048  authors=['neel-nanda-1', 'ricraz', 'steve2152', 'jessica-liu-taylor', 'kaj_sotala']
  N=  200  trial  2/50  ARI=+0.052  authors=['jessica-liu-taylor', 'steve2152', 'kaj_sotala', 'raemon', 'ruby']
  N=  200  trial  3/50  ARI=+0.128  authors=['ricraz', 'zvi', 'johnswentworth', 'neel-nanda-1', 'steve2152']
  N=  200  trial  4/50  ARI=+0.085  authors=['jessica-liu-taylor', 'ruby', 'zvi', 'abramdemski', 'raemon']
  N=  200  trial  5/50  ARI=+0.038  authors=['ruby', 'neel-nanda-1', 'ricraz', 'kaj_sotala', 'zvi']
  N=  200  trial  6/50  ARI=+0.176  authors=['raemon', 'kaj_sotala', 'steve2152', 'zvi', 'johnswentworth']
  N=  200  trial  7/50  ARI=+0.123  authors=['abramdemski', 'johnswentworth', 'zvi', 'steve2152', 'ruby']
  N=  200  trial  8/50  ARI=+0.039  authors=['jessica-liu-taylor', 'ruby', 'kaj_sotala', 'raemon', 'abramdemski']
  N=  200  trial  9/50  ARI=+0.050  authors=['kaj_sotala', 'neel-nanda-1', 'raemon', 'zvi', 'ruby']
  N=  200  trial 10/50  ARI=+0.117  authors=['ricraz', 'johnswentworth', 'raemon', 'jessica-liu-taylor', 'ruby']
  N=  200  trial 11/50  ARI=+0.122  authors=['kaj_sotala', 'ricraz', 'johnswentworth', 'raemon', 'jessica-liu-taylor']
  N=  200  trial 12/50  ARI=+0.296  authors=['steve2152', 'kaj_sotala', 'abramdemski', 'raemon', 'jessica-liu-taylor']
  N=  200  trial 13/50  ARI=+0.250  authors=['steve2152', 'ruby', 'zvi', 'abramdemski', 'jessica-liu-taylor']
  N=  200  trial 14/50  ARI=+0.211  authors=['abramdemski', 'kaj_sotala', 'jessica-liu-taylor', 'zvi', 'steve2152']
  N=  200  trial 15/50  ARI=+0.099  authors=['ruby', 'neel-nanda-1', 'raemon', 'jessica-liu-taylor', 'johnswentworth']
  N=  200  trial 16/50  ARI=+0.237  authors=['ricraz', 'zvi', 'ruby', 'steve2152', 'kaj_sotala']
  N=  200  trial 17/50  ARI=+0.072  authors=['zvi', 'steve2152', 'neel-nanda-1', 'johnswentworth', 'ruby']
  N=  200  trial 18/50  ARI=+0.059  authors=['raemon', 'abramdemski', 'zvi', 'steve2152', 'ruby']
  N=  200  trial 19/50  ARI=+0.157  authors=['steve2152', 'ruby', 'raemon', 'johnswentworth', 'zvi']
  N=  200  trial 20/50  ARI=+0.109  authors=['ruby', 'johnswentworth', 'neel-nanda-1', 'ricraz', 'abramdemski']
  N=  200  trial 21/50  ARI=+0.202  authors=['ruby', 'kaj_sotala', 'raemon', 'neel-nanda-1', 'zvi']
  N=  200  trial 22/50  ARI=+0.145  authors=['ruby', 'neel-nanda-1', 'steve2152', 'kaj_sotala', 'zvi']
  N=  200  trial 23/50  ARI=+0.141  authors=['kaj_sotala', 'neel-nanda-1', 'jessica-liu-taylor', 'ricraz', 'steve2152']
  N=  200  trial 24/50  ARI=+0.107  authors=['kaj_sotala', 'abramdemski', 'ricraz', 'jessica-liu-taylor', 'zvi']
  N=  200  trial 25/50  ARI=+0.110  authors=['abramdemski', 'ricraz', 'ruby', 'steve2152', 'johnswentworth']
  N=  200  trial 26/50  ARI=+0.216  authors=['abramdemski', 'jessica-liu-taylor', 'steve2152', 'ricraz', 'johnswentworth']
  N=  200  trial 27/50  ARI=+0.078  authors=['zvi', 'steve2152', 'ruby', 'raemon', 'abramdemski']
  N=  200  trial 28/50  ARI=+0.079  authors=['johnswentworth', 'steve2152', 'jessica-liu-taylor', 'kaj_sotala', 'ricraz']
  N=  200  trial 29/50  ARI=+0.137  authors=['neel-nanda-1', 'jessica-liu-taylor', 'abramdemski', 'steve2152', 'ricraz']
  N=  200  trial 30/50  ARI=+0.090  authors=['zvi', 'kaj_sotala', 'raemon', 'johnswentworth', 'ricraz']
  N=  200  trial 31/50  ARI=+0.093  authors=['johnswentworth', 'kaj_sotala', 'zvi', 'jessica-liu-taylor', 'steve2152']
  N=  200  trial 32/50  ARI=+0.182  authors=['raemon', 'steve2152', 'johnswentworth', 'abramdemski', 'jessica-liu-taylor']
  N=  200  trial 33/50  ARI=+0.014  authors=['jessica-liu-taylor', 'ricraz', 'abramdemski', 'neel-nanda-1', 'steve2152']
  N=  200  trial 34/50  ARI=+0.037  authors=['jessica-liu-taylor', 'neel-nanda-1', 'abramdemski', 'raemon', 'ricraz']
  N=  200  trial 35/50  ARI=+0.092  authors=['steve2152', 'ruby', 'kaj_sotala', 'neel-nanda-1', 'jessica-liu-taylor']
  N=  200  trial 36/50  ARI=+0.113  authors=['abramdemski', 'raemon', 'ruby', 'johnswentworth', 'steve2152']
  N=  200  trial 37/50  ARI=+0.099  authors=['abramdemski', 'johnswentworth', 'raemon', 'kaj_sotala', 'jessica-liu-taylor']
  N=  200  trial 38/50  ARI=+0.105  authors=['jessica-liu-taylor', 'ricraz', 'ruby', 'abramdemski', 'kaj_sotala']
  N=  200  trial 39/50  ARI=+0.340  authors=['zvi', 'neel-nanda-1', 'ricraz', 'raemon', 'steve2152']
  N=  200  trial 40/50  ARI=+0.225  authors=['ricraz', 'abramdemski', 'zvi', 'jessica-liu-taylor', 'steve2152']
  N=  200  trial 41/50  ARI=+0.105  authors=['raemon', 'zvi', 'ruby', 'jessica-liu-taylor', 'neel-nanda-1']
  N=  200  trial 42/50  ARI=+0.071  authors=['jessica-liu-taylor', 'neel-nanda-1', 'kaj_sotala', 'abramdemski', 'ruby']
  N=  200  trial 43/50  ARI=+0.041  authors=['ruby', 'johnswentworth', 'steve2152', 'neel-nanda-1', 'kaj_sotala']
  N=  200  trial 44/50  ARI=+0.125  authors=['zvi', 'ruby', 'johnswentworth', 'jessica-liu-taylor', 'raemon']
  N=  200  trial 45/50  ARI=+0.059  authors=['ricraz', 'johnswentworth', 'ruby', 'abramdemski', 'neel-nanda-1']
  N=  200  trial 46/50  ARI=+0.079  authors=['kaj_sotala', 'jessica-liu-taylor', 'steve2152', 'johnswentworth', 'neel-nanda-1']
  N=  200  trial 47/50  ARI=+0.262  authors=['zvi', 'ruby', 'jessica-liu-taylor', 'neel-nanda-1', 'ricraz']
  N=  200  trial 48/50  ARI=+0.137  authors=['jessica-liu-taylor', 'kaj_sotala', 'johnswentworth', 'zvi', 'ruby']
  N=  200  trial 49/50  ARI=+0.108  authors=['kaj_sotala', 'steve2152', 'zvi', 'ricraz', 'ruby']
  N=  200  trial 50/50  ARI=+0.091  authors=['ricraz', 'ruby', 'raemon', 'zvi', 'kaj_sotala']
  feature cache hit -> src\kmeans\cache\cleaned_10\a0308aa160e3308d.npz
  N=  500  trial  1/50  ARI=+0.236  authors=['jessica-liu-taylor', 'kaj_sotala', 'abramdemski', 'ricraz', 'raemon']
  N=  500  trial  2/50  ARI=+0.305  authors=['abramdemski', 'steve2152', 'kaj_sotala', 'ricraz', 'raemon']
  N=  500  trial  3/50  ARI=+0.390  authors=['kaj_sotala', 'zvi', 'steve2152', 'ruby', 'raemon']
  N=  500  trial  4/50  ARI=+0.206  authors=['jessica-liu-taylor', 'abramdemski', 'neel-nanda-1', 'kaj_sotala', 'raemon']
  N=  500  trial  5/50  ARI=+0.232  authors=['neel-nanda-1', 'johnswentworth', 'kaj_sotala', 'jessica-liu-taylor', 'zvi']
  N=  500  trial  6/50  ARI=+0.223  authors=['kaj_sotala', 'ricraz', 'jessica-liu-taylor', 'raemon', 'johnswentworth']
  N=  500  trial  7/50  ARI=+0.296  authors=['zvi', 'kaj_sotala', 'johnswentworth', 'abramdemski', 'jessica-liu-taylor']
  N=  500  trial  8/50  ARI=+0.234  authors=['ricraz', 'ruby', 'johnswentworth', 'jessica-liu-taylor', 'steve2152']
  N=  500  trial  9/50  ARI=+0.286  authors=['ricraz', 'ruby', 'zvi', 'abramdemski', 'raemon']
  N=  500  trial 10/50  ARI=+0.251  authors=['abramdemski', 'zvi', 'ruby', 'raemon', 'jessica-liu-taylor']
  N=  500  trial 11/50  ARI=+0.487  authors=['raemon', 'ricraz', 'steve2152', 'abramdemski', 'ruby']
  N=  500  trial 12/50  ARI=+0.189  authors=['johnswentworth', 'jessica-liu-taylor', 'neel-nanda-1', 'kaj_sotala', 'ruby']
  N=  500  trial 13/50  ARI=+0.179  authors=['neel-nanda-1', 'kaj_sotala', 'johnswentworth', 'steve2152', 'ricraz']
  N=  500  trial 14/50  ARI=+0.473  authors=['neel-nanda-1', 'ricraz', 'jessica-liu-taylor', 'raemon', 'steve2152']
  N=  500  trial 15/50  ARI=+0.197  authors=['steve2152', 'raemon', 'ruby', 'ricraz', 'kaj_sotala']
  N=  500  trial 16/50  ARI=+0.202  authors=['raemon', 'kaj_sotala', 'ruby', 'jessica-liu-taylor', 'steve2152']
  N=  500  trial 17/50  ARI=+0.220  authors=['steve2152', 'jessica-liu-taylor', 'abramdemski', 'ruby', 'neel-nanda-1']
  N=  500  trial 18/50  ARI=+0.261  authors=['ricraz', 'kaj_sotala', 'neel-nanda-1', 'johnswentworth', 'jessica-liu-taylor']
  N=  500  trial 19/50  ARI=+0.244  authors=['zvi', 'steve2152', 'johnswentworth', 'raemon', 'neel-nanda-1']
  N=  500  trial 20/50  ARI=+0.359  authors=['steve2152', 'jessica-liu-taylor', 'ricraz', 'zvi', 'kaj_sotala']
  N=  500  trial 21/50  ARI=+0.350  authors=['ricraz', 'zvi', 'steve2152', 'ruby', 'kaj_sotala']
  N=  500  trial 22/50  ARI=+0.167  authors=['ricraz', 'raemon', 'abramdemski', 'kaj_sotala', 'zvi']
  N=  500  trial 23/50  ARI=+0.251  authors=['kaj_sotala', 'johnswentworth', 'neel-nanda-1', 'raemon', 'abramdemski']
  N=  500  trial 24/50  ARI=+0.186  authors=['ricraz', 'neel-nanda-1', 'johnswentworth', 'jessica-liu-taylor', 'ruby']
  N=  500  trial 25/50  ARI=+0.160  authors=['ruby', 'raemon', 'abramdemski', 'jessica-liu-taylor', 'kaj_sotala']
  N=  500  trial 26/50  ARI=+0.413  authors=['steve2152', 'ruby', 'raemon', 'abramdemski', 'zvi']
  N=  500  trial 27/50  ARI=+0.314  authors=['kaj_sotala', 'raemon', 'johnswentworth', 'zvi', 'jessica-liu-taylor']
  N=  500  trial 28/50  ARI=+0.165  authors=['neel-nanda-1', 'jessica-liu-taylor', 'johnswentworth', 'kaj_sotala', 'ricraz']
  N=  500  trial 29/50  ARI=+0.181  authors=['ricraz', 'jessica-liu-taylor', 'johnswentworth', 'raemon', 'neel-nanda-1']
  N=  500  trial 30/50  ARI=+0.227  authors=['ricraz', 'neel-nanda-1', 'steve2152', 'abramdemski', 'jessica-liu-taylor']
  N=  500  trial 31/50  ARI=+0.252  authors=['ricraz', 'ruby', 'kaj_sotala', 'raemon', 'neel-nanda-1']
  N=  500  trial 32/50  ARI=+0.427  authors=['neel-nanda-1', 'zvi', 'kaj_sotala', 'raemon', 'steve2152']
  N=  500  trial 33/50  ARI=+0.438  authors=['ruby', 'zvi', 'johnswentworth', 'ricraz', 'steve2152']
  N=  500  trial 34/50  ARI=+0.329  authors=['johnswentworth', 'ruby', 'ricraz', 'raemon', 'abramdemski']
  N=  500  trial 35/50  ARI=+0.179  authors=['ruby', 'jessica-liu-taylor', 'raemon', 'ricraz', 'neel-nanda-1']
  N=  500  trial 36/50  ARI=+0.415  authors=['johnswentworth', 'kaj_sotala', 'neel-nanda-1', 'zvi', 'jessica-liu-taylor']
  N=  500  trial 37/50  ARI=+0.351  authors=['kaj_sotala', 'ruby', 'steve2152', 'abramdemski', 'ricraz']
  N=  500  trial 38/50  ARI=+0.192  authors=['kaj_sotala', 'zvi', 'steve2152', 'jessica-liu-taylor', 'abramdemski']
  N=  500  trial 39/50  ARI=+0.132  authors=['steve2152', 'jessica-liu-taylor', 'kaj_sotala', 'neel-nanda-1', 'johnswentworth']
  N=  500  trial 40/50  ARI=+0.200  authors=['jessica-liu-taylor', 'kaj_sotala', 'steve2152', 'abramdemski', 'johnswentworth']
  N=  500  trial 41/50  ARI=+0.388  authors=['steve2152', 'ricraz', 'ruby', 'raemon', 'zvi']
  N=  500  trial 42/50  ARI=+0.394  authors=['raemon', 'ruby', 'johnswentworth', 'steve2152', 'neel-nanda-1']
  N=  500  trial 43/50  ARI=+0.309  authors=['kaj_sotala', 'abramdemski', 'steve2152', 'ricraz', 'zvi']
  N=  500  trial 44/50  ARI=+0.233  authors=['jessica-liu-taylor', 'zvi', 'ruby', 'ricraz', 'kaj_sotala']
  N=  500  trial 45/50  ARI=+0.135  authors=['johnswentworth', 'kaj_sotala', 'abramdemski', 'ruby', 'raemon']
  N=  500  trial 46/50  ARI=+0.432  authors=['raemon', 'kaj_sotala', 'ruby', 'steve2152', 'ricraz']
  N=  500  trial 47/50  ARI=+0.434  authors=['neel-nanda-1', 'steve2152', 'ruby', 'raemon', 'ricraz']
  N=  500  trial 48/50  ARI=+0.064  authors=['ricraz', 'kaj_sotala', 'neel-nanda-1', 'johnswentworth', 'abramdemski']
  N=  500  trial 49/50  ARI=+0.491  authors=['raemon', 'steve2152', 'neel-nanda-1', 'abramdemski', 'zvi']
  N=  500  trial 50/50  ARI=+0.341  authors=['ricraz', 'ruby', 'johnswentworth', 'zvi', 'kaj_sotala']
  feature cache hit -> src\kmeans\cache\cleaned_10\49f374bfd45e5e40.npz
  N= 1000  trial  1/50  ARI=+0.470  authors=['jessica-liu-taylor', 'zvi', 'kaj_sotala', 'ricraz', 'steve2152']
  N= 1000  trial  2/50  ARI=+0.412  authors=['neel-nanda-1', 'ricraz', 'steve2152', 'johnswentworth', 'abramdemski']
  N= 1000  trial  3/50  ARI=+0.431  authors=['abramdemski', 'johnswentworth', 'steve2152', 'ricraz', 'kaj_sotala']
  N= 1000  trial  4/50  ARI=+0.233  authors=['johnswentworth', 'neel-nanda-1', 'raemon', 'kaj_sotala', 'jessica-liu-taylor']
  N= 1000  trial  5/50  ARI=+0.239  authors=['ruby', 'jessica-liu-taylor', 'johnswentworth', 'zvi', 'kaj_sotala']
  N= 1000  trial  6/50  ARI=+0.541  authors=['ruby', 'zvi', 'kaj_sotala', 'ricraz', 'steve2152']
  N= 1000  trial  7/50  ARI=+0.314  authors=['ruby', 'abramdemski', 'kaj_sotala', 'raemon', 'johnswentworth']
  N= 1000  trial  8/50  ARI=+0.137  authors=['johnswentworth', 'ricraz', 'ruby', 'abramdemski', 'jessica-liu-taylor']
  N= 1000  trial  9/50  ARI=+0.482  authors=['ruby', 'ricraz', 'steve2152', 'raemon', 'abramdemski']
  N= 1000  trial 10/50  ARI=+0.403  authors=['kaj_sotala', 'ruby', 'raemon', 'zvi', 'ricraz']
  N= 1000  trial 11/50  ARI=+0.311  authors=['zvi', 'raemon', 'kaj_sotala', 'jessica-liu-taylor', 'ruby']
  N= 1000  trial 12/50  ARI=+0.303  authors=['jessica-liu-taylor', 'ricraz', 'ruby', 'raemon', 'neel-nanda-1']
  N= 1000  trial 13/50  ARI=+0.580  authors=['jessica-liu-taylor', 'johnswentworth', 'zvi', 'steve2152', 'ricraz']
  N= 1000  trial 14/50  ARI=+0.485  authors=['zvi', 'ricraz', 'kaj_sotala', 'abramdemski', 'steve2152']
  N= 1000  trial 15/50  ARI=+0.408  authors=['zvi', 'johnswentworth', 'ruby', 'neel-nanda-1', 'ricraz']
  N= 1000  trial 16/50  ARI=+0.312  authors=['jessica-liu-taylor', 'johnswentworth', 'raemon', 'abramdemski', 'steve2152']
  N= 1000  trial 17/50  ARI=+0.548  authors=['zvi', 'kaj_sotala', 'raemon', 'jessica-liu-taylor', 'steve2152']
  N= 1000  trial 18/50  ARI=+0.518  authors=['steve2152', 'johnswentworth', 'abramdemski', 'ricraz', 'ruby']
  N= 1000  trial 19/50  ARI=+0.209  authors=['johnswentworth', 'raemon', 'jessica-liu-taylor', 'ruby', 'neel-nanda-1']
  N= 1000  trial 20/50  ARI=+0.610  authors=['steve2152', 'zvi', 'raemon', 'kaj_sotala', 'neel-nanda-1']
  N= 1000  trial 21/50  ARI=+0.563  authors=['neel-nanda-1', 'ricraz', 'steve2152', 'abramdemski', 'ruby']
  N= 1000  trial 22/50  ARI=+0.348  authors=['ruby', 'abramdemski', 'raemon', 'steve2152', 'zvi']
  N= 1000  trial 23/50  ARI=+0.613  authors=['johnswentworth', 'neel-nanda-1', 'ruby', 'abramdemski', 'zvi']
  N= 1000  trial 24/50  ARI=+0.219  authors=['raemon', 'kaj_sotala', 'ricraz', 'neel-nanda-1', 'jessica-liu-taylor']
  N= 1000  trial 25/50  ARI=+0.399  authors=['abramdemski', 'neel-nanda-1', 'ricraz', 'jessica-liu-taylor', 'steve2152']
  N= 1000  trial 26/50  ARI=+0.385  authors=['johnswentworth', 'ricraz', 'abramdemski', 'ruby', 'kaj_sotala']
  N= 1000  trial 27/50  ARI=+0.576  authors=['ruby', 'johnswentworth', 'zvi', 'abramdemski', 'kaj_sotala']
  N= 1000  trial 28/50  ARI=+0.324  authors=['raemon', 'steve2152', 'ruby', 'johnswentworth', 'jessica-liu-taylor']
  N= 1000  trial 29/50  ARI=+0.604  authors=['neel-nanda-1', 'ricraz', 'zvi', 'kaj_sotala', 'steve2152']
  N= 1000  trial 30/50  ARI=+0.281  authors=['ruby', 'zvi', 'kaj_sotala', 'jessica-liu-taylor', 'raemon']
  N= 1000  trial 31/50  ARI=+0.453  authors=['jessica-liu-taylor', 'ruby', 'raemon', 'ricraz', 'steve2152']
  N= 1000  trial 32/50  ARI=+0.676  authors=['zvi', 'ruby', 'neel-nanda-1', 'raemon', 'abramdemski']
  N= 1000  trial 33/50  ARI=+0.329  authors=['abramdemski', 'zvi', 'ruby', 'kaj_sotala', 'ricraz']
  N= 1000  trial 34/50  ARI=+0.459  authors=['raemon', 'zvi', 'steve2152', 'ruby', 'neel-nanda-1']
  N= 1000  trial 35/50  ARI=+0.346  authors=['zvi', 'neel-nanda-1', 'ricraz', 'jessica-liu-taylor', 'abramdemski']
  N= 1000  trial 36/50  ARI=+0.219  authors=['raemon', 'neel-nanda-1', 'abramdemski', 'ruby', 'jessica-liu-taylor']
  N= 1000  trial 37/50  ARI=+0.431  authors=['neel-nanda-1', 'jessica-liu-taylor', 'zvi', 'kaj_sotala', 'abramdemski']
  N= 1000  trial 38/50  ARI=+0.617  authors=['ricraz', 'kaj_sotala', 'johnswentworth', 'steve2152', 'raemon']
  N= 1000  trial 39/50  ARI=+0.646  authors=['raemon', 'zvi', 'ruby', 'johnswentworth', 'steve2152']
  N= 1000  trial 40/50  ARI=+0.416  authors=['kaj_sotala', 'neel-nanda-1', 'raemon', 'ruby', 'steve2152']
  N= 1000  trial 41/50  ARI=+0.488  authors=['steve2152', 'johnswentworth', 'raemon', 'ricraz', 'jessica-liu-taylor']
  N= 1000  trial 42/50  ARI=+0.225  authors=['neel-nanda-1', 'kaj_sotala', 'ruby', 'abramdemski', 'ricraz']
  N= 1000  trial 43/50  ARI=+0.438  authors=['ruby', 'zvi', 'abramdemski', 'raemon', 'neel-nanda-1']
  N= 1000  trial 44/50  ARI=+0.418  authors=['ruby', 'johnswentworth', 'jessica-liu-taylor', 'abramdemski', 'zvi']
  N= 1000  trial 45/50  ARI=+0.514  authors=['neel-nanda-1', 'steve2152', 'abramdemski', 'raemon', 'johnswentworth']
  N= 1000  trial 46/50  ARI=+0.325  authors=['neel-nanda-1', 'johnswentworth', 'ricraz', 'kaj_sotala', 'jessica-liu-taylor']
  N= 1000  trial 47/50  ARI=+0.538  authors=['johnswentworth', 'ruby', 'steve2152', 'jessica-liu-taylor', 'raemon']
  N= 1000  trial 48/50  ARI=+0.600  authors=['johnswentworth', 'ruby', 'raemon', 'steve2152', 'abramdemski']
  N= 1000  trial 49/50  ARI=+0.479  authors=['neel-nanda-1', 'abramdemski', 'zvi', 'steve2152', 'ruby']
  N= 1000  trial 50/50  ARI=+0.462  authors=['ricraz', 'neel-nanda-1', 'jessica-liu-taylor', 'johnswentworth', 'zvi']
  feature cache hit -> src\kmeans\cache\cleaned_10\2b210234ff591af9.npz
  N= 1500  trial  1/50  ARI=+0.518  authors=['johnswentworth', 'ruby', 'abramdemski', 'steve2152', 'neel-nanda-1']
  N= 1500  trial  2/50  ARI=+0.532  authors=['abramdemski', 'ruby', 'ricraz', 'zvi', 'johnswentworth']
  N= 1500  trial  3/50  ARI=+0.654  authors=['jessica-liu-taylor', 'johnswentworth', 'neel-nanda-1', 'kaj_sotala', 'zvi']
  N= 1500  trial  4/50  ARI=+0.580  authors=['johnswentworth', 'neel-nanda-1', 'raemon', 'ricraz', 'abramdemski']
  N= 1500  trial  5/50  ARI=+0.376  authors=['abramdemski', 'ruby', 'johnswentworth', 'jessica-liu-taylor', 'steve2152']
  N= 1500  trial  6/50  ARI=+0.446  authors=['kaj_sotala', 'ruby', 'johnswentworth', 'raemon', 'neel-nanda-1']
  N= 1500  trial  7/50  ARI=+0.304  authors=['raemon', 'jessica-liu-taylor', 'abramdemski', 'ruby', 'zvi']
  N= 1500  trial  8/50  ARI=+0.594  authors=['abramdemski', 'zvi', 'kaj_sotala', 'neel-nanda-1', 'raemon']
  N= 1500  trial  9/50  ARI=+0.562  authors=['abramdemski', 'steve2152', 'jessica-liu-taylor', 'johnswentworth', 'zvi']
  N= 1500  trial 10/50  ARI=+0.468  authors=['abramdemski', 'raemon', 'ruby', 'jessica-liu-taylor', 'johnswentworth']
  N= 1500  trial 11/50  ARI=+0.613  authors=['raemon', 'zvi', 'steve2152', 'neel-nanda-1', 'kaj_sotala']
  N= 1500  trial 12/50  ARI=+0.345  authors=['johnswentworth', 'abramdemski', 'ruby', 'jessica-liu-taylor', 'neel-nanda-1']
  N= 1500  trial 13/50  ARI=+0.535  authors=['steve2152', 'jessica-liu-taylor', 'johnswentworth', 'ricraz', 'abramdemski']
  N= 1500  trial 14/50  ARI=+0.282  authors=['johnswentworth', 'ruby', 'abramdemski', 'jessica-liu-taylor', 'neel-nanda-1']
  N= 1500  trial 15/50  ARI=+0.569  authors=['zvi', 'johnswentworth', 'ricraz', 'raemon', 'neel-nanda-1']
  N= 1500  trial 16/50  ARI=+0.685  authors=['ricraz', 'kaj_sotala', 'johnswentworth', 'zvi', 'neel-nanda-1']
  N= 1500  trial 17/50  ARI=+0.334  authors=['steve2152', 'ricraz', 'johnswentworth', 'kaj_sotala', 'neel-nanda-1']
  N= 1500  trial 18/50  ARI=+0.396  authors=['steve2152', 'jessica-liu-taylor', 'neel-nanda-1', 'johnswentworth', 'ruby']
  N= 1500  trial 19/50  ARI=+0.513  authors=['abramdemski', 'steve2152', 'raemon', 'jessica-liu-taylor', 'kaj_sotala']
  N= 1500  trial 20/50  ARI=+0.544  authors=['kaj_sotala', 'zvi', 'ricraz', 'raemon', 'neel-nanda-1']
  N= 1500  trial 21/50  ARI=+0.307  authors=['johnswentworth', 'jessica-liu-taylor', 'raemon', 'kaj_sotala', 'neel-nanda-1']
  N= 1500  trial 22/50  ARI=+0.334  authors=['jessica-liu-taylor', 'johnswentworth', 'kaj_sotala', 'steve2152', 'ruby']
  N= 1500  trial 23/50  ARI=+0.704  authors=['zvi', 'ruby', 'abramdemski', 'ricraz', 'steve2152']
  N= 1500  trial 24/50  ARI=+0.630  authors=['ricraz', 'kaj_sotala', 'zvi', 'ruby', 'steve2152']
  N= 1500  trial 25/50  ARI=+0.517  authors=['raemon', 'neel-nanda-1', 'zvi', 'kaj_sotala', 'steve2152']
  N= 1500  trial 26/50  ARI=+0.359  authors=['zvi', 'steve2152', 'ricraz', 'abramdemski', 'jessica-liu-taylor']
  N= 1500  trial 27/50  ARI=+0.455  authors=['steve2152', 'ruby', 'zvi', 'neel-nanda-1', 'raemon']
  N= 1500  trial 28/50  ARI=+0.357  authors=['steve2152', 'abramdemski', 'ruby', 'jessica-liu-taylor', 'johnswentworth']
  N= 1500  trial 29/50  ARI=+0.491  authors=['zvi', 'raemon', 'johnswentworth', 'neel-nanda-1', 'ricraz']
  N= 1500  trial 30/50  ARI=+0.199  authors=['abramdemski', 'jessica-liu-taylor', 'kaj_sotala', 'johnswentworth', 'ruby']
  N= 1500  trial 31/50  ARI=+0.392  authors=['kaj_sotala', 'johnswentworth', 'jessica-liu-taylor', 'raemon', 'steve2152']
  N= 1500  trial 32/50  ARI=+0.528  authors=['kaj_sotala', 'abramdemski', 'raemon', 'jessica-liu-taylor', 'johnswentworth']
  N= 1500  trial 33/50  ARI=+0.556  authors=['steve2152', 'johnswentworth', 'abramdemski', 'neel-nanda-1', 'kaj_sotala']
  N= 1500  trial 34/50  ARI=+0.496  authors=['steve2152', 'johnswentworth', 'neel-nanda-1', 'ruby', 'abramdemski']
  N= 1500  trial 35/50  ARI=+0.314  authors=['ruby', 'jessica-liu-taylor', 'raemon', 'neel-nanda-1', 'steve2152']
  N= 1500  trial 36/50  ARI=+0.514  authors=['kaj_sotala', 'neel-nanda-1', 'ruby', 'abramdemski', 'steve2152']
  N= 1500  trial 37/50  ARI=+0.403  authors=['abramdemski', 'johnswentworth', 'raemon', 'jessica-liu-taylor', 'zvi']
  N= 1500  trial 38/50  ARI=+0.323  authors=['jessica-liu-taylor', 'raemon', 'ricraz', 'abramdemski', 'neel-nanda-1']
  N= 1500  trial 39/50  ARI=+0.555  authors=['jessica-liu-taylor', 'johnswentworth', 'ricraz', 'kaj_sotala', 'steve2152']
  N= 1500  trial 40/50  ARI=+0.665  authors=['zvi', 'kaj_sotala', 'ricraz', 'steve2152', 'johnswentworth']
  N= 1500  trial 41/50  ARI=+0.671  authors=['johnswentworth', 'steve2152', 'raemon', 'ruby', 'zvi']
  N= 1500  trial 42/50  ARI=+0.395  authors=['ruby', 'raemon', 'kaj_sotala', 'johnswentworth', 'abramdemski']
  N= 1500  trial 43/50  ARI=+0.513  authors=['zvi', 'johnswentworth', 'abramdemski', 'raemon', 'kaj_sotala']
  N= 1500  trial 44/50  ARI=+0.341  authors=['jessica-liu-taylor', 'kaj_sotala', 'zvi', 'neel-nanda-1', 'johnswentworth']
  N= 1500  trial 45/50  ARI=+0.411  authors=['zvi', 'jessica-liu-taylor', 'kaj_sotala', 'ricraz', 'abramdemski']
  N= 1500  trial 46/50  ARI=+0.502  authors=['abramdemski', 'neel-nanda-1', 'zvi', 'ricraz', 'raemon']
  N= 1500  trial 47/50  ARI=+0.584  authors=['kaj_sotala', 'raemon', 'jessica-liu-taylor', 'steve2152', 'ricraz']
  N= 1500  trial 48/50  ARI=+0.478  authors=['steve2152', 'zvi', 'ruby', 'jessica-liu-taylor', 'ricraz']
  N= 1500  trial 49/50  ARI=+0.556  authors=['johnswentworth', 'ricraz', 'kaj_sotala', 'steve2152', 'ruby']
  N= 1500  trial 50/50  ARI=+0.406  authors=['johnswentworth', 'neel-nanda-1', 'abramdemski', 'raemon', 'kaj_sotala']

── ARI vs N summary (cleaned_10) ──
      N    n    mean     std     min     max
    100   50  +0.072   0.048  -0.007  +0.223
    200   50  +0.123   0.071  +0.014  +0.340
    500   50  +0.280   0.105  +0.064  +0.491
   1000   50  +0.427   0.132  +0.137  +0.676
   1500   50  +0.476   0.119  +0.199  +0.704

Saved -> src\kmeans\outputs\effect_of_n\ari_vs_n_10authors.png

============================================================
Experiment 2 — cleaned_5  (5 authors × 29–62 articles, ≥3000w)
============================================================
  227 docs, 5 authors
    abramdemski: 27 docs
    kaj_sotala: 34 docs
    neel-nanda-1: 48 docs
    steve2152: 56 docs
    zvi: 62 docs

Sweeping N in [100, 200, 500, 1000, 1500, 2000, 2500, 3000]  (K=5, M=15, 50 trials/N, n_init=10)
  All 5 authors used; only article sampling randomised

  feature cache hit -> src\kmeans\cache\cleaned_5\09f1351892721767.npz
  N=  100  trial  1/50  ARI=+0.046  authors=['abramdemski', 'kaj_sotala', 'neel-nanda-1', 'steve2152', 'zvi']
  N=  100  trial  2/50  ARI=+0.056  authors=['abramdemski', 'kaj_sotala', 'neel-nanda-1', 'steve2152', 'zvi']
  N=  100  trial  3/50  ARI=+0.008  authors=['abramdemski', 'kaj_sotala', 'neel-nanda-1', 'steve2152', 'zvi']
  N=  100  trial  4/50  ARI=+0.090  authors=['abramdemski', 'kaj_sotala', 'neel-nanda-1', 'steve2152', 'zvi']
  N=  100  trial  5/50  ARI=+0.042  authors=['abramdemski', 'kaj_sotala', 'neel-nanda-1', 'steve2152', 'zvi']
  N=  100  trial  6/50  ARI=+0.051  authors=['abramdemski', 'kaj_sotala', 'neel-nanda-1', 'steve2152', 'zvi']
  N=  100  trial  7/50  ARI=+0.114  authors=['abramdemski', 'kaj_sotala', 'neel-nanda-1', 'steve2152', 'zvi']
  N=  100  trial  8/50  ARI=+0.058  authors=['abramdemski', 'kaj_sotala', 'neel-nanda-1', 'steve2152', 'zvi']
  N=  100  trial  9/50  ARI=+0.121  authors=['abramdemski', 'kaj_sotala', 'neel-nanda-1', 'steve2152', 'zvi']
  N=  100  trial 10/50  ARI=+0.054  authors=['abramdemski', 'kaj_sotala', 'neel-nanda-1', 'steve2152', 'zvi']
  N=  100  trial 11/50  ARI=+0.032  authors=['abramdemski', 'kaj_sotala', 'neel-nanda-1', 'steve2152', 'zvi']
  N=  100  trial 12/50  ARI=+0.128  authors=['abramdemski', 'kaj_sotala', 'neel-nanda-1', 'steve2152', 'zvi']
  N=  100  trial 13/50  ARI=+0.029  authors=['abramdemski', 'kaj_sotala', 'neel-nanda-1', 'steve2152', 'zvi']
  N=  100  trial 14/50  ARI=+0.069  authors=['abramdemski', 'kaj_sotala', 'neel-nanda-1', 'steve2152', 'zvi']
  N=  100  trial 15/50  ARI=+0.073  authors=['abramdemski', 'kaj_sotala', 'neel-nanda-1', 'steve2152', 'zvi']
  N=  100  trial 16/50  ARI=+0.125  authors=['abramdemski', 'kaj_sotala', 'neel-nanda-1', 'steve2152', 'zvi']
  N=  100  trial 17/50  ARI=+0.045  authors=['abramdemski', 'kaj_sotala', 'neel-nanda-1', 'steve2152', 'zvi']
  N=  100  trial 18/50  ARI=-0.008  authors=['abramdemski', 'kaj_sotala', 'neel-nanda-1', 'steve2152', 'zvi']
  N=  100  trial 19/50  ARI=+0.012  authors=['abramdemski', 'kaj_sotala', 'neel-nanda-1', 'steve2152', 'zvi']
  N=  100  trial 20/50  ARI=+0.117  authors=['abramdemski', 'kaj_sotala', 'neel-nanda-1', 'steve2152', 'zvi']
  N=  100  trial 21/50  ARI=+0.004  authors=['abramdemski', 'kaj_sotala', 'neel-nanda-1', 'steve2152', 'zvi']
  N=  100  trial 22/50  ARI=+0.100  authors=['abramdemski', 'kaj_sotala', 'neel-nanda-1', 'steve2152', 'zvi']
  N=  100  trial 23/50  ARI=+0.135  authors=['abramdemski', 'kaj_sotala', 'neel-nanda-1', 'steve2152', 'zvi']
  N=  100  trial 24/50  ARI=+0.081  authors=['abramdemski', 'kaj_sotala', 'neel-nanda-1', 'steve2152', 'zvi']
  N=  100  trial 25/50  ARI=+0.025  authors=['abramdemski', 'kaj_sotala', 'neel-nanda-1', 'steve2152', 'zvi']
  N=  100  trial 26/50  ARI=+0.237  authors=['abramdemski', 'kaj_sotala', 'neel-nanda-1', 'steve2152', 'zvi']
  N=  100  trial 27/50  ARI=+0.048  authors=['abramdemski', 'kaj_sotala', 'neel-nanda-1', 'steve2152', 'zvi']
  N=  100  trial 28/50  ARI=+0.198  authors=['abramdemski', 'kaj_sotala', 'neel-nanda-1', 'steve2152', 'zvi']
  N=  100  trial 29/50  ARI=+0.009  authors=['abramdemski', 'kaj_sotala', 'neel-nanda-1', 'steve2152', 'zvi']
  N=  100  trial 30/50  ARI=+0.085  authors=['abramdemski', 'kaj_sotala', 'neel-nanda-1', 'steve2152', 'zvi']
  N=  100  trial 31/50  ARI=+0.068  authors=['abramdemski', 'kaj_sotala', 'neel-nanda-1', 'steve2152', 'zvi']
  N=  100  trial 32/50  ARI=+0.022  authors=['abramdemski', 'kaj_sotala', 'neel-nanda-1', 'steve2152', 'zvi']
  N=  100  trial 33/50  ARI=+0.063  authors=['abramdemski', 'kaj_sotala', 'neel-nanda-1', 'steve2152', 'zvi']
  N=  100  trial 34/50  ARI=+0.030  authors=['abramdemski', 'kaj_sotala', 'neel-nanda-1', 'steve2152', 'zvi']
  N=  100  trial 35/50  ARI=+0.071  authors=['abramdemski', 'kaj_sotala', 'neel-nanda-1', 'steve2152', 'zvi']
  N=  100  trial 36/50  ARI=+0.037  authors=['abramdemski', 'kaj_sotala', 'neel-nanda-1', 'steve2152', 'zvi']
  N=  100  trial 37/50  ARI=+0.032  authors=['abramdemski', 'kaj_sotala', 'neel-nanda-1', 'steve2152', 'zvi']
  N=  100  trial 38/50  ARI=+0.002  authors=['abramdemski', 'kaj_sotala', 'neel-nanda-1', 'steve2152', 'zvi']
  N=  100  trial 39/50  ARI=+0.138  authors=['abramdemski', 'kaj_sotala', 'neel-nanda-1', 'steve2152', 'zvi']
  N=  100  trial 40/50  ARI=+0.067  authors=['abramdemski', 'kaj_sotala', 'neel-nanda-1', 'steve2152', 'zvi']
  N=  100  trial 41/50  ARI=+0.039  authors=['abramdemski', 'kaj_sotala', 'neel-nanda-1', 'steve2152', 'zvi']
  N=  100  trial 42/50  ARI=+0.091  authors=['abramdemski', 'kaj_sotala', 'neel-nanda-1', 'steve2152', 'zvi']
  N=  100  trial 43/50  ARI=+0.072  authors=['abramdemski', 'kaj_sotala', 'neel-nanda-1', 'steve2152', 'zvi']
  N=  100  trial 44/50  ARI=+0.108  authors=['abramdemski', 'kaj_sotala', 'neel-nanda-1', 'steve2152', 'zvi']
  N=  100  trial 45/50  ARI=+0.030  authors=['abramdemski', 'kaj_sotala', 'neel-nanda-1', 'steve2152', 'zvi']
  N=  100  trial 46/50  ARI=+0.137  authors=['abramdemski', 'kaj_sotala', 'neel-nanda-1', 'steve2152', 'zvi']
  N=  100  trial 47/50  ARI=+0.096  authors=['abramdemski', 'kaj_sotala', 'neel-nanda-1', 'steve2152', 'zvi']
  N=  100  trial 48/50  ARI=+0.056  authors=['abramdemski', 'kaj_sotala', 'neel-nanda-1', 'steve2152', 'zvi']
  N=  100  trial 49/50  ARI=+0.053  authors=['abramdemski', 'kaj_sotala', 'neel-nanda-1', 'steve2152', 'zvi']
  N=  100  trial 50/50  ARI=+0.041  authors=['abramdemski', 'kaj_sotala', 'neel-nanda-1', 'steve2152', 'zvi']
  feature cache hit -> src\kmeans\cache\cleaned_5\2ecf2462455385a0.npz
  N=  200  trial  1/50  ARI=+0.029  authors=['abramdemski', 'kaj_sotala', 'neel-nanda-1', 'steve2152', 'zvi']
  N=  200  trial  2/50  ARI=+0.142  authors=['abramdemski', 'kaj_sotala', 'neel-nanda-1', 'steve2152', 'zvi']
  N=  200  trial  3/50  ARI=+0.091  authors=['abramdemski', 'kaj_sotala', 'neel-nanda-1', 'steve2152', 'zvi']
  N=  200  trial  4/50  ARI=+0.179  authors=['abramdemski', 'kaj_sotala', 'neel-nanda-1', 'steve2152', 'zvi']
  N=  200  trial  5/50  ARI=+0.142  authors=['abramdemski', 'kaj_sotala', 'neel-nanda-1', 'steve2152', 'zvi']
  N=  200  trial  6/50  ARI=+0.162  authors=['abramdemski', 'kaj_sotala', 'neel-nanda-1', 'steve2152', 'zvi']
  N=  200  trial  7/50  ARI=+0.212  authors=['abramdemski', 'kaj_sotala', 'neel-nanda-1', 'steve2152', 'zvi']
  N=  200  trial  8/50  ARI=+0.094  authors=['abramdemski', 'kaj_sotala', 'neel-nanda-1', 'steve2152', 'zvi']
  N=  200  trial  9/50  ARI=+0.015  authors=['abramdemski', 'kaj_sotala', 'neel-nanda-1', 'steve2152', 'zvi']
  N=  200  trial 10/50  ARI=+0.119  authors=['abramdemski', 'kaj_sotala', 'neel-nanda-1', 'steve2152', 'zvi']
  N=  200  trial 11/50  ARI=+0.082  authors=['abramdemski', 'kaj_sotala', 'neel-nanda-1', 'steve2152', 'zvi']
  N=  200  trial 12/50  ARI=+0.145  authors=['abramdemski', 'kaj_sotala', 'neel-nanda-1', 'steve2152', 'zvi']
  N=  200  trial 13/50  ARI=+0.084  authors=['abramdemski', 'kaj_sotala', 'neel-nanda-1', 'steve2152', 'zvi']
  N=  200  trial 14/50  ARI=+0.154  authors=['abramdemski', 'kaj_sotala', 'neel-nanda-1', 'steve2152', 'zvi']
  N=  200  trial 15/50  ARI=+0.090  authors=['abramdemski', 'kaj_sotala', 'neel-nanda-1', 'steve2152', 'zvi']
  N=  200  trial 16/50  ARI=+0.061  authors=['abramdemski', 'kaj_sotala', 'neel-nanda-1', 'steve2152', 'zvi']
  N=  200  trial 17/50  ARI=+0.089  authors=['abramdemski', 'kaj_sotala', 'neel-nanda-1', 'steve2152', 'zvi']
  N=  200  trial 18/50  ARI=+0.129  authors=['abramdemski', 'kaj_sotala', 'neel-nanda-1', 'steve2152', 'zvi']
  N=  200  trial 19/50  ARI=+0.222  authors=['abramdemski', 'kaj_sotala', 'neel-nanda-1', 'steve2152', 'zvi']
  N=  200  trial 20/50  ARI=+0.041  authors=['abramdemski', 'kaj_sotala', 'neel-nanda-1', 'steve2152', 'zvi']
  N=  200  trial 21/50  ARI=+0.073  authors=['abramdemski', 'kaj_sotala', 'neel-nanda-1', 'steve2152', 'zvi']
  N=  200  trial 22/50  ARI=+0.248  authors=['abramdemski', 'kaj_sotala', 'neel-nanda-1', 'steve2152', 'zvi']
  N=  200  trial 23/50  ARI=+0.203  authors=['abramdemski', 'kaj_sotala', 'neel-nanda-1', 'steve2152', 'zvi']
  N=  200  trial 24/50  ARI=+0.144  authors=['abramdemski', 'kaj_sotala', 'neel-nanda-1', 'steve2152', 'zvi']
  N=  200  trial 25/50  ARI=+0.089  authors=['abramdemski', 'kaj_sotala', 'neel-nanda-1', 'steve2152', 'zvi']
  N=  200  trial 26/50  ARI=+0.176  authors=['abramdemski', 'kaj_sotala', 'neel-nanda-1', 'steve2152', 'zvi']
  N=  200  trial 27/50  ARI=+0.142  authors=['abramdemski', 'kaj_sotala', 'neel-nanda-1', 'steve2152', 'zvi']
  N=  200  trial 28/50  ARI=+0.164  authors=['abramdemski', 'kaj_sotala', 'neel-nanda-1', 'steve2152', 'zvi']
  N=  200  trial 29/50  ARI=+0.191  authors=['abramdemski', 'kaj_sotala', 'neel-nanda-1', 'steve2152', 'zvi']
  N=  200  trial 30/50  ARI=+0.130  authors=['abramdemski', 'kaj_sotala', 'neel-nanda-1', 'steve2152', 'zvi']
  N=  200  trial 31/50  ARI=+0.009  authors=['abramdemski', 'kaj_sotala', 'neel-nanda-1', 'steve2152', 'zvi']
  N=  200  trial 32/50  ARI=+0.151  authors=['abramdemski', 'kaj_sotala', 'neel-nanda-1', 'steve2152', 'zvi']
  N=  200  trial 33/50  ARI=+0.037  authors=['abramdemski', 'kaj_sotala', 'neel-nanda-1', 'steve2152', 'zvi']
  N=  200  trial 34/50  ARI=+0.018  authors=['abramdemski', 'kaj_sotala', 'neel-nanda-1', 'steve2152', 'zvi']
  N=  200  trial 35/50  ARI=+0.177  authors=['abramdemski', 'kaj_sotala', 'neel-nanda-1', 'steve2152', 'zvi']
  N=  200  trial 36/50  ARI=+0.081  authors=['abramdemski', 'kaj_sotala', 'neel-nanda-1', 'steve2152', 'zvi']
  N=  200  trial 37/50  ARI=+0.063  authors=['abramdemski', 'kaj_sotala', 'neel-nanda-1', 'steve2152', 'zvi']
  N=  200  trial 38/50  ARI=+0.068  authors=['abramdemski', 'kaj_sotala', 'neel-nanda-1', 'steve2152', 'zvi']
  N=  200  trial 39/50  ARI=+0.126  authors=['abramdemski', 'kaj_sotala', 'neel-nanda-1', 'steve2152', 'zvi']
  N=  200  trial 40/50  ARI=+0.079  authors=['abramdemski', 'kaj_sotala', 'neel-nanda-1', 'steve2152', 'zvi']
  N=  200  trial 41/50  ARI=+0.132  authors=['abramdemski', 'kaj_sotala', 'neel-nanda-1', 'steve2152', 'zvi']
  N=  200  trial 42/50  ARI=+0.085  authors=['abramdemski', 'kaj_sotala', 'neel-nanda-1', 'steve2152', 'zvi']
  N=  200  trial 43/50  ARI=+0.142  authors=['abramdemski', 'kaj_sotala', 'neel-nanda-1', 'steve2152', 'zvi']
  N=  200  trial 44/50  ARI=+0.063  authors=['abramdemski', 'kaj_sotala', 'neel-nanda-1', 'steve2152', 'zvi']
  N=  200  trial 45/50  ARI=+0.138  authors=['abramdemski', 'kaj_sotala', 'neel-nanda-1', 'steve2152', 'zvi']
  N=  200  trial 46/50  ARI=+0.114  authors=['abramdemski', 'kaj_sotala', 'neel-nanda-1', 'steve2152', 'zvi']
  N=  200  trial 47/50  ARI=+0.044  authors=['abramdemski', 'kaj_sotala', 'neel-nanda-1', 'steve2152', 'zvi']
  N=  200  trial 48/50  ARI=+0.161  authors=['abramdemski', 'kaj_sotala', 'neel-nanda-1', 'steve2152', 'zvi']
  N=  200  trial 49/50  ARI=+0.041  authors=['abramdemski', 'kaj_sotala', 'neel-nanda-1', 'steve2152', 'zvi']
  N=  200  trial 50/50  ARI=+0.078  authors=['abramdemski', 'kaj_sotala', 'neel-nanda-1', 'steve2152', 'zvi']
  feature cache hit -> src\kmeans\cache\cleaned_5\8520e012e9443350.npz
  N=  500  trial  1/50  ARI=+0.143  authors=['abramdemski', 'kaj_sotala', 'neel-nanda-1', 'steve2152', 'zvi']
  N=  500  trial  2/50  ARI=+0.273  authors=['abramdemski', 'kaj_sotala', 'neel-nanda-1', 'steve2152', 'zvi']
  N=  500  trial  3/50  ARI=+0.266  authors=['abramdemski', 'kaj_sotala', 'neel-nanda-1', 'steve2152', 'zvi']
  N=  500  trial  4/50  ARI=+0.098  authors=['abramdemski', 'kaj_sotala', 'neel-nanda-1', 'steve2152', 'zvi']
  N=  500  trial  5/50  ARI=+0.128  authors=['abramdemski', 'kaj_sotala', 'neel-nanda-1', 'steve2152', 'zvi']
  N=  500  trial  6/50  ARI=+0.315  authors=['abramdemski', 'kaj_sotala', 'neel-nanda-1', 'steve2152', 'zvi']
  N=  500  trial  7/50  ARI=+0.146  authors=['abramdemski', 'kaj_sotala', 'neel-nanda-1', 'steve2152', 'zvi']
  N=  500  trial  8/50  ARI=+0.175  authors=['abramdemski', 'kaj_sotala', 'neel-nanda-1', 'steve2152', 'zvi']
  N=  500  trial  9/50  ARI=+0.176  authors=['abramdemski', 'kaj_sotala', 'neel-nanda-1', 'steve2152', 'zvi']
  N=  500  trial 10/50  ARI=+0.340  authors=['abramdemski', 'kaj_sotala', 'neel-nanda-1', 'steve2152', 'zvi']
  N=  500  trial 11/50  ARI=+0.201  authors=['abramdemski', 'kaj_sotala', 'neel-nanda-1', 'steve2152', 'zvi']
  N=  500  trial 12/50  ARI=+0.121  authors=['abramdemski', 'kaj_sotala', 'neel-nanda-1', 'steve2152', 'zvi']
  N=  500  trial 13/50  ARI=+0.255  authors=['abramdemski', 'kaj_sotala', 'neel-nanda-1', 'steve2152', 'zvi']
  N=  500  trial 14/50  ARI=+0.159  authors=['abramdemski', 'kaj_sotala', 'neel-nanda-1', 'steve2152', 'zvi']
  N=  500  trial 15/50  ARI=+0.272  authors=['abramdemski', 'kaj_sotala', 'neel-nanda-1', 'steve2152', 'zvi']
  N=  500  trial 16/50  ARI=+0.047  authors=['abramdemski', 'kaj_sotala', 'neel-nanda-1', 'steve2152', 'zvi']
  N=  500  trial 17/50  ARI=+0.101  authors=['abramdemski', 'kaj_sotala', 'neel-nanda-1', 'steve2152', 'zvi']
  N=  500  trial 18/50  ARI=+0.303  authors=['abramdemski', 'kaj_sotala', 'neel-nanda-1', 'steve2152', 'zvi']
  N=  500  trial 19/50  ARI=+0.052  authors=['abramdemski', 'kaj_sotala', 'neel-nanda-1', 'steve2152', 'zvi']
  N=  500  trial 20/50  ARI=+0.239  authors=['abramdemski', 'kaj_sotala', 'neel-nanda-1', 'steve2152', 'zvi']
  N=  500  trial 21/50  ARI=+0.327  authors=['abramdemski', 'kaj_sotala', 'neel-nanda-1', 'steve2152', 'zvi']
  N=  500  trial 22/50  ARI=+0.085  authors=['abramdemski', 'kaj_sotala', 'neel-nanda-1', 'steve2152', 'zvi']
  N=  500  trial 23/50  ARI=+0.174  authors=['abramdemski', 'kaj_sotala', 'neel-nanda-1', 'steve2152', 'zvi']
  N=  500  trial 24/50  ARI=+0.149  authors=['abramdemski', 'kaj_sotala', 'neel-nanda-1', 'steve2152', 'zvi']
  N=  500  trial 25/50  ARI=+0.117  authors=['abramdemski', 'kaj_sotala', 'neel-nanda-1', 'steve2152', 'zvi']
  N=  500  trial 26/50  ARI=+0.107  authors=['abramdemski', 'kaj_sotala', 'neel-nanda-1', 'steve2152', 'zvi']
  N=  500  trial 27/50  ARI=+0.208  authors=['abramdemski', 'kaj_sotala', 'neel-nanda-1', 'steve2152', 'zvi']
  N=  500  trial 28/50  ARI=+0.277  authors=['abramdemski', 'kaj_sotala', 'neel-nanda-1', 'steve2152', 'zvi']
  N=  500  trial 29/50  ARI=+0.213  authors=['abramdemski', 'kaj_sotala', 'neel-nanda-1', 'steve2152', 'zvi']
  N=  500  trial 30/50  ARI=+0.305  authors=['abramdemski', 'kaj_sotala', 'neel-nanda-1', 'steve2152', 'zvi']
  N=  500  trial 31/50  ARI=+0.039  authors=['abramdemski', 'kaj_sotala', 'neel-nanda-1', 'steve2152', 'zvi']
  N=  500  trial 32/50  ARI=+0.033  authors=['abramdemski', 'kaj_sotala', 'neel-nanda-1', 'steve2152', 'zvi']
  N=  500  trial 33/50  ARI=+0.220  authors=['abramdemski', 'kaj_sotala', 'neel-nanda-1', 'steve2152', 'zvi']
  N=  500  trial 34/50  ARI=+0.351  authors=['abramdemski', 'kaj_sotala', 'neel-nanda-1', 'steve2152', 'zvi']
  N=  500  trial 35/50  ARI=+0.166  authors=['abramdemski', 'kaj_sotala', 'neel-nanda-1', 'steve2152', 'zvi']
  N=  500  trial 36/50  ARI=+0.166  authors=['abramdemski', 'kaj_sotala', 'neel-nanda-1', 'steve2152', 'zvi']
  N=  500  trial 37/50  ARI=+0.307  authors=['abramdemski', 'kaj_sotala', 'neel-nanda-1', 'steve2152', 'zvi']
  N=  500  trial 38/50  ARI=+0.086  authors=['abramdemski', 'kaj_sotala', 'neel-nanda-1', 'steve2152', 'zvi']
  N=  500  trial 39/50  ARI=+0.294  authors=['abramdemski', 'kaj_sotala', 'neel-nanda-1', 'steve2152', 'zvi']
  N=  500  trial 40/50  ARI=+0.293  authors=['abramdemski', 'kaj_sotala', 'neel-nanda-1', 'steve2152', 'zvi']
  N=  500  trial 41/50  ARI=+0.079  authors=['abramdemski', 'kaj_sotala', 'neel-nanda-1', 'steve2152', 'zvi']
  N=  500  trial 42/50  ARI=+0.305  authors=['abramdemski', 'kaj_sotala', 'neel-nanda-1', 'steve2152', 'zvi']
  N=  500  trial 43/50  ARI=+0.291  authors=['abramdemski', 'kaj_sotala', 'neel-nanda-1', 'steve2152', 'zvi']
  N=  500  trial 44/50  ARI=+0.223  authors=['abramdemski', 'kaj_sotala', 'neel-nanda-1', 'steve2152', 'zvi']
  N=  500  trial 45/50  ARI=+0.245  authors=['abramdemski', 'kaj_sotala', 'neel-nanda-1', 'steve2152', 'zvi']
  N=  500  trial 46/50  ARI=+0.259  authors=['abramdemski', 'kaj_sotala', 'neel-nanda-1', 'steve2152', 'zvi']
  N=  500  trial 47/50  ARI=+0.091  authors=['abramdemski', 'kaj_sotala', 'neel-nanda-1', 'steve2152', 'zvi']
  N=  500  trial 48/50  ARI=+0.083  authors=['abramdemski', 'kaj_sotala', 'neel-nanda-1', 'steve2152', 'zvi']
  N=  500  trial 49/50  ARI=+0.165  authors=['abramdemski', 'kaj_sotala', 'neel-nanda-1', 'steve2152', 'zvi']
  N=  500  trial 50/50  ARI=+0.152  authors=['abramdemski', 'kaj_sotala', 'neel-nanda-1', 'steve2152', 'zvi']
  feature cache hit -> src\kmeans\cache\cleaned_5\bc48168d599d7066.npz
  N= 1000  trial  1/50  ARI=+0.369  authors=['abramdemski', 'kaj_sotala', 'neel-nanda-1', 'steve2152', 'zvi']
  N= 1000  trial  2/50  ARI=+0.204  authors=['abramdemski', 'kaj_sotala', 'neel-nanda-1', 'steve2152', 'zvi']
  N= 1000  trial  3/50  ARI=+0.525  authors=['abramdemski', 'kaj_sotala', 'neel-nanda-1', 'steve2152', 'zvi']
  N= 1000  trial  4/50  ARI=+0.520  authors=['abramdemski', 'kaj_sotala', 'neel-nanda-1', 'steve2152', 'zvi']
  N= 1000  trial  5/50  ARI=+0.452  authors=['abramdemski', 'kaj_sotala', 'neel-nanda-1', 'steve2152', 'zvi']
  N= 1000  trial  6/50  ARI=+0.299  authors=['abramdemski', 'kaj_sotala', 'neel-nanda-1', 'steve2152', 'zvi']
  N= 1000  trial  7/50  ARI=+0.212  authors=['abramdemski', 'kaj_sotala', 'neel-nanda-1', 'steve2152', 'zvi']
  N= 1000  trial  8/50  ARI=+0.315  authors=['abramdemski', 'kaj_sotala', 'neel-nanda-1', 'steve2152', 'zvi']
  N= 1000  trial  9/50  ARI=+0.369  authors=['abramdemski', 'kaj_sotala', 'neel-nanda-1', 'steve2152', 'zvi']
  N= 1000  trial 10/50  ARI=+0.409  authors=['abramdemski', 'kaj_sotala', 'neel-nanda-1', 'steve2152', 'zvi']
  N= 1000  trial 11/50  ARI=+0.369  authors=['abramdemski', 'kaj_sotala', 'neel-nanda-1', 'steve2152', 'zvi']
  N= 1000  trial 12/50  ARI=+0.422  authors=['abramdemski', 'kaj_sotala', 'neel-nanda-1', 'steve2152', 'zvi']
  N= 1000  trial 13/50  ARI=+0.311  authors=['abramdemski', 'kaj_sotala', 'neel-nanda-1', 'steve2152', 'zvi']
  N= 1000  trial 14/50  ARI=+0.453  authors=['abramdemski', 'kaj_sotala', 'neel-nanda-1', 'steve2152', 'zvi']
  N= 1000  trial 15/50  ARI=+0.193  authors=['abramdemski', 'kaj_sotala', 'neel-nanda-1', 'steve2152', 'zvi']
  N= 1000  trial 16/50  ARI=+0.467  authors=['abramdemski', 'kaj_sotala', 'neel-nanda-1', 'steve2152', 'zvi']
  N= 1000  trial 17/50  ARI=+0.319  authors=['abramdemski', 'kaj_sotala', 'neel-nanda-1', 'steve2152', 'zvi']
  N= 1000  trial 18/50  ARI=+0.339  authors=['abramdemski', 'kaj_sotala', 'neel-nanda-1', 'steve2152', 'zvi']
  N= 1000  trial 19/50  ARI=+0.224  authors=['abramdemski', 'kaj_sotala', 'neel-nanda-1', 'steve2152', 'zvi']
  N= 1000  trial 20/50  ARI=+0.263  authors=['abramdemski', 'kaj_sotala', 'neel-nanda-1', 'steve2152', 'zvi']
  N= 1000  trial 21/50  ARI=+0.291  authors=['abramdemski', 'kaj_sotala', 'neel-nanda-1', 'steve2152', 'zvi']
  N= 1000  trial 22/50  ARI=+0.457  authors=['abramdemski', 'kaj_sotala', 'neel-nanda-1', 'steve2152', 'zvi']
  N= 1000  trial 23/50  ARI=+0.390  authors=['abramdemski', 'kaj_sotala', 'neel-nanda-1', 'steve2152', 'zvi']
  N= 1000  trial 24/50  ARI=+0.380  authors=['abramdemski', 'kaj_sotala', 'neel-nanda-1', 'steve2152', 'zvi']
  N= 1000  trial 25/50  ARI=+0.348  authors=['abramdemski', 'kaj_sotala', 'neel-nanda-1', 'steve2152', 'zvi']
  N= 1000  trial 26/50  ARI=+0.435  authors=['abramdemski', 'kaj_sotala', 'neel-nanda-1', 'steve2152', 'zvi']
  N= 1000  trial 27/50  ARI=+0.596  authors=['abramdemski', 'kaj_sotala', 'neel-nanda-1', 'steve2152', 'zvi']
  N= 1000  trial 28/50  ARI=+0.240  authors=['abramdemski', 'kaj_sotala', 'neel-nanda-1', 'steve2152', 'zvi']
  N= 1000  trial 29/50  ARI=+0.393  authors=['abramdemski', 'kaj_sotala', 'neel-nanda-1', 'steve2152', 'zvi']
  N= 1000  trial 30/50  ARI=+0.163  authors=['abramdemski', 'kaj_sotala', 'neel-nanda-1', 'steve2152', 'zvi']
  N= 1000  trial 31/50  ARI=+0.276  authors=['abramdemski', 'kaj_sotala', 'neel-nanda-1', 'steve2152', 'zvi']
  N= 1000  trial 32/50  ARI=+0.267  authors=['abramdemski', 'kaj_sotala', 'neel-nanda-1', 'steve2152', 'zvi']
  N= 1000  trial 33/50  ARI=+0.421  authors=['abramdemski', 'kaj_sotala', 'neel-nanda-1', 'steve2152', 'zvi']
  N= 1000  trial 34/50  ARI=+0.352  authors=['abramdemski', 'kaj_sotala', 'neel-nanda-1', 'steve2152', 'zvi']
  N= 1000  trial 35/50  ARI=+0.335  authors=['abramdemski', 'kaj_sotala', 'neel-nanda-1', 'steve2152', 'zvi']
  N= 1000  trial 36/50  ARI=+0.331  authors=['abramdemski', 'kaj_sotala', 'neel-nanda-1', 'steve2152', 'zvi']
  N= 1000  trial 37/50  ARI=+0.311  authors=['abramdemski', 'kaj_sotala', 'neel-nanda-1', 'steve2152', 'zvi']
  N= 1000  trial 38/50  ARI=+0.106  authors=['abramdemski', 'kaj_sotala', 'neel-nanda-1', 'steve2152', 'zvi']
  N= 1000  trial 39/50  ARI=+0.253  authors=['abramdemski', 'kaj_sotala', 'neel-nanda-1', 'steve2152', 'zvi']
  N= 1000  trial 40/50  ARI=+0.300  authors=['abramdemski', 'kaj_sotala', 'neel-nanda-1', 'steve2152', 'zvi']
  N= 1000  trial 41/50  ARI=+0.216  authors=['abramdemski', 'kaj_sotala', 'neel-nanda-1', 'steve2152', 'zvi']
  N= 1000  trial 42/50  ARI=+0.348  authors=['abramdemski', 'kaj_sotala', 'neel-nanda-1', 'steve2152', 'zvi']
  N= 1000  trial 43/50  ARI=+0.287  authors=['abramdemski', 'kaj_sotala', 'neel-nanda-1', 'steve2152', 'zvi']
  N= 1000  trial 44/50  ARI=+0.318  authors=['abramdemski', 'kaj_sotala', 'neel-nanda-1', 'steve2152', 'zvi']
  N= 1000  trial 45/50  ARI=+0.349  authors=['abramdemski', 'kaj_sotala', 'neel-nanda-1', 'steve2152', 'zvi']
  N= 1000  trial 46/50  ARI=+0.374  authors=['abramdemski', 'kaj_sotala', 'neel-nanda-1', 'steve2152', 'zvi']
  N= 1000  trial 47/50  ARI=+0.422  authors=['abramdemski', 'kaj_sotala', 'neel-nanda-1', 'steve2152', 'zvi']
  N= 1000  trial 48/50  ARI=+0.367  authors=['abramdemski', 'kaj_sotala', 'neel-nanda-1', 'steve2152', 'zvi']
  N= 1000  trial 49/50  ARI=+0.204  authors=['abramdemski', 'kaj_sotala', 'neel-nanda-1', 'steve2152', 'zvi']
  N= 1000  trial 50/50  ARI=+0.305  authors=['abramdemski', 'kaj_sotala', 'neel-nanda-1', 'steve2152', 'zvi']
  feature cache hit -> src\kmeans\cache\cleaned_5\230cf074b0548ddb.npz
  N= 1500  trial  1/50  ARI=+0.417  authors=['abramdemski', 'kaj_sotala', 'neel-nanda-1', 'steve2152', 'zvi']
  N= 1500  trial  2/50  ARI=+0.528  authors=['abramdemski', 'kaj_sotala', 'neel-nanda-1', 'steve2152', 'zvi']
  N= 1500  trial  3/50  ARI=+0.446  authors=['abramdemski', 'kaj_sotala', 'neel-nanda-1', 'steve2152', 'zvi']
  N= 1500  trial  4/50  ARI=+0.432  authors=['abramdemski', 'kaj_sotala', 'neel-nanda-1', 'steve2152', 'zvi']
  N= 1500  trial  5/50  ARI=+0.511  authors=['abramdemski', 'kaj_sotala', 'neel-nanda-1', 'steve2152', 'zvi']
  N= 1500  trial  6/50  ARI=+0.342  authors=['abramdemski', 'kaj_sotala', 'neel-nanda-1', 'steve2152', 'zvi']
  N= 1500  trial  7/50  ARI=+0.375  authors=['abramdemski', 'kaj_sotala', 'neel-nanda-1', 'steve2152', 'zvi']
  N= 1500  trial  8/50  ARI=+0.540  authors=['abramdemski', 'kaj_sotala', 'neel-nanda-1', 'steve2152', 'zvi']
  N= 1500  trial  9/50  ARI=+0.635  authors=['abramdemski', 'kaj_sotala', 'neel-nanda-1', 'steve2152', 'zvi']
  N= 1500  trial 10/50  ARI=+0.497  authors=['abramdemski', 'kaj_sotala', 'neel-nanda-1', 'steve2152', 'zvi']
  N= 1500  trial 11/50  ARI=+0.523  authors=['abramdemski', 'kaj_sotala', 'neel-nanda-1', 'steve2152', 'zvi']
  N= 1500  trial 12/50  ARI=+0.474  authors=['abramdemski', 'kaj_sotala', 'neel-nanda-1', 'steve2152', 'zvi']
  N= 1500  trial 13/50  ARI=+0.492  authors=['abramdemski', 'kaj_sotala', 'neel-nanda-1', 'steve2152', 'zvi']
  N= 1500  trial 14/50  ARI=+0.363  authors=['abramdemski', 'kaj_sotala', 'neel-nanda-1', 'steve2152', 'zvi']
  N= 1500  trial 15/50  ARI=+0.298  authors=['abramdemski', 'kaj_sotala', 'neel-nanda-1', 'steve2152', 'zvi']
  N= 1500  trial 16/50  ARI=+0.450  authors=['abramdemski', 'kaj_sotala', 'neel-nanda-1', 'steve2152', 'zvi']
  N= 1500  trial 17/50  ARI=+0.443  authors=['abramdemski', 'kaj_sotala', 'neel-nanda-1', 'steve2152', 'zvi']
  N= 1500  trial 18/50  ARI=+0.492  authors=['abramdemski', 'kaj_sotala', 'neel-nanda-1', 'steve2152', 'zvi']
  N= 1500  trial 19/50  ARI=+0.362  authors=['abramdemski', 'kaj_sotala', 'neel-nanda-1', 'steve2152', 'zvi']
  N= 1500  trial 20/50  ARI=+0.487  authors=['abramdemski', 'kaj_sotala', 'neel-nanda-1', 'steve2152', 'zvi']
  N= 1500  trial 21/50  ARI=+0.322  authors=['abramdemski', 'kaj_sotala', 'neel-nanda-1', 'steve2152', 'zvi']
  N= 1500  trial 22/50  ARI=+0.549  authors=['abramdemski', 'kaj_sotala', 'neel-nanda-1', 'steve2152', 'zvi']
  N= 1500  trial 23/50  ARI=+0.331  authors=['abramdemski', 'kaj_sotala', 'neel-nanda-1', 'steve2152', 'zvi']
  N= 1500  trial 24/50  ARI=+0.470  authors=['abramdemski', 'kaj_sotala', 'neel-nanda-1', 'steve2152', 'zvi']
  N= 1500  trial 25/50  ARI=+0.544  authors=['abramdemski', 'kaj_sotala', 'neel-nanda-1', 'steve2152', 'zvi']
  N= 1500  trial 26/50  ARI=+0.392  authors=['abramdemski', 'kaj_sotala', 'neel-nanda-1', 'steve2152', 'zvi']
  N= 1500  trial 27/50  ARI=+0.557  authors=['abramdemski', 'kaj_sotala', 'neel-nanda-1', 'steve2152', 'zvi']
  N= 1500  trial 28/50  ARI=+0.613  authors=['abramdemski', 'kaj_sotala', 'neel-nanda-1', 'steve2152', 'zvi']
  N= 1500  trial 29/50  ARI=+0.475  authors=['abramdemski', 'kaj_sotala', 'neel-nanda-1', 'steve2152', 'zvi']
  N= 1500  trial 30/50  ARI=+0.455  authors=['abramdemski', 'kaj_sotala', 'neel-nanda-1', 'steve2152', 'zvi']
  N= 1500  trial 31/50  ARI=+0.494  authors=['abramdemski', 'kaj_sotala', 'neel-nanda-1', 'steve2152', 'zvi']
  N= 1500  trial 32/50  ARI=+0.361  authors=['abramdemski', 'kaj_sotala', 'neel-nanda-1', 'steve2152', 'zvi']
  N= 1500  trial 33/50  ARI=+0.322  authors=['abramdemski', 'kaj_sotala', 'neel-nanda-1', 'steve2152', 'zvi']
  N= 1500  trial 34/50  ARI=+0.403  authors=['abramdemski', 'kaj_sotala', 'neel-nanda-1', 'steve2152', 'zvi']
  N= 1500  trial 35/50  ARI=+0.560  authors=['abramdemski', 'kaj_sotala', 'neel-nanda-1', 'steve2152', 'zvi']
  N= 1500  trial 36/50  ARI=+0.408  authors=['abramdemski', 'kaj_sotala', 'neel-nanda-1', 'steve2152', 'zvi']
  N= 1500  trial 37/50  ARI=+0.546  authors=['abramdemski', 'kaj_sotala', 'neel-nanda-1', 'steve2152', 'zvi']
  N= 1500  trial 38/50  ARI=+0.409  authors=['abramdemski', 'kaj_sotala', 'neel-nanda-1', 'steve2152', 'zvi']
  N= 1500  trial 39/50  ARI=+0.427  authors=['abramdemski', 'kaj_sotala', 'neel-nanda-1', 'steve2152', 'zvi']
  N= 1500  trial 40/50  ARI=+0.182  authors=['abramdemski', 'kaj_sotala', 'neel-nanda-1', 'steve2152', 'zvi']
  N= 1500  trial 41/50  ARI=+0.433  authors=['abramdemski', 'kaj_sotala', 'neel-nanda-1', 'steve2152', 'zvi']
  N= 1500  trial 42/50  ARI=+0.527  authors=['abramdemski', 'kaj_sotala', 'neel-nanda-1', 'steve2152', 'zvi']
  N= 1500  trial 43/50  ARI=+0.418  authors=['abramdemski', 'kaj_sotala', 'neel-nanda-1', 'steve2152', 'zvi']
  N= 1500  trial 44/50  ARI=+0.246  authors=['abramdemski', 'kaj_sotala', 'neel-nanda-1', 'steve2152', 'zvi']
  N= 1500  trial 45/50  ARI=+0.576  authors=['abramdemski', 'kaj_sotala', 'neel-nanda-1', 'steve2152', 'zvi']
  N= 1500  trial 46/50  ARI=+0.514  authors=['abramdemski', 'kaj_sotala', 'neel-nanda-1', 'steve2152', 'zvi']
  N= 1500  trial 47/50  ARI=+0.331  authors=['abramdemski', 'kaj_sotala', 'neel-nanda-1', 'steve2152', 'zvi']
  N= 1500  trial 48/50  ARI=+0.490  authors=['abramdemski', 'kaj_sotala', 'neel-nanda-1', 'steve2152', 'zvi']
  N= 1500  trial 49/50  ARI=+0.318  authors=['abramdemski', 'kaj_sotala', 'neel-nanda-1', 'steve2152', 'zvi']
  N= 1500  trial 50/50  ARI=+0.362  authors=['abramdemski', 'kaj_sotala', 'neel-nanda-1', 'steve2152', 'zvi']
  feature cache hit -> src\kmeans\cache\cleaned_5\248765cc8853752f.npz
  N= 2000  trial  1/50  ARI=+0.574  authors=['abramdemski', 'kaj_sotala', 'neel-nanda-1', 'steve2152', 'zvi']
  N= 2000  trial  2/50  ARI=+0.407  authors=['abramdemski', 'kaj_sotala', 'neel-nanda-1', 'steve2152', 'zvi']
  N= 2000  trial  3/50  ARI=+0.423  authors=['abramdemski', 'kaj_sotala', 'neel-nanda-1', 'steve2152', 'zvi']
  N= 2000  trial  4/50  ARI=+0.446  authors=['abramdemski', 'kaj_sotala', 'neel-nanda-1', 'steve2152', 'zvi']
  N= 2000  trial  5/50  ARI=+0.301  authors=['abramdemski', 'kaj_sotala', 'neel-nanda-1', 'steve2152', 'zvi']
  N= 2000  trial  6/50  ARI=+0.451  authors=['abramdemski', 'kaj_sotala', 'neel-nanda-1', 'steve2152', 'zvi']
  N= 2000  trial  7/50  ARI=+0.514  authors=['abramdemski', 'kaj_sotala', 'neel-nanda-1', 'steve2152', 'zvi']
  N= 2000  trial  8/50  ARI=+0.461  authors=['abramdemski', 'kaj_sotala', 'neel-nanda-1', 'steve2152', 'zvi']
  N= 2000  trial  9/50  ARI=+0.445  authors=['abramdemski', 'kaj_sotala', 'neel-nanda-1', 'steve2152', 'zvi']
  N= 2000  trial 10/50  ARI=+0.454  authors=['abramdemski', 'kaj_sotala', 'neel-nanda-1', 'steve2152', 'zvi']
  N= 2000  trial 11/50  ARI=+0.375  authors=['abramdemski', 'kaj_sotala', 'neel-nanda-1', 'steve2152', 'zvi']
  N= 2000  trial 12/50  ARI=+0.620  authors=['abramdemski', 'kaj_sotala', 'neel-nanda-1', 'steve2152', 'zvi']
  N= 2000  trial 13/50  ARI=+0.447  authors=['abramdemski', 'kaj_sotala', 'neel-nanda-1', 'steve2152', 'zvi']
  N= 2000  trial 14/50  ARI=+0.556  authors=['abramdemski', 'kaj_sotala', 'neel-nanda-1', 'steve2152', 'zvi']
  N= 2000  trial 15/50  ARI=+0.491  authors=['abramdemski', 'kaj_sotala', 'neel-nanda-1', 'steve2152', 'zvi']
  N= 2000  trial 16/50  ARI=+0.586  authors=['abramdemski', 'kaj_sotala', 'neel-nanda-1', 'steve2152', 'zvi']
  N= 2000  trial 17/50  ARI=+0.538  authors=['abramdemski', 'kaj_sotala', 'neel-nanda-1', 'steve2152', 'zvi']
  N= 2000  trial 18/50  ARI=+0.352  authors=['abramdemski', 'kaj_sotala', 'neel-nanda-1', 'steve2152', 'zvi']
  N= 2000  trial 19/50  ARI=+0.350  authors=['abramdemski', 'kaj_sotala', 'neel-nanda-1', 'steve2152', 'zvi']
  N= 2000  trial 20/50  ARI=+0.452  authors=['abramdemski', 'kaj_sotala', 'neel-nanda-1', 'steve2152', 'zvi']
  N= 2000  trial 21/50  ARI=+0.560  authors=['abramdemski', 'kaj_sotala', 'neel-nanda-1', 'steve2152', 'zvi']
  N= 2000  trial 22/50  ARI=+0.454  authors=['abramdemski', 'kaj_sotala', 'neel-nanda-1', 'steve2152', 'zvi']
  N= 2000  trial 23/50  ARI=+0.507  authors=['abramdemski', 'kaj_sotala', 'neel-nanda-1', 'steve2152', 'zvi']
  N= 2000  trial 24/50  ARI=+0.395  authors=['abramdemski', 'kaj_sotala', 'neel-nanda-1', 'steve2152', 'zvi']
  N= 2000  trial 25/50  ARI=+0.393  authors=['abramdemski', 'kaj_sotala', 'neel-nanda-1', 'steve2152', 'zvi']
  N= 2000  trial 26/50  ARI=+0.440  authors=['abramdemski', 'kaj_sotala', 'neel-nanda-1', 'steve2152', 'zvi']
  N= 2000  trial 27/50  ARI=+0.557  authors=['abramdemski', 'kaj_sotala', 'neel-nanda-1', 'steve2152', 'zvi']
  N= 2000  trial 28/50  ARI=+0.478  authors=['abramdemski', 'kaj_sotala', 'neel-nanda-1', 'steve2152', 'zvi']
  N= 2000  trial 29/50  ARI=+0.224  authors=['abramdemski', 'kaj_sotala', 'neel-nanda-1', 'steve2152', 'zvi']
  N= 2000  trial 30/50  ARI=+0.459  authors=['abramdemski', 'kaj_sotala', 'neel-nanda-1', 'steve2152', 'zvi']
  N= 2000  trial 31/50  ARI=+0.467  authors=['abramdemski', 'kaj_sotala', 'neel-nanda-1', 'steve2152', 'zvi']
  N= 2000  trial 32/50  ARI=+0.393  authors=['abramdemski', 'kaj_sotala', 'neel-nanda-1', 'steve2152', 'zvi']
  N= 2000  trial 33/50  ARI=+0.517  authors=['abramdemski', 'kaj_sotala', 'neel-nanda-1', 'steve2152', 'zvi']
  N= 2000  trial 34/50  ARI=+0.404  authors=['abramdemski', 'kaj_sotala', 'neel-nanda-1', 'steve2152', 'zvi']
  N= 2000  trial 35/50  ARI=+0.533  authors=['abramdemski', 'kaj_sotala', 'neel-nanda-1', 'steve2152', 'zvi']
  N= 2000  trial 36/50  ARI=+0.479  authors=['abramdemski', 'kaj_sotala', 'neel-nanda-1', 'steve2152', 'zvi']
  N= 2000  trial 37/50  ARI=+0.454  authors=['abramdemski', 'kaj_sotala', 'neel-nanda-1', 'steve2152', 'zvi']
  N= 2000  trial 38/50  ARI=+0.564  authors=['abramdemski', 'kaj_sotala', 'neel-nanda-1', 'steve2152', 'zvi']
  N= 2000  trial 39/50  ARI=+0.355  authors=['abramdemski', 'kaj_sotala', 'neel-nanda-1', 'steve2152', 'zvi']
  N= 2000  trial 40/50  ARI=+0.180  authors=['abramdemski', 'kaj_sotala', 'neel-nanda-1', 'steve2152', 'zvi']
  N= 2000  trial 41/50  ARI=+0.439  authors=['abramdemski', 'kaj_sotala', 'neel-nanda-1', 'steve2152', 'zvi']
  N= 2000  trial 42/50  ARI=+0.476  authors=['abramdemski', 'kaj_sotala', 'neel-nanda-1', 'steve2152', 'zvi']
  N= 2000  trial 43/50  ARI=+0.382  authors=['abramdemski', 'kaj_sotala', 'neel-nanda-1', 'steve2152', 'zvi']
  N= 2000  trial 44/50  ARI=+0.537  authors=['abramdemski', 'kaj_sotala', 'neel-nanda-1', 'steve2152', 'zvi']
  N= 2000  trial 45/50  ARI=+0.260  authors=['abramdemski', 'kaj_sotala', 'neel-nanda-1', 'steve2152', 'zvi']
  N= 2000  trial 46/50  ARI=+0.486  authors=['abramdemski', 'kaj_sotala', 'neel-nanda-1', 'steve2152', 'zvi']
  N= 2000  trial 47/50  ARI=+0.457  authors=['abramdemski', 'kaj_sotala', 'neel-nanda-1', 'steve2152', 'zvi']
  N= 2000  trial 48/50  ARI=+0.615  authors=['abramdemski', 'kaj_sotala', 'neel-nanda-1', 'steve2152', 'zvi']
  N= 2000  trial 49/50  ARI=+0.459  authors=['abramdemski', 'kaj_sotala', 'neel-nanda-1', 'steve2152', 'zvi']
  N= 2000  trial 50/50  ARI=+0.456  authors=['abramdemski', 'kaj_sotala', 'neel-nanda-1', 'steve2152', 'zvi']
  feature cache hit -> src\kmeans\cache\cleaned_5\cc8afb714a3bb79a.npz
  N= 2500  trial  1/50  ARI=+0.556  authors=['abramdemski', 'kaj_sotala', 'neel-nanda-1', 'steve2152', 'zvi']
  N= 2500  trial  2/50  ARI=+0.496  authors=['abramdemski', 'kaj_sotala', 'neel-nanda-1', 'steve2152', 'zvi']
  N= 2500  trial  3/50  ARI=+0.392  authors=['abramdemski', 'kaj_sotala', 'neel-nanda-1', 'steve2152', 'zvi']
  N= 2500  trial  4/50  ARI=+0.475  authors=['abramdemski', 'kaj_sotala', 'neel-nanda-1', 'steve2152', 'zvi']
  N= 2500  trial  5/50  ARI=+0.235  authors=['abramdemski', 'kaj_sotala', 'neel-nanda-1', 'steve2152', 'zvi']
  N= 2500  trial  6/50  ARI=+0.390  authors=['abramdemski', 'kaj_sotala', 'neel-nanda-1', 'steve2152', 'zvi']
  N= 2500  trial  7/50  ARI=+0.462  authors=['abramdemski', 'kaj_sotala', 'neel-nanda-1', 'steve2152', 'zvi']
  N= 2500  trial  8/50  ARI=+0.469  authors=['abramdemski', 'kaj_sotala', 'neel-nanda-1', 'steve2152', 'zvi']
  N= 2500  trial  9/50  ARI=+0.429  authors=['abramdemski', 'kaj_sotala', 'neel-nanda-1', 'steve2152', 'zvi']
  N= 2500  trial 10/50  ARI=+0.453  authors=['abramdemski', 'kaj_sotala', 'neel-nanda-1', 'steve2152', 'zvi']
  N= 2500  trial 11/50  ARI=+0.477  authors=['abramdemski', 'kaj_sotala', 'neel-nanda-1', 'steve2152', 'zvi']
  N= 2500  trial 12/50  ARI=+0.490  authors=['abramdemski', 'kaj_sotala', 'neel-nanda-1', 'steve2152', 'zvi']
  N= 2500  trial 13/50  ARI=+0.462  authors=['abramdemski', 'kaj_sotala', 'neel-nanda-1', 'steve2152', 'zvi']
  N= 2500  trial 14/50  ARI=+0.384  authors=['abramdemski', 'kaj_sotala', 'neel-nanda-1', 'steve2152', 'zvi']
  N= 2500  trial 15/50  ARI=+0.532  authors=['abramdemski', 'kaj_sotala', 'neel-nanda-1', 'steve2152', 'zvi']
  N= 2500  trial 16/50  ARI=+0.363  authors=['abramdemski', 'kaj_sotala', 'neel-nanda-1', 'steve2152', 'zvi']
  N= 2500  trial 17/50  ARI=+0.456  authors=['abramdemski', 'kaj_sotala', 'neel-nanda-1', 'steve2152', 'zvi']
  N= 2500  trial 18/50  ARI=+0.356  authors=['abramdemski', 'kaj_sotala', 'neel-nanda-1', 'steve2152', 'zvi']
  N= 2500  trial 19/50  ARI=+0.573  authors=['abramdemski', 'kaj_sotala', 'neel-nanda-1', 'steve2152', 'zvi']
  N= 2500  trial 20/50  ARI=+0.479  authors=['abramdemski', 'kaj_sotala', 'neel-nanda-1', 'steve2152', 'zvi']
  N= 2500  trial 21/50  ARI=+0.370  authors=['abramdemski', 'kaj_sotala', 'neel-nanda-1', 'steve2152', 'zvi']
  N= 2500  trial 22/50  ARI=+0.506  authors=['abramdemski', 'kaj_sotala', 'neel-nanda-1', 'steve2152', 'zvi']
  N= 2500  trial 23/50  ARI=+0.504  authors=['abramdemski', 'kaj_sotala', 'neel-nanda-1', 'steve2152', 'zvi']
  N= 2500  trial 24/50  ARI=+0.467  authors=['abramdemski', 'kaj_sotala', 'neel-nanda-1', 'steve2152', 'zvi']
  N= 2500  trial 25/50  ARI=+0.525  authors=['abramdemski', 'kaj_sotala', 'neel-nanda-1', 'steve2152', 'zvi']
  N= 2500  trial 26/50  ARI=+0.520  authors=['abramdemski', 'kaj_sotala', 'neel-nanda-1', 'steve2152', 'zvi']
  N= 2500  trial 27/50  ARI=+0.479  authors=['abramdemski', 'kaj_sotala', 'neel-nanda-1', 'steve2152', 'zvi']
  N= 2500  trial 28/50  ARI=+0.357  authors=['abramdemski', 'kaj_sotala', 'neel-nanda-1', 'steve2152', 'zvi']
  N= 2500  trial 29/50  ARI=+0.422  authors=['abramdemski', 'kaj_sotala', 'neel-nanda-1', 'steve2152', 'zvi']
  N= 2500  trial 30/50  ARI=+0.529  authors=['abramdemski', 'kaj_sotala', 'neel-nanda-1', 'steve2152', 'zvi']
  N= 2500  trial 31/50  ARI=+0.345  authors=['abramdemski', 'kaj_sotala', 'neel-nanda-1', 'steve2152', 'zvi']
  N= 2500  trial 32/50  ARI=+0.536  authors=['abramdemski', 'kaj_sotala', 'neel-nanda-1', 'steve2152', 'zvi']
  N= 2500  trial 33/50  ARI=+0.401  authors=['abramdemski', 'kaj_sotala', 'neel-nanda-1', 'steve2152', 'zvi']
  N= 2500  trial 34/50  ARI=+0.554  authors=['abramdemski', 'kaj_sotala', 'neel-nanda-1', 'steve2152', 'zvi']
  N= 2500  trial 35/50  ARI=+0.457  authors=['abramdemski', 'kaj_sotala', 'neel-nanda-1', 'steve2152', 'zvi']
  N= 2500  trial 36/50  ARI=+0.501  authors=['abramdemski', 'kaj_sotala', 'neel-nanda-1', 'steve2152', 'zvi']
  N= 2500  trial 37/50  ARI=+0.480  authors=['abramdemski', 'kaj_sotala', 'neel-nanda-1', 'steve2152', 'zvi']
  N= 2500  trial 38/50  ARI=+0.463  authors=['abramdemski', 'kaj_sotala', 'neel-nanda-1', 'steve2152', 'zvi']
  N= 2500  trial 39/50  ARI=+0.509  authors=['abramdemski', 'kaj_sotala', 'neel-nanda-1', 'steve2152', 'zvi']
  N= 2500  trial 40/50  ARI=+0.491  authors=['abramdemski', 'kaj_sotala', 'neel-nanda-1', 'steve2152', 'zvi']
  N= 2500  trial 41/50  ARI=+0.628  authors=['abramdemski', 'kaj_sotala', 'neel-nanda-1', 'steve2152', 'zvi']
  N= 2500  trial 42/50  ARI=+0.402  authors=['abramdemski', 'kaj_sotala', 'neel-nanda-1', 'steve2152', 'zvi']
  N= 2500  trial 43/50  ARI=+0.388  authors=['abramdemski', 'kaj_sotala', 'neel-nanda-1', 'steve2152', 'zvi']
  N= 2500  trial 44/50  ARI=+0.556  authors=['abramdemski', 'kaj_sotala', 'neel-nanda-1', 'steve2152', 'zvi']
  N= 2500  trial 45/50  ARI=+0.425  authors=['abramdemski', 'kaj_sotala', 'neel-nanda-1', 'steve2152', 'zvi']
  N= 2500  trial 46/50  ARI=+0.373  authors=['abramdemski', 'kaj_sotala', 'neel-nanda-1', 'steve2152', 'zvi']
  N= 2500  trial 47/50  ARI=+0.372  authors=['abramdemski', 'kaj_sotala', 'neel-nanda-1', 'steve2152', 'zvi']
  N= 2500  trial 48/50  ARI=+0.439  authors=['abramdemski', 'kaj_sotala', 'neel-nanda-1', 'steve2152', 'zvi']
  N= 2500  trial 49/50  ARI=+0.415  authors=['abramdemski', 'kaj_sotala', 'neel-nanda-1', 'steve2152', 'zvi']
  N= 2500  trial 50/50  ARI=+0.562  authors=['abramdemski', 'kaj_sotala', 'neel-nanda-1', 'steve2152', 'zvi']
  feature cache hit -> src\kmeans\cache\cleaned_5\bd37d277e8ed7e13.npz
  N= 3000  trial  1/50  ARI=+0.360  authors=['abramdemski', 'kaj_sotala', 'neel-nanda-1', 'steve2152', 'zvi']
  N= 3000  trial  2/50  ARI=+0.510  authors=['abramdemski', 'kaj_sotala', 'neel-nanda-1', 'steve2152', 'zvi']
  N= 3000  trial  3/50  ARI=+0.452  authors=['abramdemski', 'kaj_sotala', 'neel-nanda-1', 'steve2152', 'zvi']
  N= 3000  trial  4/50  ARI=+0.528  authors=['abramdemski', 'kaj_sotala', 'neel-nanda-1', 'steve2152', 'zvi']
  N= 3000  trial  5/50  ARI=+0.425  authors=['abramdemski', 'kaj_sotala', 'neel-nanda-1', 'steve2152', 'zvi']
  N= 3000  trial  6/50  ARI=+0.559  authors=['abramdemski', 'kaj_sotala', 'neel-nanda-1', 'steve2152', 'zvi']
  N= 3000  trial  7/50  ARI=+0.485  authors=['abramdemski', 'kaj_sotala', 'neel-nanda-1', 'steve2152', 'zvi']
  N= 3000  trial  8/50  ARI=+0.383  authors=['abramdemski', 'kaj_sotala', 'neel-nanda-1', 'steve2152', 'zvi']
  N= 3000  trial  9/50  ARI=+0.359  authors=['abramdemski', 'kaj_sotala', 'neel-nanda-1', 'steve2152', 'zvi']
  N= 3000  trial 10/50  ARI=+0.332  authors=['abramdemski', 'kaj_sotala', 'neel-nanda-1', 'steve2152', 'zvi']
  N= 3000  trial 11/50  ARI=+0.511  authors=['abramdemski', 'kaj_sotala', 'neel-nanda-1', 'steve2152', 'zvi']
  N= 3000  trial 12/50  ARI=+0.576  authors=['abramdemski', 'kaj_sotala', 'neel-nanda-1', 'steve2152', 'zvi']
  N= 3000  trial 13/50  ARI=+0.307  authors=['abramdemski', 'kaj_sotala', 'neel-nanda-1', 'steve2152', 'zvi']
  N= 3000  trial 14/50  ARI=+0.185  authors=['abramdemski', 'kaj_sotala', 'neel-nanda-1', 'steve2152', 'zvi']
  N= 3000  trial 15/50  ARI=+0.422  authors=['abramdemski', 'kaj_sotala', 'neel-nanda-1', 'steve2152', 'zvi']
  N= 3000  trial 16/50  ARI=+0.396  authors=['abramdemski', 'kaj_sotala', 'neel-nanda-1', 'steve2152', 'zvi']
  N= 3000  trial 17/50  ARI=+0.481  authors=['abramdemski', 'kaj_sotala', 'neel-nanda-1', 'steve2152', 'zvi']
  N= 3000  trial 18/50  ARI=+0.670  authors=['abramdemski', 'kaj_sotala', 'neel-nanda-1', 'steve2152', 'zvi']
  N= 3000  trial 19/50  ARI=+0.551  authors=['abramdemski', 'kaj_sotala', 'neel-nanda-1', 'steve2152', 'zvi']
  N= 3000  trial 20/50  ARI=+0.556  authors=['abramdemski', 'kaj_sotala', 'neel-nanda-1', 'steve2152', 'zvi']
  N= 3000  trial 21/50  ARI=+0.545  authors=['abramdemski', 'kaj_sotala', 'neel-nanda-1', 'steve2152', 'zvi']
  N= 3000  trial 22/50  ARI=+0.269  authors=['abramdemski', 'kaj_sotala', 'neel-nanda-1', 'steve2152', 'zvi']
  N= 3000  trial 23/50  ARI=+0.390  authors=['abramdemski', 'kaj_sotala', 'neel-nanda-1', 'steve2152', 'zvi']
  N= 3000  trial 24/50  ARI=+0.699  authors=['abramdemski', 'kaj_sotala', 'neel-nanda-1', 'steve2152', 'zvi']
  N= 3000  trial 25/50  ARI=+0.423  authors=['abramdemski', 'kaj_sotala', 'neel-nanda-1', 'steve2152', 'zvi']
  N= 3000  trial 26/50  ARI=+0.386  authors=['abramdemski', 'kaj_sotala', 'neel-nanda-1', 'steve2152', 'zvi']
  N= 3000  trial 27/50  ARI=+0.524  authors=['abramdemski', 'kaj_sotala', 'neel-nanda-1', 'steve2152', 'zvi']
  N= 3000  trial 28/50  ARI=+0.583  authors=['abramdemski', 'kaj_sotala', 'neel-nanda-1', 'steve2152', 'zvi']
  N= 3000  trial 29/50  ARI=+0.611  authors=['abramdemski', 'kaj_sotala', 'neel-nanda-1', 'steve2152', 'zvi']
  N= 3000  trial 30/50  ARI=+0.546  authors=['abramdemski', 'kaj_sotala', 'neel-nanda-1', 'steve2152', 'zvi']
  N= 3000  trial 31/50  ARI=+0.465  authors=['abramdemski', 'kaj_sotala', 'neel-nanda-1', 'steve2152', 'zvi']
  N= 3000  trial 32/50  ARI=+0.571  authors=['abramdemski', 'kaj_sotala', 'neel-nanda-1', 'steve2152', 'zvi']
  N= 3000  trial 33/50  ARI=+0.370  authors=['abramdemski', 'kaj_sotala', 'neel-nanda-1', 'steve2152', 'zvi']
  N= 3000  trial 34/50  ARI=+0.380  authors=['abramdemski', 'kaj_sotala', 'neel-nanda-1', 'steve2152', 'zvi']
  N= 3000  trial 35/50  ARI=+0.443  authors=['abramdemski', 'kaj_sotala', 'neel-nanda-1', 'steve2152', 'zvi']
  N= 3000  trial 36/50  ARI=+0.442  authors=['abramdemski', 'kaj_sotala', 'neel-nanda-1', 'steve2152', 'zvi']
  N= 3000  trial 37/50  ARI=+0.331  authors=['abramdemski', 'kaj_sotala', 'neel-nanda-1', 'steve2152', 'zvi']
  N= 3000  trial 38/50  ARI=+0.344  authors=['abramdemski', 'kaj_sotala', 'neel-nanda-1', 'steve2152', 'zvi']
  N= 3000  trial 39/50  ARI=+0.566  authors=['abramdemski', 'kaj_sotala', 'neel-nanda-1', 'steve2152', 'zvi']
  N= 3000  trial 40/50  ARI=+0.418  authors=['abramdemski', 'kaj_sotala', 'neel-nanda-1', 'steve2152', 'zvi']
  N= 3000  trial 41/50  ARI=+0.241  authors=['abramdemski', 'kaj_sotala', 'neel-nanda-1', 'steve2152', 'zvi']
  N= 3000  trial 42/50  ARI=+0.590  authors=['abramdemski', 'kaj_sotala', 'neel-nanda-1', 'steve2152', 'zvi']
  N= 3000  trial 43/50  ARI=+0.367  authors=['abramdemski', 'kaj_sotala', 'neel-nanda-1', 'steve2152', 'zvi']
  N= 3000  trial 44/50  ARI=+0.529  authors=['abramdemski', 'kaj_sotala', 'neel-nanda-1', 'steve2152', 'zvi']
  N= 3000  trial 45/50  ARI=+0.544  authors=['abramdemski', 'kaj_sotala', 'neel-nanda-1', 'steve2152', 'zvi']
  N= 3000  trial 46/50  ARI=+0.457  authors=['abramdemski', 'kaj_sotala', 'neel-nanda-1', 'steve2152', 'zvi']
  N= 3000  trial 47/50  ARI=+0.402  authors=['abramdemski', 'kaj_sotala', 'neel-nanda-1', 'steve2152', 'zvi']
  N= 3000  trial 48/50  ARI=+0.492  authors=['abramdemski', 'kaj_sotala', 'neel-nanda-1', 'steve2152', 'zvi']
  N= 3000  trial 49/50  ARI=+0.525  authors=['abramdemski', 'kaj_sotala', 'neel-nanda-1', 'steve2152', 'zvi']
  N= 3000  trial 50/50  ARI=+0.487  authors=['abramdemski', 'kaj_sotala', 'neel-nanda-1', 'steve2152', 'zvi']

── ARI vs N summary (cleaned_5) ──
      N    n    mean     std     min     max
    100   50  +0.069   0.049  -0.008  +0.237
    200   50  +0.113   0.057  +0.009  +0.248
    500   50  +0.192   0.090  +0.033  +0.351
   1000   50  +0.337   0.097  +0.106  +0.596
   1500   50  +0.443   0.095  +0.182  +0.635
   2000   50  +0.453   0.091  +0.180  +0.620
   2500   50  +0.458   0.073  +0.235  +0.628
   3000   50  +0.460   0.107  +0.185  +0.699

Saved -> src\kmeans\outputs\effect_of_n\ari_vs_n_5authors.png

============================================================
Feature stability vs window size  (author: zvi)
============================================================
  62 articles for zvi
  concatenated text: 465,885 whitespace-separated tokens

Sampling 20 windows per N, computing features …
  N=  100  fw_you: 0.0123 ± 0.0151  word_len_1_frac: 0.0300 ± 0.0135
  N=  200  fw_you: 0.0161 ± 0.0154  word_len_1_frac: 0.0380 ± 0.0250
  N=  500  fw_you: 0.0125 ± 0.0093  word_len_1_frac: 0.0306 ± 0.0061
  N= 1000  fw_you: 0.0135 ± 0.0100  word_len_1_frac: 0.0329 ± 0.0074
  N= 1500  fw_you: 0.0080 ± 0.0041  word_len_1_frac: 0.0339 ± 0.0099
  N= 2000  fw_you: 0.0103 ± 0.0056  word_len_1_frac: 0.0339 ± 0.0076
  N= 2500  fw_you: 0.0103 ± 0.0057  word_len_1_frac: 0.0323 ± 0.0043
  N= 3000  fw_you: 0.0122 ± 0.0059  word_len_1_frac: 0.0322 ± 0.0047

Saved -> src\kmeans\outputs\effect_of_n\feature_stability_zvi.png
